# JRE version: Java(TM) SE Runtime Environment (8.0_25-b18) (build 1.8.0_25-b18)
# Java VM: Java HotSpot(TM) 64-Bit Server VM (25.25-b02 mixed mode windows-amd64 compressed oops)
Heap:
 PSYoungGen      total 120832K, used 15432K [0x0000000715980000, 0x0000000745d80000, 0x00000007c0000000)
  eden space 117760K, 10% used [0x0000000715980000,0x00000007165ea240,0x000000071cc80000)
  from space 3072K, 88% used [0x0000000744b00000,0x0000000744da8010,0x0000000744e00000)
  to   space 9728K, 0% used [0x0000000745400000,0x0000000745400000,0x0000000745d80000)
 ParOldGen       total 349696K, used 11514K [0x00000005c0c00000, 0x00000005d6180000, 0x0000000715980000)
  object space 349696K, 3% used [0x00000005c0c00000,0x00000005c173e930,0x00000005d6180000)
 Metaspace       used 9413K, capacity 9687K, committed 9984K, reserved 1058816K
  class space    used 916K, capacity 984K, committed 1024K, reserved 1048576K
GC Heap History (10 events):
Event: 166.004 GC heap before
{Heap before GC invocations=51 (full 0):
 PSYoungGen      total 138240K, used 138093K [0x0000000715980000, 0x0000000747080000, 0x00000007c0000000)
  eden space 132096K, 100% used [0x0000000715980000,0x000000071da80000,0x000000071da80000)
  from space 6144K, 97% used [0x0000000746a80000,0x000000074705b760,0x0000000747080000)
  to   space 9728K, 0% used [0x0000000745d80000,0x0000000745d80000,0x0000000746700000)
 ParOldGen       total 349696K, used 9730K [0x00000005c0c00000, 0x00000005d6180000, 0x0000000715980000)
  object space 349696K, 2% used [0x00000005c0c00000,0x00000005c1580910,0x00000005d6180000)
 Metaspace       used 9413K, capacity 9687K, committed 9984K, reserved 1058816K
  class space    used 916K, capacity 984K, committed 1024K, reserved 1048576K
Event: 166.007 GC heap after
Heap after GC invocations=51 (full 0):
 PSYoungGen      total 137728K, used 8320K [0x0000000715980000, 0x0000000746b00000, 0x00000007c0000000)
  eden space 129024K, 0% used [0x0000000715980000,0x0000000715980000,0x000000071d780000)
  from space 8704K, 95% used [0x0000000745d80000,0x00000007465a0040,0x0000000746600000)
  to   space 5120K, 0% used [0x0000000746600000,0x0000000746600000,0x0000000746b00000)
 ParOldGen       total 349696K, used 9730K [0x00000005c0c00000, 0x00000005d6180000, 0x0000000715980000)
  object space 349696K, 2% used [0x00000005c0c00000,0x00000005c1580910,0x00000005d6180000)
 Metaspace       used 9413K, capacity 9687K, committed 9984K, reserved 1058816K
  class space    used 916K, capacity 984K, committed 1024K, reserved 1048576K
}
Event: 167.317 GC heap before
{Heap before GC invocations=52 (full 0):
 PSYoungGen      total 137728K, used 137196K [0x0000000715980000, 0x0000000746b00000, 0x00000007c0000000)
  eden space 129024K, 99% used [0x0000000715980000,0x000000071d75b1c8,0x000000071d780000)
  from space 8704K, 95% used [0x0000000745d80000,0x00000007465a0040,0x0000000746600000)
  to   space 5120K, 0% used [0x0000000746600000,0x0000000746600000,0x0000000746b00000)
 ParOldGen       total 349696K, used 9730K [0x00000005c0c00000, 0x00000005d6180000, 0x0000000715980000)
  object space 349696K, 2% used [0x00000005c0c00000,0x00000005c1580910,0x00000005d6180000)
 Metaspace       used 9413K, capacity 9687K, committed 9984K, reserved 1058816K
  class space    used 916K, capacity 984K, committed 1024K, reserved 1048576K
Event: 167.319 GC heap after
Heap after GC invocations=52 (full 0):
 PSYoungGen      total 130560K, used 4304K [0x0000000715980000, 0x0000000746a80000, 0x00000007c0000000)
  eden space 125952K, 0% used [0x0000000715980000,0x0000000715980000,0x000000071d480000)
  from space 4608K, 93% used [0x0000000746600000,0x0000000746a34020,0x0000000746a80000)
  to   space 10240K, 0% used [0x0000000745680000,0x0000000745680000,0x0000000746080000)
 ParOldGen       total 349696K, used 11466K [0x00000005c0c00000, 0x00000005d6180000, 0x0000000715980000)
  object space 349696K, 3% used [0x00000005c0c00000,0x00000005c1732920,0x00000005d6180000)
 Metaspace       used 9413K, capacity 9687K, committed 9984K, reserved 1058816K
  class space    used 916K, capacity 984K, committed 1024K, reserved 1048576K
}
Event: 169.203 GC heap before
{Heap before GC invocations=53 (full 0):
 PSYoungGen      total 130560K, used 130256K [0x0000000715980000, 0x0000000746a80000, 0x00000007c0000000)
  eden space 125952K, 100% used [0x0000000715980000,0x000000071d480000,0x000000071d480000)
  from space 4608K, 93% used [0x0000000746600000,0x0000000746a34020,0x0000000746a80000)
  to   space 10240K, 0% used [0x0000000745680000,0x0000000745680000,0x0000000746080000)
 ParOldGen       total 349696K, used 11466K [0x00000005c0c00000, 0x00000005d6180000, 0x0000000715980000)
  object space 349696K, 3% used [0x00000005c0c00000,0x00000005c1732920,0x00000005d6180000)
 Metaspace       used 9413K, capacity 9687K, committed 9984K, reserved 1058816K
  class space    used 916K, capacity 984K, committed 1024K, reserved 1048576K
Event: 169.207 GC heap after
Heap after GC invocations=53 (full 0):
 PSYoungGen      total 126464K, used 3200K [0x0000000715980000, 0x0000000746680000, 0x00000007c0000000)
  eden space 122880K, 0% used [0x0000000715980000,0x0000000715980000,0x000000071d180000)
  from space 3584K, 89% used [0x0000000745680000,0x00000007459a0010,0x0000000745a00000)
  to   space 9728K, 0% used [0x0000000745d00000,0x0000000745d00000,0x0000000746680000)
 ParOldGen       total 349696K, used 11474K [0x00000005c0c00000, 0x00000005d6180000, 0x0000000715980000)
  object space 349696K, 3% used [0x00000005c0c00000,0x00000005c1734920,0x00000005d6180000)
 Metaspace       used 9413K, capacity 9687K, committed 9984K, reserved 1058816K
  class space    used 916K, capacity 984K, committed 1024K, reserved 1048576K
}
Event: 170.650 GC heap before
{Heap before GC invocations=54 (full 0):
 PSYoungGen      total 126464K, used 126080K [0x0000000715980000, 0x0000000746680000, 0x00000007c0000000)
  eden space 122880K, 100% used [0x0000000715980000,0x000000071d180000,0x000000071d180000)
  from space 3584K, 89% used [0x0000000745680000,0x00000007459a0010,0x0000000745a00000)
  to   space 9728K, 0% used [0x0000000745d00000,0x0000000745d00000,0x0000000746680000)
 ParOldGen       total 349696K, used 11474K [0x00000005c0c00000, 0x00000005d6180000, 0x0000000715980000)
  object space 349696K, 3% used [0x00000005c0c00000,0x00000005c1734920,0x00000005d6180000)
 Metaspace       used 9413K, capacity 9687K, committed 9984K, reserved 1058816K
  class space    used 916K, capacity 984K, committed 1024K, reserved 1048576K
Event: 170.651 GC heap after
Heap after GC invocations=54 (full 0):
 PSYoungGen      total 121344K, used 864K [0x0000000715980000, 0x0000000745e00000, 0x00000007c0000000)
  eden space 120320K, 0% used [0x0000000715980000,0x0000000715980000,0x000000071cf00000)
  from space 1024K, 84% used [0x0000000745d00000,0x0000000745dd8010,0x0000000745e00000)
  to   space 9728K, 0% used [0x0000000744b00000,0x0000000744b00000,0x0000000745480000)
 ParOldGen       total 349696K, used 11474K [0x00000005c0c00000, 0x00000005d6180000, 0x0000000715980000)
  object space 349696K, 3% used [0x00000005c0c00000,0x00000005c1734920,0x00000005d6180000)
 Metaspace       used 9413K, capacity 9687K, committed 9984K, reserved 1058816K
  class space    used 916K, capacity 984K, committed 1024K, reserved 1048576K
}
Event: 172.383 GC heap before
{Heap before GC invocations=55 (full 0):
 PSYoungGen      total 121344K, used 121184K [0x0000000715980000, 0x0000000745e00000, 0x00000007c0000000)
  eden space 120320K, 100% used [0x0000000715980000,0x000000071cf00000,0x000000071cf00000)
  from space 1024K, 84% used [0x0000000745d00000,0x0000000745dd8010,0x0000000745e00000)
  to   space 9728K, 0% used [0x0000000744b00000,0x0000000744b00000,0x0000000745480000)
 ParOldGen       total 349696K, used 11474K [0x00000005c0c00000, 0x00000005d6180000, 0x0000000715980000)
  object space 349696K, 3% used [0x00000005c0c00000,0x00000005c1734920,0x00000005d6180000)
 Metaspace       used 9413K, capacity 9687K, committed 9984K, reserved 1058816K
  class space    used 916K, capacity 984K, committed 1024K, reserved 1048576K
Event: 172.386 GC heap after
Heap after GC invocations=55 (full 0):
 PSYoungGen      total 120832K, used 2720K [0x0000000715980000, 0x0000000745d80000, 0x00000007c0000000)
  eden space 117760K, 0% used [0x0000000715980000,0x0000000715980000,0x000000071cc80000)
  from space 3072K, 88% used [0x0000000744b00000,0x0000000744da8010,0x0000000744e00000)
  to   space 9728K, 0% used [0x0000000745400000,0x0000000745400000,0x0000000745d80000)
 ParOldGen       total 349696K, used 11514K [0x00000005c0c00000, 0x00000005d6180000, 0x0000000715980000)
  object space 349696K, 3% used [0x00000005c0c00000,0x00000005c173e930,0x00000005d6180000)
 Metaspace       used 9413K, capacity 9687K, committed 9984K, reserved 1058816K
  class space    used 916K, capacity 984K, committed 1024K, reserved 1048576K
}

