# JRE version: Java(TM) SE Runtime Environment (8.0_25-b18) (build 1.8.0_25-b18)
# Java VM: Java HotSpot(TM) 64-Bit Server VM (25.25-b02 mixed mode windows-amd64 compressed oops)
Heap:
 PSYoungGen      total 163840K, used 25442K [0x0000000715980000, 0x0000000722280000, 0x00000007c0000000)
  eden space 150528K, 8% used [0x0000000715980000,0x00000007165c1b10,0x000000071ec80000)
  from space 13312K, 96% used [0x000000071f080000,0x000000071fd16e28,0x000000071fd80000)
  to   space 27648K, 0% used [0x0000000720780000,0x0000000720780000,0x0000000722280000)
 ParOldGen       total 349696K, used 202100K [0x00000005c0c00000, 0x00000005d6180000, 0x0000000715980000)
  object space 349696K, 57% used [0x00000005c0c00000,0x00000005cd15d110,0x00000005d6180000)
 Metaspace       used 9744K, capacity 9991K, committed 10240K, reserved 1058816K
  class space    used 942K, capacity 1018K, committed 1024K, reserved 1048576K
GC Heap History (10 events):
Event: 203.933 GC heap before
{Heap before GC invocations=145 (full 0):
 PSYoungGen      total 196096K, used 194835K [0x0000000715980000, 0x0000000723680000, 0x00000007c0000000)
  eden space 172032K, 99% used [0x0000000715980000,0x00000007200479d8,0x0000000720180000)
  from space 24064K, 99% used [0x0000000721d80000,0x00000007234fd3a0,0x0000000723500000)
  to   space 27136K, 0% used [0x0000000720180000,0x0000000720180000,0x0000000721c00000)
 ParOldGen       total 349696K, used 193289K [0x00000005c0c00000, 0x00000005d6180000, 0x0000000715980000)
  object space 349696K, 55% used [0x00000005c0c00000,0x00000005cc8c2740,0x00000005d6180000)
 Metaspace       used 9744K, capacity 9991K, committed 10240K, reserved 1058816K
  class space    used 942K, capacity 1018K, committed 1024K, reserved 1048576K
Event: 203.945 GC heap after
Heap after GC invocations=145 (full 0):
 PSYoungGen      total 181248K, used 13459K [0x0000000715980000, 0x0000000723100000, 0x00000007c0000000)
  eden space 167424K, 0% used [0x0000000715980000,0x0000000715980000,0x000000071fd00000)
  from space 13824K, 97% used [0x0000000720180000,0x0000000720ea4e28,0x0000000720f00000)
  to   space 26624K, 0% used [0x0000000721700000,0x0000000721700000,0x0000000723100000)
 ParOldGen       total 349696K, used 201348K [0x00000005c0c00000, 0x00000005d6180000, 0x0000000715980000)
  object space 349696K, 57% used [0x00000005c0c00000,0x00000005cd0a1100,0x00000005d6180000)
 Metaspace       used 9744K, capacity 9991K, committed 10240K, reserved 1058816K
  class space    used 942K, capacity 1018K, committed 1024K, reserved 1048576K
}
Event: 205.140 GC heap before
{Heap before GC invocations=146 (full 0):
 PSYoungGen      total 181248K, used 180883K [0x0000000715980000, 0x0000000723100000, 0x00000007c0000000)
  eden space 167424K, 100% used [0x0000000715980000,0x000000071fd00000,0x000000071fd00000)
  from space 13824K, 97% used [0x0000000720180000,0x0000000720ea4e28,0x0000000720f00000)
  to   space 26624K, 0% used [0x0000000721700000,0x0000000721700000,0x0000000723100000)
 ParOldGen       total 349696K, used 201348K [0x00000005c0c00000, 0x00000005d6180000, 0x0000000715980000)
  object space 349696K, 57% used [0x00000005c0c00000,0x00000005cd0a1100,0x00000005d6180000)
 Metaspace       used 9744K, capacity 9991K, committed 10240K, reserved 1058816K
  class space    used 942K, capacity 1018K, committed 1024K, reserved 1048576K
Event: 205.150 GC heap after
Heap after GC invocations=146 (full 0):
 PSYoungGen      total 182784K, used 16535K [0x0000000715980000, 0x0000000722a80000, 0x00000007c0000000)
  eden space 162816K, 0% used [0x0000000715980000,0x0000000715980000,0x000000071f880000)
  from space 19968K, 82% used [0x0000000721700000,0x0000000722725c48,0x0000000722a80000)
  to   space 25600K, 0% used [0x000000071f880000,0x000000071f880000,0x0000000721180000)
 ParOldGen       total 349696K, used 201356K [0x00000005c0c00000, 0x00000005d6180000, 0x0000000715980000)
  object space 349696K, 57% used [0x00000005c0c00000,0x00000005cd0a3100,0x00000005d6180000)
 Metaspace       used 9744K, capacity 9991K, committed 10240K, reserved 1058816K
  class space    used 942K, capacity 1018K, committed 1024K, reserved 1048576K
}
Event: 206.325 GC heap before
{Heap before GC invocations=147 (full 0):
 PSYoungGen      total 182784K, used 179351K [0x0000000715980000, 0x0000000722a80000, 0x00000007c0000000)
  eden space 162816K, 100% used [0x0000000715980000,0x000000071f880000,0x000000071f880000)
  from space 19968K, 82% used [0x0000000721700000,0x0000000722725c48,0x0000000722a80000)
  to   space 25600K, 0% used [0x000000071f880000,0x000000071f880000,0x0000000721180000)
 ParOldGen       total 349696K, used 201356K [0x00000005c0c00000, 0x00000005d6180000, 0x0000000715980000)
  object space 349696K, 57% used [0x00000005c0c00000,0x00000005cd0a3100,0x00000005d6180000)
 Metaspace       used 9744K, capacity 9991K, committed 10240K, reserved 1058816K
  class space    used 942K, capacity 1018K, committed 1024K, reserved 1048576K
Event: 206.337 GC heap after
Heap after GC invocations=147 (full 0):
 PSYoungGen      total 184320K, used 25568K [0x0000000715980000, 0x0000000722b80000, 0x00000007c0000000)
  eden space 158720K, 0% used [0x0000000715980000,0x0000000715980000,0x000000071f480000)
  from space 25600K, 99% used [0x000000071f880000,0x0000000721178158,0x0000000721180000)
  to   space 26624K, 0% used [0x0000000721180000,0x0000000721180000,0x0000000722b80000)
 ParOldGen       total 349696K, used 201740K [0x00000005c0c00000, 0x00000005d6180000, 0x0000000715980000)
  object space 349696K, 57% used [0x00000005c0c00000,0x00000005cd103100,0x00000005d6180000)
 Metaspace       used 9744K, capacity 9991K, committed 10240K, reserved 1058816K
  class space    used 942K, capacity 1018K, committed 1024K, reserved 1048576K
}
Event: 208.084 GC heap before
{Heap before GC invocations=148 (full 0):
 PSYoungGen      total 184320K, used 184096K [0x0000000715980000, 0x0000000722b80000, 0x00000007c0000000)
  eden space 158720K, 99% used [0x0000000715980000,0x000000071f44ff68,0x000000071f480000)
  from space 25600K, 99% used [0x000000071f880000,0x0000000721178158,0x0000000721180000)
  to   space 26624K, 0% used [0x0000000721180000,0x0000000721180000,0x0000000722b80000)
 ParOldGen       total 349696K, used 201740K [0x00000005c0c00000, 0x00000005d6180000, 0x0000000715980000)
  object space 349696K, 57% used [0x00000005c0c00000,0x00000005cd103100,0x00000005d6180000)
 Metaspace       used 9744K, capacity 9991K, committed 10240K, reserved 1058816K
  class space    used 942K, capacity 1018K, committed 1024K, reserved 1048576K
Event: 208.091 GC heap after
Heap after GC invocations=148 (full 0):
 PSYoungGen      total 177152K, used 13331K [0x0000000715980000, 0x0000000722780000, 0x00000007c0000000)
  eden space 154624K, 0% used [0x0000000715980000,0x0000000715980000,0x000000071f080000)
  from space 22528K, 59% used [0x0000000721180000,0x0000000721e84e28,0x0000000722780000)
  to   space 28160K, 0% used [0x000000071f080000,0x000000071f080000,0x0000000720c00000)
 ParOldGen       total 349696K, used 202092K [0x00000005c0c00000, 0x00000005d6180000, 0x0000000715980000)
  object space 349696K, 57% used [0x00000005c0c00000,0x00000005cd15b110,0x00000005d6180000)
 Metaspace       used 9744K, capacity 9991K, committed 10240K, reserved 1058816K
  class space    used 942K, capacity 1018K, committed 1024K, reserved 1048576K
}
Event: 209.612 GC heap before
{Heap before GC invocations=149 (full 0):
 PSYoungGen      total 177152K, used 167955K [0x0000000715980000, 0x0000000722780000, 0x00000007c0000000)
  eden space 154624K, 100% used [0x0000000715980000,0x000000071f080000,0x000000071f080000)
  from space 22528K, 59% used [0x0000000721180000,0x0000000721e84e28,0x0000000722780000)
  to   space 28160K, 0% used [0x000000071f080000,0x000000071f080000,0x0000000720c00000)
 ParOldGen       total 349696K, used 202092K [0x00000005c0c00000, 0x00000005d6180000, 0x0000000715980000)
  object space 349696K, 57% used [0x00000005c0c00000,0x00000005cd15b110,0x00000005d6180000)
 Metaspace       used 9744K, capacity 9991K, committed 10240K, reserved 1058816K
  class space    used 942K, capacity 1018K, committed 1024K, reserved 1048576K
Event: 209.621 GC heap after
Heap after GC invocations=149 (full 0):
 PSYoungGen      total 163840K, used 12891K [0x0000000715980000, 0x0000000722280000, 0x00000007c0000000)
  eden space 150528K, 0% used [0x0000000715980000,0x0000000715980000,0x000000071ec80000)
  from space 13312K, 96% used [0x000000071f080000,0x000000071fd16e28,0x000000071fd80000)
  to   space 27648K, 0% used [0x0000000720780000,0x0000000720780000,0x0000000722280000)
 ParOldGen       total 349696K, used 202100K [0x00000005c0c00000, 0x00000005d6180000, 0x0000000715980000)
  object space 349696K, 57% used [0x00000005c0c00000,0x00000005cd15d110,0x00000005d6180000)
 Metaspace       used 9744K, capacity 9991K, committed 10240K, reserved 1058816K
  class space    used 942K, capacity 1018K, committed 1024K, reserved 1048576K
}

