# JRE version: Java(TM) SE Runtime Environment (8.0_25-b18) (build 1.8.0_25-b18)
# Java VM: Java HotSpot(TM) 64-Bit Server VM (25.25-b02 mixed mode windows-amd64 compressed oops)
Heap:
 PSYoungGen      total 240128K, used 20833K [0x0000000715980000, 0x0000000741800000, 0x00000007c0000000)
  eden space 229376K, 4% used [0x0000000715980000,0x00000007163bbc78,0x0000000723980000)
  from space 10752K, 96% used [0x000000073f800000,0x000000074021c970,0x0000000740280000)
  to   space 21504K, 0% used [0x0000000740300000,0x0000000740300000,0x0000000741800000)
 ParOldGen       total 349696K, used 73644K [0x00000005c0c00000, 0x00000005d6180000, 0x0000000715980000)
  object space 349696K, 21% used [0x00000005c0c00000,0x00000005c53eb070,0x00000005d6180000)
 Metaspace       used 9414K, capacity 9687K, committed 9984K, reserved 1058816K
  class space    used 914K, capacity 984K, committed 1024K, reserved 1048576K
GC Heap History (10 events):
Event: 101.384 GC heap before
{Heap before GC invocations=43 (full 0):
 PSYoungGen      total 287744K, used 287217K [0x0000000715980000, 0x0000000744400000, 0x00000007c0000000)
  eden space 269312K, 99% used [0x0000000715980000,0x00000007260044b8,0x0000000726080000)
  from space 18432K, 99% used [0x0000000743200000,0x00000007443f8100,0x0000000744400000)
  to   space 22016K, 0% used [0x0000000741900000,0x0000000741900000,0x0000000742e80000)
 ParOldGen       total 349696K, used 73292K [0x00000005c0c00000, 0x00000005d6180000, 0x0000000715980000)
  object space 349696K, 20% used [0x00000005c0c00000,0x00000005c5393060,0x00000005d6180000)
 Metaspace       used 9412K, capacity 9687K, committed 9984K, reserved 1058816K
  class space    used 914K, capacity 984K, committed 1024K, reserved 1048576K
Event: 101.391 GC heap after
Heap after GC invocations=43 (full 0):
 PSYoungGen      total 272384K, used 11690K [0x0000000715980000, 0x0000000743280000, 0x00000007c0000000)
  eden space 260608K, 0% used [0x0000000715980000,0x0000000715980000,0x0000000725800000)
  from space 11776K, 99% used [0x0000000741900000,0x000000074246a990,0x0000000742480000)
  to   space 14336K, 0% used [0x0000000742480000,0x0000000742480000,0x0000000743280000)
 ParOldGen       total 349696K, used 73564K [0x00000005c0c00000, 0x00000005d6180000, 0x0000000715980000)
  object space 349696K, 21% used [0x00000005c0c00000,0x00000005c53d7060,0x00000005d6180000)
 Metaspace       used 9412K, capacity 9687K, committed 9984K, reserved 1058816K
  class space    used 914K, capacity 984K, committed 1024K, reserved 1048576K
}
Event: 102.738 GC heap before
{Heap before GC invocations=44 (full 0):
 PSYoungGen      total 272384K, used 272298K [0x0000000715980000, 0x0000000743280000, 0x00000007c0000000)
  eden space 260608K, 100% used [0x0000000715980000,0x0000000725800000,0x0000000725800000)
  from space 11776K, 99% used [0x0000000741900000,0x000000074246a990,0x0000000742480000)
  to   space 14336K, 0% used [0x0000000742480000,0x0000000742480000,0x0000000743280000)
 ParOldGen       total 349696K, used 73564K [0x00000005c0c00000, 0x00000005d6180000, 0x0000000715980000)
  object space 349696K, 21% used [0x00000005c0c00000,0x00000005c53d7060,0x00000005d6180000)
 Metaspace       used 9412K, capacity 9687K, committed 9984K, reserved 1058816K
  class space    used 914K, capacity 984K, committed 1024K, reserved 1048576K
Event: 102.744 GC heap after
Heap after GC invocations=44 (full 0):
 PSYoungGen      total 263680K, used 10770K [0x0000000715980000, 0x0000000742f80000, 0x00000007c0000000)
  eden space 252416K, 0% used [0x0000000715980000,0x0000000715980000,0x0000000725000000)
  from space 11264K, 95% used [0x0000000742480000,0x0000000742f04980,0x0000000742f80000)
  to   space 21504K, 0% used [0x0000000740580000,0x0000000740580000,0x0000000741a80000)
 ParOldGen       total 349696K, used 73604K [0x00000005c0c00000, 0x00000005d6180000, 0x0000000715980000)
  object space 349696K, 21% used [0x00000005c0c00000,0x00000005c53e1070,0x00000005d6180000)
 Metaspace       used 9412K, capacity 9687K, committed 9984K, reserved 1058816K
  class space    used 914K, capacity 984K, committed 1024K, reserved 1048576K
}
Event: 103.925 GC heap before
{Heap before GC invocations=45 (full 0):
 PSYoungGen      total 263680K, used 263186K [0x0000000715980000, 0x0000000742f80000, 0x00000007c0000000)
  eden space 252416K, 100% used [0x0000000715980000,0x0000000725000000,0x0000000725000000)
  from space 11264K, 95% used [0x0000000742480000,0x0000000742f04980,0x0000000742f80000)
  to   space 21504K, 0% used [0x0000000740580000,0x0000000740580000,0x0000000741a80000)
 ParOldGen       total 349696K, used 73604K [0x00000005c0c00000, 0x00000005d6180000, 0x0000000715980000)
  object space 349696K, 21% used [0x00000005c0c00000,0x00000005c53e1070,0x00000005d6180000)
 Metaspace       used 9414K, capacity 9687K, committed 9984K, reserved 1058816K
  class space    used 914K, capacity 984K, committed 1024K, reserved 1048576K
Event: 103.934 GC heap after
Heap after GC invocations=45 (full 0):
 PSYoungGen      total 262656K, used 18162K [0x0000000715980000, 0x0000000742500000, 0x00000007c0000000)
  eden space 244224K, 0% used [0x0000000715980000,0x0000000715980000,0x0000000724800000)
  from space 18432K, 98% used [0x0000000740580000,0x000000074173c9c0,0x0000000741780000)
  to   space 13824K, 0% used [0x0000000741780000,0x0000000741780000,0x0000000742500000)
 ParOldGen       total 349696K, used 73620K [0x00000005c0c00000, 0x00000005d6180000, 0x0000000715980000)
  object space 349696K, 21% used [0x00000005c0c00000,0x00000005c53e5070,0x00000005d6180000)
 Metaspace       used 9414K, capacity 9687K, committed 9984K, reserved 1058816K
  class space    used 914K, capacity 984K, committed 1024K, reserved 1048576K
}
Event: 105.098 GC heap before
{Heap before GC invocations=46 (full 0):
 PSYoungGen      total 262656K, used 262386K [0x0000000715980000, 0x0000000742500000, 0x00000007c0000000)
  eden space 244224K, 100% used [0x0000000715980000,0x0000000724800000,0x0000000724800000)
  from space 18432K, 98% used [0x0000000740580000,0x000000074173c9c0,0x0000000741780000)
  to   space 13824K, 0% used [0x0000000741780000,0x0000000741780000,0x0000000742500000)
 ParOldGen       total 349696K, used 73620K [0x00000005c0c00000, 0x00000005d6180000, 0x0000000715980000)
  object space 349696K, 21% used [0x00000005c0c00000,0x00000005c53e5070,0x00000005d6180000)
 Metaspace       used 9414K, capacity 9687K, committed 9984K, reserved 1058816K
  class space    used 914K, capacity 984K, committed 1024K, reserved 1048576K
Event: 105.104 GC heap after
Heap after GC invocations=46 (full 0):
 PSYoungGen      total 248320K, used 11410K [0x0000000715980000, 0x0000000742300000, 0x00000007c0000000)
  eden space 236544K, 0% used [0x0000000715980000,0x0000000715980000,0x0000000724080000)
  from space 11776K, 96% used [0x0000000741780000,0x00000007422a4980,0x0000000742300000)
  to   space 22016K, 0% used [0x000000073f800000,0x000000073f800000,0x0000000740d80000)
 ParOldGen       total 349696K, used 73628K [0x00000005c0c00000, 0x00000005d6180000, 0x0000000715980000)
  object space 349696K, 21% used [0x00000005c0c00000,0x00000005c53e7070,0x00000005d6180000)
 Metaspace       used 9414K, capacity 9687K, committed 9984K, reserved 1058816K
  class space    used 914K, capacity 984K, committed 1024K, reserved 1048576K
}
Event: 106.266 GC heap before
{Heap before GC invocations=47 (full 0):
 PSYoungGen      total 248320K, used 247954K [0x0000000715980000, 0x0000000742300000, 0x00000007c0000000)
  eden space 236544K, 100% used [0x0000000715980000,0x0000000724080000,0x0000000724080000)
  from space 11776K, 96% used [0x0000000741780000,0x00000007422a4980,0x0000000742300000)
  to   space 22016K, 0% used [0x000000073f800000,0x000000073f800000,0x0000000740d80000)
 ParOldGen       total 349696K, used 73628K [0x00000005c0c00000, 0x00000005d6180000, 0x0000000715980000)
  object space 349696K, 21% used [0x00000005c0c00000,0x00000005c53e7070,0x00000005d6180000)
 Metaspace       used 9414K, capacity 9687K, committed 9984K, reserved 1058816K
  class space    used 914K, capacity 984K, committed 1024K, reserved 1048576K
Event: 106.272 GC heap after
Heap after GC invocations=47 (full 0):
 PSYoungGen      total 240128K, used 10354K [0x0000000715980000, 0x0000000741800000, 0x00000007c0000000)
  eden space 229376K, 0% used [0x0000000715980000,0x0000000715980000,0x0000000723980000)
  from space 10752K, 96% used [0x000000073f800000,0x000000074021c970,0x0000000740280000)
  to   space 21504K, 0% used [0x0000000740300000,0x0000000740300000,0x0000000741800000)
 ParOldGen       total 349696K, used 73644K [0x00000005c0c00000, 0x00000005d6180000, 0x0000000715980000)
  object space 349696K, 21% used [0x00000005c0c00000,0x00000005c53eb070,0x00000005d6180000)
 Metaspace       used 9414K, capacity 9687K, committed 9984K, reserved 1058816K
  class space    used 914K, capacity 984K, committed 1024K, reserved 1048576K
}

