# JRE version: Java(TM) SE Runtime Environment (8.0_25-b18) (build 1.8.0_25-b18)
# Java VM: Java HotSpot(TM) 64-Bit Server VM (25.25-b02 mixed mode windows-amd64 compressed oops)
Heap:
 PSYoungGen      total 208384K, used 10930K [0x0000000715980000, 0x0000000782880000, 0x00000007c0000000)
  eden space 207360K, 5% used [0x0000000715980000,0x00000007163a2f10,0x0000000722400000)
  from space 1024K, 53% used [0x0000000782780000,0x0000000782809c50,0x0000000782880000)
  to   space 1536K, 0% used [0x0000000782580000,0x0000000782580000,0x0000000782700000)
 ParOldGen       total 349696K, used 96957K [0x00000005c0c00000, 0x00000005d6180000, 0x0000000715980000)
  object space 349696K, 27% used [0x00000005c0c00000,0x00000005c6aaf790,0x00000005d6180000)
 Metaspace       used 9697K, capacity 9945K, committed 9984K, reserved 1058816K
  class space    used 950K, capacity 1019K, committed 1024K, reserved 1048576K
GC Heap History (10 events):
Event: 195.824 GC heap before
{Heap before GC invocations=1133 (full 0):
 PSYoungGen      total 251392K, used 251143K [0x0000000715980000, 0x0000000782c80000, 0x00000007c0000000)
  eden space 250368K, 100% used [0x0000000715980000,0x0000000724e00000,0x0000000724e00000)
  from space 1024K, 75% used [0x0000000782b80000,0x0000000782c41c50,0x0000000782c80000)
  to   space 2048K, 0% used [0x0000000782880000,0x0000000782880000,0x0000000782a80000)
 ParOldGen       total 349696K, used 96869K [0x00000005c0c00000, 0x00000005d6180000, 0x0000000715980000)
  object space 349696K, 27% used [0x00000005c0c00000,0x00000005c6a99790,0x00000005d6180000)
 Metaspace       used 9697K, capacity 9945K, committed 9984K, reserved 1058816K
  class space    used 950K, capacity 1019K, committed 1024K, reserved 1048576K
Event: 195.826 GC heap after
Heap after GC invocations=1133 (full 0):
 PSYoungGen      total 243712K, used 1397K [0x0000000715980000, 0x0000000782c00000, 0x00000007c0000000)
  eden space 242176K, 0% used [0x0000000715980000,0x0000000715980000,0x0000000724600000)
  from space 1536K, 90% used [0x0000000782880000,0x00000007829dd4f0,0x0000000782a00000)
  to   space 2048K, 0% used [0x0000000782a00000,0x0000000782a00000,0x0000000782c00000)
 ParOldGen       total 349696K, used 96901K [0x00000005c0c00000, 0x00000005d6180000, 0x0000000715980000)
  object space 349696K, 27% used [0x00000005c0c00000,0x00000005c6aa1790,0x00000005d6180000)
 Metaspace       used 9697K, capacity 9945K, committed 9984K, reserved 1058816K
  class space    used 950K, capacity 1019K, committed 1024K, reserved 1048576K
}
Event: 195.928 GC heap before
{Heap before GC invocations=1134 (full 0):
 PSYoungGen      total 243712K, used 243573K [0x0000000715980000, 0x0000000782c00000, 0x00000007c0000000)
  eden space 242176K, 100% used [0x0000000715980000,0x0000000724600000,0x0000000724600000)
  from space 1536K, 90% used [0x0000000782880000,0x00000007829dd4f0,0x0000000782a00000)
  to   space 2048K, 0% used [0x0000000782a00000,0x0000000782a00000,0x0000000782c00000)
 ParOldGen       total 349696K, used 96901K [0x00000005c0c00000, 0x00000005d6180000, 0x0000000715980000)
  object space 349696K, 27% used [0x00000005c0c00000,0x00000005c6aa1790,0x00000005d6180000)
 Metaspace       used 9697K, capacity 9945K, committed 9984K, reserved 1058816K
  class space    used 950K, capacity 1019K, committed 1024K, reserved 1048576K
Event: 195.929 GC heap after
Heap after GC invocations=1134 (full 0):
 PSYoungGen      total 235520K, used 775K [0x0000000715980000, 0x0000000782b00000, 0x00000007c0000000)
  eden space 234496K, 0% used [0x0000000715980000,0x0000000715980000,0x0000000723e80000)
  from space 1024K, 75% used [0x0000000782a00000,0x0000000782ac1c50,0x0000000782b00000)
  to   space 2048K, 0% used [0x0000000782700000,0x0000000782700000,0x0000000782900000)
 ParOldGen       total 349696K, used 96909K [0x00000005c0c00000, 0x00000005d6180000, 0x0000000715980000)
  object space 349696K, 27% used [0x00000005c0c00000,0x00000005c6aa3790,0x00000005d6180000)
 Metaspace       used 9697K, capacity 9945K, committed 9984K, reserved 1058816K
  class space    used 950K, capacity 1019K, committed 1024K, reserved 1048576K
}
Event: 196.027 GC heap before
{Heap before GC invocations=1135 (full 0):
 PSYoungGen      total 235520K, used 235271K [0x0000000715980000, 0x0000000782b00000, 0x00000007c0000000)
  eden space 234496K, 100% used [0x0000000715980000,0x0000000723e80000,0x0000000723e80000)
  from space 1024K, 75% used [0x0000000782a00000,0x0000000782ac1c50,0x0000000782b00000)
  to   space 2048K, 0% used [0x0000000782700000,0x0000000782700000,0x0000000782900000)
 ParOldGen       total 349696K, used 96909K [0x00000005c0c00000, 0x00000005d6180000, 0x0000000715980000)
  object space 349696K, 27% used [0x00000005c0c00000,0x00000005c6aa3790,0x00000005d6180000)
 Metaspace       used 9697K, capacity 9945K, committed 9984K, reserved 1058816K
  class space    used 950K, capacity 1019K, committed 1024K, reserved 1048576K
Event: 196.028 GC heap after
Heap after GC invocations=1135 (full 0):
 PSYoungGen      total 228352K, used 917K [0x0000000715980000, 0x0000000782a80000, 0x00000007c0000000)
  eden space 227328K, 0% used [0x0000000715980000,0x0000000715980000,0x0000000723780000)
  from space 1024K, 89% used [0x0000000782700000,0x00000007827e54f0,0x0000000782800000)
  to   space 2048K, 0% used [0x0000000782880000,0x0000000782880000,0x0000000782a80000)
 ParOldGen       total 349696K, used 96925K [0x00000005c0c00000, 0x00000005d6180000, 0x0000000715980000)
  object space 349696K, 27% used [0x00000005c0c00000,0x00000005c6aa7790,0x00000005d6180000)
 Metaspace       used 9697K, capacity 9945K, committed 9984K, reserved 1058816K
  class space    used 950K, capacity 1019K, committed 1024K, reserved 1048576K
}
Event: 196.121 GC heap before
{Heap before GC invocations=1136 (full 0):
 PSYoungGen      total 228352K, used 228245K [0x0000000715980000, 0x0000000782a80000, 0x00000007c0000000)
  eden space 227328K, 100% used [0x0000000715980000,0x0000000723780000,0x0000000723780000)
  from space 1024K, 89% used [0x0000000782700000,0x00000007827e54f0,0x0000000782800000)
  to   space 2048K, 0% used [0x0000000782880000,0x0000000782880000,0x0000000782a80000)
 ParOldGen       total 349696K, used 96925K [0x00000005c0c00000, 0x00000005d6180000, 0x0000000715980000)
  object space 349696K, 27% used [0x00000005c0c00000,0x00000005c6aa7790,0x00000005d6180000)
 Metaspace       used 9697K, capacity 9945K, committed 9984K, reserved 1058816K
  class space    used 950K, capacity 1019K, committed 1024K, reserved 1048576K
Event: 196.122 GC heap after
Heap after GC invocations=1136 (full 0):
 PSYoungGen      total 221184K, used 775K [0x0000000715980000, 0x0000000782980000, 0x00000007c0000000)
  eden space 220160K, 0% used [0x0000000715980000,0x0000000715980000,0x0000000723080000)
  from space 1024K, 75% used [0x0000000782880000,0x0000000782941c50,0x0000000782980000)
  to   space 2048K, 0% used [0x0000000782580000,0x0000000782580000,0x0000000782780000)
 ParOldGen       total 349696K, used 96933K [0x00000005c0c00000, 0x00000005d6180000, 0x0000000715980000)
  object space 349696K, 27% used [0x00000005c0c00000,0x00000005c6aa9790,0x00000005d6180000)
 Metaspace       used 9697K, capacity 9945K, committed 9984K, reserved 1058816K
  class space    used 950K, capacity 1019K, committed 1024K, reserved 1048576K
}
Event: 196.225 GC heap before
{Heap before GC invocations=1137 (full 0):
 PSYoungGen      total 221184K, used 220935K [0x0000000715980000, 0x0000000782980000, 0x00000007c0000000)
  eden space 220160K, 100% used [0x0000000715980000,0x0000000723080000,0x0000000723080000)
  from space 1024K, 75% used [0x0000000782880000,0x0000000782941c50,0x0000000782980000)
  to   space 2048K, 0% used [0x0000000782580000,0x0000000782580000,0x0000000782780000)
 ParOldGen       total 349696K, used 96933K [0x00000005c0c00000, 0x00000005d6180000, 0x0000000715980000)
  object space 349696K, 27% used [0x00000005c0c00000,0x00000005c6aa9790,0x00000005d6180000)
 Metaspace       used 9697K, capacity 9945K, committed 9984K, reserved 1058816K
  class space    used 950K, capacity 1019K, committed 1024K, reserved 1048576K
Event: 196.226 GC heap after
Heap after GC invocations=1137 (full 0):
 PSYoungGen      total 215552K, used 743K [0x0000000715980000, 0x0000000782900000, 0x00000007c0000000)
  eden space 213504K, 0% used [0x0000000715980000,0x0000000715980000,0x0000000722a00000)
  from space 2048K, 36% used [0x0000000782580000,0x0000000782639c50,0x0000000782780000)
  to   space 1536K, 0% used [0x0000000782780000,0x0000000782780000,0x0000000782900000)
 ParOldGen       total 349696K, used 96941K [0x00000005c0c00000, 0x00000005d6180000, 0x0000000715980000)
  object space 349696K, 27% used [0x00000005c0c00000,0x00000005c6aab790,0x00000005d6180000)
 Metaspace       used 9697K, capacity 9945K, committed 9984K, reserved 1058816K
  class space    used 950K, capacity 1019K, committed 1024K, reserved 1048576K
}

