# JRE version: Java(TM) SE Runtime Environment (8.0_25-b18) (build 1.8.0_25-b18)
# Java VM: Java HotSpot(TM) 64-Bit Server VM (25.25-b02 mixed mode windows-amd64 compressed oops)
Heap:
 PSYoungGen      total 52224K, used 606K [0x0000000715980000, 0x0000000719400000, 0x00000007c0000000)
  eden space 45568K, 1% used [0x0000000715980000,0x00000007159ff988,0x0000000718600000)
  from space 6656K, 1% used [0x0000000718d80000,0x0000000718d98000,0x0000000719400000)
  to   space 7168K, 0% used [0x0000000718600000,0x0000000718600000,0x0000000718d00000)
 ParOldGen       total 349696K, used 2456K [0x00000005c0c00000, 0x00000005d6180000, 0x0000000715980000)
  object space 349696K, 0% used [0x00000005c0c00000,0x00000005c0e661c8,0x00000005d6180000)
 Metaspace       used 8800K, capacity 8919K, committed 9088K, reserved 1056768K
  class space    used 835K, capacity 886K, committed 896K, reserved 1048576K
GC Heap History (10 events):
Event: 27.530 GC heap before
{Heap before GC invocations=76 (full 0):
 PSYoungGen      total 51712K, used 50559K [0x0000000715980000, 0x0000000719580000, 0x00000007c0000000)
  eden space 48128K, 98% used [0x0000000715980000,0x00000007187b7c40,0x0000000718880000)
  from space 3584K, 90% used [0x0000000718900000,0x0000000718c28030,0x0000000718c80000)
  to   space 6656K, 0% used [0x0000000718f00000,0x0000000718f00000,0x0000000719580000)
 ParOldGen       total 349696K, used 2424K [0x00000005c0c00000, 0x00000005d6180000, 0x0000000715980000)
  object space 349696K, 0% used [0x00000005c0c00000,0x00000005c0e5e1c8,0x00000005d6180000)
 Metaspace       used 8800K, capacity 8919K, committed 9088K, reserved 1056768K
  class space    used 835K, capacity 886K, committed 896K, reserved 1048576K
Event: 27.531 GC heap after
Heap after GC invocations=76 (full 0):
 PSYoungGen      total 53760K, used 3200K [0x0000000715980000, 0x0000000719500000, 0x00000007c0000000)
  eden space 47616K, 0% used [0x0000000715980000,0x0000000715980000,0x0000000718800000)
  from space 6144K, 52% used [0x0000000718f00000,0x0000000719220030,0x0000000719500000)
  to   space 6656K, 0% used [0x0000000718800000,0x0000000718800000,0x0000000718e80000)
 ParOldGen       total 349696K, used 2432K [0x00000005c0c00000, 0x00000005d6180000, 0x0000000715980000)
  object space 349696K, 0% used [0x00000005c0c00000,0x00000005c0e601c8,0x00000005d6180000)
 Metaspace       used 8800K, capacity 8919K, committed 9088K, reserved 1056768K
  class space    used 835K, capacity 886K, committed 896K, reserved 1048576K
}
Event: 27.797 GC heap before
{Heap before GC invocations=77 (full 0):
 PSYoungGen      total 53760K, used 49868K [0x0000000715980000, 0x0000000719500000, 0x00000007c0000000)
  eden space 47616K, 98% used [0x0000000715980000,0x0000000718713228,0x0000000718800000)
  from space 6144K, 52% used [0x0000000718f00000,0x0000000719220030,0x0000000719500000)
  to   space 6656K, 0% used [0x0000000718800000,0x0000000718800000,0x0000000718e80000)
 ParOldGen       total 349696K, used 2432K [0x00000005c0c00000, 0x00000005d6180000, 0x0000000715980000)
  object space 349696K, 0% used [0x00000005c0c00000,0x00000005c0e601c8,0x00000005d6180000)
 Metaspace       used 8800K, capacity 8919K, committed 9088K, reserved 1056768K
  class space    used 835K, capacity 886K, committed 896K, reserved 1048576K
Event: 27.798 GC heap after
Heap after GC invocations=77 (full 0):
 PSYoungGen      total 47616K, used 128K [0x0000000715980000, 0x0000000719480000, 0x00000007c0000000)
  eden space 47104K, 0% used [0x0000000715980000,0x0000000715980000,0x0000000718780000)
  from space 512K, 25% used [0x0000000718800000,0x0000000718820000,0x0000000718880000)
  to   space 6656K, 0% used [0x0000000718e00000,0x0000000718e00000,0x0000000719480000)
 ParOldGen       total 349696K, used 2440K [0x00000005c0c00000, 0x00000005d6180000, 0x0000000715980000)
  object space 349696K, 0% used [0x00000005c0c00000,0x00000005c0e621c8,0x00000005d6180000)
 Metaspace       used 8800K, capacity 8919K, committed 9088K, reserved 1056768K
  class space    used 835K, capacity 886K, committed 896K, reserved 1048576K
}
Event: 28.051 GC heap before
{Heap before GC invocations=78 (full 0):
 PSYoungGen      total 47616K, used 47232K [0x0000000715980000, 0x0000000719480000, 0x00000007c0000000)
  eden space 47104K, 100% used [0x0000000715980000,0x0000000718780000,0x0000000718780000)
  from space 512K, 25% used [0x0000000718800000,0x0000000718820000,0x0000000718880000)
  to   space 6656K, 0% used [0x0000000718e00000,0x0000000718e00000,0x0000000719480000)
 ParOldGen       total 349696K, used 2440K [0x00000005c0c00000, 0x00000005d6180000, 0x0000000715980000)
  object space 349696K, 0% used [0x00000005c0c00000,0x00000005c0e621c8,0x00000005d6180000)
 Metaspace       used 8800K, capacity 8919K, committed 9088K, reserved 1056768K
  class space    used 835K, capacity 886K, committed 896K, reserved 1048576K
Event: 28.052 GC heap after
Heap after GC invocations=78 (full 0):
 PSYoungGen      total 53248K, used 4288K [0x0000000715980000, 0x0000000719500000, 0x00000007c0000000)
  eden space 46592K, 0% used [0x0000000715980000,0x0000000715980000,0x0000000718700000)
  from space 6656K, 64% used [0x0000000718e00000,0x0000000719230040,0x0000000719480000)
  to   space 7168K, 0% used [0x0000000718700000,0x0000000718700000,0x0000000718e00000)
 ParOldGen       total 349696K, used 2440K [0x00000005c0c00000, 0x00000005d6180000, 0x0000000715980000)
  object space 349696K, 0% used [0x00000005c0c00000,0x00000005c0e621c8,0x00000005d6180000)
 Metaspace       used 8800K, capacity 8919K, committed 9088K, reserved 1056768K
  class space    used 835K, capacity 886K, committed 896K, reserved 1048576K
}
Event: 28.317 GC heap before
{Heap before GC invocations=79 (full 0):
 PSYoungGen      total 53248K, used 50176K [0x0000000715980000, 0x0000000719500000, 0x00000007c0000000)
  eden space 46592K, 98% used [0x0000000715980000,0x00000007186500a8,0x0000000718700000)
  from space 6656K, 64% used [0x0000000718e00000,0x0000000719230040,0x0000000719480000)
  to   space 7168K, 0% used [0x0000000718700000,0x0000000718700000,0x0000000718e00000)
 ParOldGen       total 349696K, used 2440K [0x00000005c0c00000, 0x00000005d6180000, 0x0000000715980000)
  object space 349696K, 0% used [0x00000005c0c00000,0x00000005c0e621c8,0x00000005d6180000)
 Metaspace       used 8800K, capacity 8919K, committed 9088K, reserved 1056768K
  class space    used 835K, capacity 886K, committed 896K, reserved 1048576K
Event: 28.317 GC heap after
Heap after GC invocations=79 (full 0):
 PSYoungGen      total 49664K, used 3232K [0x0000000715980000, 0x0000000719480000, 0x00000007c0000000)
  eden space 46080K, 0% used [0x0000000715980000,0x0000000715980000,0x0000000718680000)
  from space 3584K, 90% used [0x0000000718700000,0x0000000718a28030,0x0000000718a80000)
  to   space 7168K, 0% used [0x0000000718d80000,0x0000000718d80000,0x0000000719480000)
 ParOldGen       total 349696K, used 2448K [0x00000005c0c00000, 0x00000005d6180000, 0x0000000715980000)
  object space 349696K, 0% used [0x00000005c0c00000,0x00000005c0e641c8,0x00000005d6180000)
 Metaspace       used 8800K, capacity 8919K, committed 9088K, reserved 1056768K
  class space    used 835K, capacity 886K, committed 896K, reserved 1048576K
}
Event: 28.574 GC heap before
{Heap before GC invocations=80 (full 0):
 PSYoungGen      total 49664K, used 49312K [0x0000000715980000, 0x0000000719480000, 0x00000007c0000000)
  eden space 46080K, 100% used [0x0000000715980000,0x0000000718680000,0x0000000718680000)
  from space 3584K, 90% used [0x0000000718700000,0x0000000718a28030,0x0000000718a80000)
  to   space 7168K, 0% used [0x0000000718d80000,0x0000000718d80000,0x0000000719480000)
 ParOldGen       total 349696K, used 2448K [0x00000005c0c00000, 0x00000005d6180000, 0x0000000715980000)
  object space 349696K, 0% used [0x00000005c0c00000,0x00000005c0e641c8,0x00000005d6180000)
 Metaspace       used 8800K, capacity 8919K, committed 9088K, reserved 1056768K
  class space    used 835K, capacity 886K, committed 896K, reserved 1048576K
Event: 28.575 GC heap after
Heap after GC invocations=80 (full 0):
 PSYoungGen      total 52224K, used 96K [0x0000000715980000, 0x0000000719400000, 0x00000007c0000000)
  eden space 45568K, 0% used [0x0000000715980000,0x0000000715980000,0x0000000718600000)
  from space 6656K, 1% used [0x0000000718d80000,0x0000000718d98000,0x0000000719400000)
  to   space 7168K, 0% used [0x0000000718600000,0x0000000718600000,0x0000000718d00000)
 ParOldGen       total 349696K, used 2456K [0x00000005c0c00000, 0x00000005d6180000, 0x0000000715980000)
  object space 349696K, 0% used [0x00000005c0c00000,0x00000005c0e661c8,0x00000005d6180000)
 Metaspace       used 8800K, capacity 8919K, committed 9088K, reserved 1056768K
  class space    used 835K, capacity 886K, committed 896K, reserved 1048576K
}

