# JRE version: Java(TM) SE Runtime Environment (8.0_25-b18) (build 1.8.0_25-b18)
# Java VM: Java HotSpot(TM) 64-Bit Server VM (25.25-b02 mixed mode windows-amd64 compressed oops)
Heap:
 PSYoungGen      total 133632K, used 296K [0x0000000715980000, 0x0000000722c00000, 0x00000007c0000000)
  eden space 133120K, 0% used [0x0000000715980000,0x0000000715982378,0x000000071db80000)
  from space 512K, 56% used [0x0000000722b80000,0x0000000722bc8000,0x0000000722c00000)
  to   space 4608K, 0% used [0x0000000722300000,0x0000000722300000,0x0000000722780000)
 ParOldGen       total 203264K, used 98107K [0x00000005c0c00000, 0x00000005cd280000, 0x0000000715980000)
  object space 203264K, 48% used [0x00000005c0c00000,0x00000005c6bcec40,0x00000005cd280000)
 Metaspace       used 11352K, capacity 11603K, committed 11904K, reserved 1060864K
  class space    used 1283K, capacity 1344K, committed 1408K, reserved 1048576K
GC Heap History (10 events):
Event: 178.268 GC heap before
{Heap before GC invocations=26 (full 2):
 PSYoungGen      total 147456K, used 146972K [0x0000000715980000, 0x0000000723580000, 0x00000007c0000000)
  eden space 146944K, 99% used [0x0000000715980000,0x000000071e8c73e8,0x000000071e900000)
  from space 512K, 50% used [0x0000000723500000,0x0000000723540000,0x0000000723580000)
  to   space 5632K, 0% used [0x0000000722a80000,0x0000000722a80000,0x0000000723000000)
 ParOldGen       total 242688K, used 236588K [0x00000005c0c00000, 0x00000005cf900000, 0x0000000715980000)
  object space 242688K, 97% used [0x00000005c0c00000,0x00000005cf30b380,0x00000005cf900000)
 Metaspace       used 11352K, capacity 11603K, committed 11904K, reserved 1060864K
  class space    used 1283K, capacity 1344K, committed 1408K, reserved 1048576K
Event: 178.284 GC heap after
Heap after GC invocations=26 (full 2):
 PSYoungGen      total 147456K, used 0K [0x0000000715980000, 0x0000000723580000, 0x00000007c0000000)
  eden space 146944K, 0% used [0x0000000715980000,0x0000000715980000,0x000000071e900000)
  from space 512K, 0% used [0x0000000723500000,0x0000000723500000,0x0000000723580000)
  to   space 5632K, 0% used [0x0000000722a80000,0x0000000722a80000,0x0000000723000000)
 ParOldGen       total 203264K, used 56119K [0x00000005c0c00000, 0x00000005cd280000, 0x0000000715980000)
  object space 203264K, 27% used [0x00000005c0c00000,0x00000005c42cdee0,0x00000005cd280000)
 Metaspace       used 11352K, capacity 11603K, committed 11904K, reserved 1060864K
  class space    used 1283K, capacity 1344K, committed 1408K, reserved 1048576K
}
Event: 183.053 GC heap before
{Heap before GC invocations=27 (full 2):
 PSYoungGen      total 147456K, used 146553K [0x0000000715980000, 0x0000000723580000, 0x00000007c0000000)
  eden space 146944K, 99% used [0x0000000715980000,0x000000071e89e428,0x000000071e900000)
  from space 512K, 0% used [0x0000000723500000,0x0000000723500000,0x0000000723580000)
  to   space 5632K, 0% used [0x0000000722a80000,0x0000000722a80000,0x0000000723000000)
 ParOldGen       total 203264K, used 56119K [0x00000005c0c00000, 0x00000005cd280000, 0x0000000715980000)
  object space 203264K, 27% used [0x00000005c0c00000,0x00000005c42cdee0,0x00000005cd280000)
 Metaspace       used 11352K, capacity 11603K, committed 11904K, reserved 1060864K
  class space    used 1283K, capacity 1344K, committed 1408K, reserved 1048576K
Event: 183.054 GC heap after
Heap after GC invocations=27 (full 2):
 PSYoungGen      total 148992K, used 256K [0x0000000715980000, 0x0000000723580000, 0x00000007c0000000)
  eden space 143360K, 0% used [0x0000000715980000,0x0000000715980000,0x000000071e580000)
  from space 5632K, 4% used [0x0000000722a80000,0x0000000722ac0000,0x0000000723000000)
  to   space 5632K, 0% used [0x0000000723000000,0x0000000723000000,0x0000000723580000)
 ParOldGen       total 203264K, used 56119K [0x00000005c0c00000, 0x00000005cd280000, 0x0000000715980000)
  object space 203264K, 27% used [0x00000005c0c00000,0x00000005c42cdee0,0x00000005cd280000)
 Metaspace       used 11352K, capacity 11603K, committed 11904K, reserved 1060864K
  class space    used 1283K, capacity 1344K, committed 1408K, reserved 1048576K
}
Event: 187.822 GC heap before
{Heap before GC invocations=28 (full 2):
 PSYoungGen      total 148992K, used 143598K [0x0000000715980000, 0x0000000723580000, 0x00000007c0000000)
  eden space 143360K, 99% used [0x0000000715980000,0x000000071e57bb28,0x000000071e580000)
  from space 5632K, 4% used [0x0000000722a80000,0x0000000722ac0000,0x0000000723000000)
  to   space 5632K, 0% used [0x0000000723000000,0x0000000723000000,0x0000000723580000)
 ParOldGen       total 203264K, used 56119K [0x00000005c0c00000, 0x00000005cd280000, 0x0000000715980000)
  object space 203264K, 27% used [0x00000005c0c00000,0x00000005c42cdee0,0x00000005cd280000)
 Metaspace       used 11352K, capacity 11603K, committed 11904K, reserved 1060864K
  class space    used 1283K, capacity 1344K, committed 1408K, reserved 1048576K
Event: 187.823 GC heap after
Heap after GC invocations=28 (full 2):
 PSYoungGen      total 140288K, used 288K [0x0000000715980000, 0x0000000723080000, 0x00000007c0000000)
  eden space 139776K, 0% used [0x0000000715980000,0x0000000715980000,0x000000071e200000)
  from space 512K, 56% used [0x0000000723000000,0x0000000723048000,0x0000000723080000)
  to   space 5120K, 0% used [0x0000000722680000,0x0000000722680000,0x0000000722b80000)
 ParOldGen       total 203264K, used 56119K [0x00000005c0c00000, 0x00000005cd280000, 0x0000000715980000)
  object space 203264K, 27% used [0x00000005c0c00000,0x00000005c42cdee0,0x00000005cd280000)
 Metaspace       used 11352K, capacity 11603K, committed 11904K, reserved 1060864K
  class space    used 1283K, capacity 1344K, committed 1408K, reserved 1048576K
}
Event: 192.644 GC heap before
{Heap before GC invocations=29 (full 2):
 PSYoungGen      total 140288K, used 139372K [0x0000000715980000, 0x0000000723080000, 0x00000007c0000000)
  eden space 139776K, 99% used [0x0000000715980000,0x000000071e153030,0x000000071e200000)
  from space 512K, 56% used [0x0000000723000000,0x0000000723048000,0x0000000723080000)
  to   space 5120K, 0% used [0x0000000722680000,0x0000000722680000,0x0000000722b80000)
 ParOldGen       total 203264K, used 57143K [0x00000005c0c00000, 0x00000005cd280000, 0x0000000715980000)
  object space 203264K, 28% used [0x00000005c0c00000,0x00000005c43cdef0,0x00000005cd280000)
 Metaspace       used 11352K, capacity 11603K, committed 11904K, reserved 1060864K
  class space    used 1283K, capacity 1344K, committed 1408K, reserved 1048576K
Event: 192.644 GC heap after
Heap after GC invocations=29 (full 2):
 PSYoungGen      total 141312K, used 288K [0x0000000715980000, 0x0000000723080000, 0x00000007c0000000)
  eden space 136192K, 0% used [0x0000000715980000,0x0000000715980000,0x000000071de80000)
  from space 5120K, 5% used [0x0000000722680000,0x00000007226c8000,0x0000000722b80000)
  to   space 5120K, 0% used [0x0000000722b80000,0x0000000722b80000,0x0000000723080000)
 ParOldGen       total 203264K, used 57143K [0x00000005c0c00000, 0x00000005cd280000, 0x0000000715980000)
  object space 203264K, 28% used [0x00000005c0c00000,0x00000005c43cdef0,0x00000005cd280000)
 Metaspace       used 11352K, capacity 11603K, committed 11904K, reserved 1060864K
  class space    used 1283K, capacity 1344K, committed 1408K, reserved 1048576K
}
Event: 198.683 GC heap before
{Heap before GC invocations=30 (full 2):
 PSYoungGen      total 141312K, used 136480K [0x0000000715980000, 0x0000000723080000, 0x00000007c0000000)
  eden space 136192K, 100% used [0x0000000715980000,0x000000071de80000,0x000000071de80000)
  from space 5120K, 5% used [0x0000000722680000,0x00000007226c8000,0x0000000722b80000)
  to   space 5120K, 0% used [0x0000000722b80000,0x0000000722b80000,0x0000000723080000)
 ParOldGen       total 203264K, used 98107K [0x00000005c0c00000, 0x00000005cd280000, 0x0000000715980000)
  object space 203264K, 48% used [0x00000005c0c00000,0x00000005c6bcec40,0x00000005cd280000)
 Metaspace       used 11352K, capacity 11603K, committed 11904K, reserved 1060864K
  class space    used 1283K, capacity 1344K, committed 1408K, reserved 1048576K
Event: 198.687 GC heap after
Heap after GC invocations=30 (full 2):
 PSYoungGen      total 133632K, used 288K [0x0000000715980000, 0x0000000722c00000, 0x00000007c0000000)
  eden space 133120K, 0% used [0x0000000715980000,0x0000000715980000,0x000000071db80000)
  from space 512K, 56% used [0x0000000722b80000,0x0000000722bc8000,0x0000000722c00000)
  to   space 4608K, 0% used [0x0000000722300000,0x0000000722300000,0x0000000722780000)
 ParOldGen       total 203264K, used 98107K [0x00000005c0c00000, 0x00000005cd280000, 0x0000000715980000)
  object space 203264K, 48% used [0x00000005c0c00000,0x00000005c6bcec40,0x00000005cd280000)
 Metaspace       used 11352K, capacity 11603K, committed 11904K, reserved 1060864K
  class space    used 1283K, capacity 1344K, committed 1408K, reserved 1048576K
}

