# JRE version: Java(TM) SE Runtime Environment (8.0_25-b18) (build 1.8.0_25-b18)
# Java VM: Java HotSpot(TM) 64-Bit Server VM (25.25-b02 mixed mode windows-amd64 compressed oops)
Heap:
 PSYoungGen      total 321024K, used 27063K [0x0000000715980000, 0x000000075bf80000, 0x00000007c0000000)
  eden space 315904K, 7% used [0x0000000715980000,0x0000000716f63910,0x0000000728e00000)
  from space 5120K, 90% used [0x000000075ba80000,0x000000075bf0a518,0x000000075bf80000)
  to   space 23552K, 0% used [0x0000000759180000,0x0000000759180000,0x000000075a880000)
 ParOldGen       total 349696K, used 41287K [0x00000005c0c00000, 0x00000005d6180000, 0x0000000715980000)
  object space 349696K, 11% used [0x00000005c0c00000,0x00000005c3451f58,0x00000005d6180000)
 Metaspace       used 9719K, capacity 9905K, committed 9984K, reserved 1058816K
  class space    used 955K, capacity 1011K, committed 1024K, reserved 1048576K
GC Heap History (10 events):
Event: 54.988 GC heap before
{Heap before GC invocations=64 (full 0):
 PSYoungGen      total 382976K, used 382797K [0x0000000715980000, 0x000000075f180000, 0x00000007c0000000)
  eden space 378368K, 100% used [0x0000000715980000,0x000000072cb00000,0x000000072cb00000)
  from space 4608K, 96% used [0x000000075cc80000,0x000000075d0d3760,0x000000075d100000)
  to   space 20480K, 0% used [0x000000075dd80000,0x000000075dd80000,0x000000075f180000)
 ParOldGen       total 349696K, used 38439K [0x00000005c0c00000, 0x00000005d6180000, 0x0000000715980000)
  object space 349696K, 10% used [0x00000005c0c00000,0x00000005c3189f58,0x00000005d6180000)
 Metaspace       used 9719K, capacity 9905K, committed 9984K, reserved 1058816K
  class space    used 955K, capacity 1011K, committed 1024K, reserved 1048576K
Event: 54.994 GC heap after
Heap after GC invocations=64 (full 0):
 PSYoungGen      total 378880K, used 14015K [0x0000000715980000, 0x000000075eb80000, 0x00000007c0000000)
  eden space 364544K, 0% used [0x0000000715980000,0x0000000715980000,0x000000072bd80000)
  from space 14336K, 97% used [0x000000075dd80000,0x000000075eb2fcd8,0x000000075eb80000)
  to   space 21504K, 0% used [0x000000075c180000,0x000000075c180000,0x000000075d680000)
 ParOldGen       total 349696K, used 39855K [0x00000005c0c00000, 0x00000005d6180000, 0x0000000715980000)
  object space 349696K, 11% used [0x00000005c0c00000,0x00000005c32ebf58,0x00000005d6180000)
 Metaspace       used 9719K, capacity 9905K, committed 9984K, reserved 1058816K
  class space    used 955K, capacity 1011K, committed 1024K, reserved 1048576K
}
Event: 55.486 GC heap before
{Heap before GC invocations=65 (full 0):
 PSYoungGen      total 378880K, used 378559K [0x0000000715980000, 0x000000075eb80000, 0x00000007c0000000)
  eden space 364544K, 100% used [0x0000000715980000,0x000000072bd80000,0x000000072bd80000)
  from space 14336K, 97% used [0x000000075dd80000,0x000000075eb2fcd8,0x000000075eb80000)
  to   space 21504K, 0% used [0x000000075c180000,0x000000075c180000,0x000000075d680000)
 ParOldGen       total 349696K, used 39855K [0x00000005c0c00000, 0x00000005d6180000, 0x0000000715980000)
  object space 349696K, 11% used [0x00000005c0c00000,0x00000005c32ebf58,0x00000005d6180000)
 Metaspace       used 9719K, capacity 9905K, committed 9984K, reserved 1058816K
  class space    used 955K, capacity 1011K, committed 1024K, reserved 1048576K
Event: 55.491 GC heap after
Heap after GC invocations=65 (full 0):
 PSYoungGen      total 367616K, used 15958K [0x0000000715980000, 0x000000075de00000, 0x00000007c0000000)
  eden space 351232K, 0% used [0x0000000715980000,0x0000000715980000,0x000000072b080000)
  from space 16384K, 97% used [0x000000075c180000,0x000000075d115be8,0x000000075d180000)
  to   space 12800K, 0% used [0x000000075d180000,0x000000075d180000,0x000000075de00000)
 ParOldGen       total 349696K, used 39863K [0x00000005c0c00000, 0x00000005d6180000, 0x0000000715980000)
  object space 349696K, 11% used [0x00000005c0c00000,0x00000005c32edf58,0x00000005d6180000)
 Metaspace       used 9719K, capacity 9905K, committed 9984K, reserved 1058816K
  class space    used 955K, capacity 1011K, committed 1024K, reserved 1048576K
}
Event: 55.978 GC heap before
{Heap before GC invocations=66 (full 0):
 PSYoungGen      total 367616K, used 367190K [0x0000000715980000, 0x000000075de00000, 0x00000007c0000000)
  eden space 351232K, 100% used [0x0000000715980000,0x000000072b080000,0x000000072b080000)
  from space 16384K, 97% used [0x000000075c180000,0x000000075d115be8,0x000000075d180000)
  to   space 12800K, 0% used [0x000000075d180000,0x000000075d180000,0x000000075de00000)
 ParOldGen       total 349696K, used 39863K [0x00000005c0c00000, 0x00000005d6180000, 0x0000000715980000)
  object space 349696K, 11% used [0x00000005c0c00000,0x00000005c32edf58,0x00000005d6180000)
 Metaspace       used 9719K, capacity 9905K, committed 9984K, reserved 1058816K
  class space    used 955K, capacity 1011K, committed 1024K, reserved 1048576K
Event: 55.982 GC heap after
Heap after GC invocations=66 (full 0):
 PSYoungGen      total 343040K, used 3945K [0x0000000715980000, 0x000000075d580000, 0x00000007c0000000)
  eden space 338944K, 0% used [0x0000000715980000,0x0000000715980000,0x000000072a480000)
  from space 4096K, 96% used [0x000000075d180000,0x000000075d55a518,0x000000075d580000)
  to   space 22528K, 0% used [0x000000075a980000,0x000000075a980000,0x000000075bf80000)
 ParOldGen       total 349696K, used 41279K [0x00000005c0c00000, 0x00000005d6180000, 0x0000000715980000)
  object space 349696K, 11% used [0x00000005c0c00000,0x00000005c344ff58,0x00000005d6180000)
 Metaspace       used 9719K, capacity 9905K, committed 9984K, reserved 1058816K
  class space    used 955K, capacity 1011K, committed 1024K, reserved 1048576K
}
Event: 56.407 GC heap before
{Heap before GC invocations=67 (full 0):
 PSYoungGen      total 343040K, used 342889K [0x0000000715980000, 0x000000075d580000, 0x00000007c0000000)
  eden space 338944K, 100% used [0x0000000715980000,0x000000072a480000,0x000000072a480000)
  from space 4096K, 96% used [0x000000075d180000,0x000000075d55a518,0x000000075d580000)
  to   space 22528K, 0% used [0x000000075a980000,0x000000075a980000,0x000000075bf80000)
 ParOldGen       total 349696K, used 41279K [0x00000005c0c00000, 0x00000005d6180000, 0x0000000715980000)
  object space 349696K, 11% used [0x00000005c0c00000,0x00000005c344ff58,0x00000005d6180000)
 Metaspace       used 9719K, capacity 9905K, committed 9984K, reserved 1058816K
  class space    used 955K, capacity 1011K, committed 1024K, reserved 1048576K
Event: 56.411 GC heap after
Heap after GC invocations=67 (full 0):
 PSYoungGen      total 343552K, used 16297K [0x0000000715980000, 0x000000075d200000, 0x00000007c0000000)
  eden space 327168K, 0% used [0x0000000715980000,0x0000000715980000,0x0000000729900000)
  from space 16384K, 99% used [0x000000075a980000,0x000000075b96a548,0x000000075b980000)
  to   space 24064K, 0% used [0x000000075ba80000,0x000000075ba80000,0x000000075d200000)
 ParOldGen       total 349696K, used 41279K [0x00000005c0c00000, 0x00000005d6180000, 0x0000000715980000)
  object space 349696K, 11% used [0x00000005c0c00000,0x00000005c344ff58,0x00000005d6180000)
 Metaspace       used 9719K, capacity 9905K, committed 9984K, reserved 1058816K
  class space    used 955K, capacity 1011K, committed 1024K, reserved 1048576K
}
Event: 56.844 GC heap before
{Heap before GC invocations=68 (full 0):
 PSYoungGen      total 343552K, used 343465K [0x0000000715980000, 0x000000075d200000, 0x00000007c0000000)
  eden space 327168K, 100% used [0x0000000715980000,0x0000000729900000,0x0000000729900000)
  from space 16384K, 99% used [0x000000075a980000,0x000000075b96a548,0x000000075b980000)
  to   space 24064K, 0% used [0x000000075ba80000,0x000000075ba80000,0x000000075d200000)
 ParOldGen       total 349696K, used 41279K [0x00000005c0c00000, 0x00000005d6180000, 0x0000000715980000)
  object space 349696K, 11% used [0x00000005c0c00000,0x00000005c344ff58,0x00000005d6180000)
 Metaspace       used 9719K, capacity 9905K, committed 9984K, reserved 1058816K
  class space    used 955K, capacity 1011K, committed 1024K, reserved 1048576K
Event: 56.849 GC heap after
Heap after GC invocations=68 (full 0):
 PSYoungGen      total 321024K, used 4649K [0x0000000715980000, 0x000000075bf80000, 0x00000007c0000000)
  eden space 315904K, 0% used [0x0000000715980000,0x0000000715980000,0x0000000728e00000)
  from space 5120K, 90% used [0x000000075ba80000,0x000000075bf0a518,0x000000075bf80000)
  to   space 23552K, 0% used [0x0000000759180000,0x0000000759180000,0x000000075a880000)
 ParOldGen       total 349696K, used 41287K [0x00000005c0c00000, 0x00000005d6180000, 0x0000000715980000)
  object space 349696K, 11% used [0x00000005c0c00000,0x00000005c3451f58,0x00000005d6180000)
 Metaspace       used 9719K, capacity 9905K, committed 9984K, reserved 1058816K
  class space    used 955K, capacity 1011K, committed 1024K, reserved 1048576K
}

