# JRE version: Java(TM) SE Runtime Environment (8.0_25-b18) (build 1.8.0_25-b18)
# Java VM: Java HotSpot(TM) 64-Bit Server VM (25.25-b02 mixed mode windows-amd64 compressed oops)
Heap:
 PSYoungGen      total 64000K, used 906K [0x0000000715980000, 0x0000000719d00000, 0x00000007c0000000)
  eden space 59904K, 0% used [0x0000000715980000,0x00000007159d4320,0x0000000719400000)
  from space 4096K, 13% used [0x0000000719900000,0x000000071998e7a0,0x0000000719d00000)
  to   space 4608K, 0% used [0x0000000719400000,0x0000000719400000,0x0000000719880000)
 ParOldGen       total 349696K, used 42524K [0x00000005c0c00000, 0x00000005d6180000, 0x0000000715980000)
  object space 349696K, 12% used [0x00000005c0c00000,0x00000005c35871b0,0x00000005d6180000)
 Metaspace       used 14675K, capacity 14923K, committed 15104K, reserved 1062912K
  class space    used 1637K, capacity 1712K, committed 1792K, reserved 1048576K
GC Heap History (10 events):
Event: 84.898 GC heap before
{Heap before GC invocations=48 (full 0):
 PSYoungGen      total 64000K, used 63127K [0x0000000715980000, 0x0000000719f80000, 0x00000007c0000000)
  eden space 62464K, 98% used [0x0000000715980000,0x00000007195dbf98,0x0000000719680000)
  from space 1536K, 85% used [0x0000000719700000,0x0000000719849d08,0x0000000719880000)
  to   space 4608K, 0% used [0x0000000719b00000,0x0000000719b00000,0x0000000719f80000)
 ParOldGen       total 349696K, used 41306K [0x00000005c0c00000, 0x00000005d6180000, 0x0000000715980000)
  object space 349696K, 11% used [0x00000005c0c00000,0x00000005c3456890,0x00000005d6180000)
 Metaspace       used 14666K, capacity 14923K, committed 15104K, reserved 1062912K
  class space    used 1637K, capacity 1712K, committed 1792K, reserved 1048576K
Event: 84.899 GC heap after
Heap after GC invocations=48 (full 0):
 PSYoungGen      total 66048K, used 1301K [0x0000000715980000, 0x0000000719f00000, 0x00000007c0000000)
  eden space 61952K, 0% used [0x0000000715980000,0x0000000715980000,0x0000000719600000)
  from space 4096K, 31% used [0x0000000719b00000,0x0000000719c45650,0x0000000719f00000)
  to   space 4608K, 0% used [0x0000000719600000,0x0000000719600000,0x0000000719a80000)
 ParOldGen       total 349696K, used 41338K [0x00000005c0c00000, 0x00000005d6180000, 0x0000000715980000)
  object space 349696K, 11% used [0x00000005c0c00000,0x00000005c345e890,0x00000005d6180000)
 Metaspace       used 14666K, capacity 14923K, committed 15104K, reserved 1062912K
  class space    used 1637K, capacity 1712K, committed 1792K, reserved 1048576K
}
Event: 86.054 GC heap before
{Heap before GC invocations=49 (full 0):
 PSYoungGen      total 66048K, used 63219K [0x0000000715980000, 0x0000000719f00000, 0x00000007c0000000)
  eden space 61952K, 99% used [0x0000000715980000,0x00000007195f7680,0x0000000719600000)
  from space 4096K, 31% used [0x0000000719b00000,0x0000000719c45650,0x0000000719f00000)
  to   space 4608K, 0% used [0x0000000719600000,0x0000000719600000,0x0000000719a80000)
 ParOldGen       total 349696K, used 41338K [0x00000005c0c00000, 0x00000005d6180000, 0x0000000715980000)
  object space 349696K, 11% used [0x00000005c0c00000,0x00000005c345e890,0x00000005d6180000)
 Metaspace       used 14666K, capacity 14923K, committed 15104K, reserved 1062912K
  class space    used 1637K, capacity 1712K, committed 1792K, reserved 1048576K
Event: 86.055 GC heap after
Heap after GC invocations=49 (full 0):
 PSYoungGen      total 66048K, used 3371K [0x0000000715980000, 0x0000000719f80000, 0x00000007c0000000)
  eden space 61440K, 0% used [0x0000000715980000,0x0000000715980000,0x0000000719580000)
  from space 4608K, 73% used [0x0000000719600000,0x000000071994ac78,0x0000000719a80000)
  to   space 5120K, 0% used [0x0000000719a80000,0x0000000719a80000,0x0000000719f80000)
 ParOldGen       total 349696K, used 41362K [0x00000005c0c00000, 0x00000005d6180000, 0x0000000715980000)
  object space 349696K, 11% used [0x00000005c0c00000,0x00000005c3464890,0x00000005d6180000)
 Metaspace       used 14666K, capacity 14923K, committed 15104K, reserved 1062912K
  class space    used 1637K, capacity 1712K, committed 1792K, reserved 1048576K
}
Event: 87.166 GC heap before
{Heap before GC invocations=50 (full 0):
 PSYoungGen      total 66048K, used 64800K [0x0000000715980000, 0x0000000719f80000, 0x00000007c0000000)
  eden space 61440K, 99% used [0x0000000715980000,0x000000071957d690,0x0000000719580000)
  from space 4608K, 73% used [0x0000000719600000,0x000000071994ac78,0x0000000719a80000)
  to   space 5120K, 0% used [0x0000000719a80000,0x0000000719a80000,0x0000000719f80000)
 ParOldGen       total 349696K, used 41362K [0x00000005c0c00000, 0x00000005d6180000, 0x0000000715980000)
  object space 349696K, 11% used [0x00000005c0c00000,0x00000005c3464890,0x00000005d6180000)
 Metaspace       used 14671K, capacity 14923K, committed 15104K, reserved 1062912K
  class space    used 1637K, capacity 1712K, committed 1792K, reserved 1048576K
Event: 87.167 GC heap after
Heap after GC invocations=50 (full 0):
 PSYoungGen      total 65536K, used 292K [0x0000000715980000, 0x0000000719f00000, 0x00000007c0000000)
  eden space 60928K, 0% used [0x0000000715980000,0x0000000715980000,0x0000000719500000)
  from space 4608K, 6% used [0x0000000719a80000,0x0000000719ac9280,0x0000000719f00000)
  to   space 5120K, 0% used [0x0000000719500000,0x0000000719500000,0x0000000719a00000)
 ParOldGen       total 349696K, used 41386K [0x00000005c0c00000, 0x00000005d6180000, 0x0000000715980000)
  object space 349696K, 11% used [0x00000005c0c00000,0x00000005c346a890,0x00000005d6180000)
 Metaspace       used 14671K, capacity 14923K, committed 15104K, reserved 1062912K
  class space    used 1637K, capacity 1712K, committed 1792K, reserved 1048576K
}
Event: 88.321 GC heap before
{Heap before GC invocations=51 (full 0):
 PSYoungGen      total 65536K, used 60645K [0x0000000715980000, 0x0000000719f00000, 0x00000007c0000000)
  eden space 60928K, 99% used [0x0000000715980000,0x00000007194701b8,0x0000000719500000)
  from space 4608K, 6% used [0x0000000719a80000,0x0000000719ac9280,0x0000000719f00000)
  to   space 5120K, 0% used [0x0000000719500000,0x0000000719500000,0x0000000719a00000)
 ParOldGen       total 349696K, used 42410K [0x00000005c0c00000, 0x00000005d6180000, 0x0000000715980000)
  object space 349696K, 12% used [0x00000005c0c00000,0x00000005c356a8a0,0x00000005d6180000)
 Metaspace       used 14673K, capacity 14923K, committed 15104K, reserved 1062912K
  class space    used 1637K, capacity 1712K, committed 1792K, reserved 1048576K
Event: 88.323 GC heap after
Heap after GC invocations=51 (full 0):
 PSYoungGen      total 60928K, used 302K [0x0000000715980000, 0x0000000719d80000, 0x00000007c0000000)
  eden space 60416K, 0% used [0x0000000715980000,0x0000000715980000,0x0000000719480000)
  from space 512K, 59% used [0x0000000719500000,0x000000071954bb28,0x0000000719580000)
  to   space 4608K, 0% used [0x0000000719900000,0x0000000719900000,0x0000000719d80000)
 ParOldGen       total 349696K, used 42458K [0x00000005c0c00000, 0x00000005d6180000, 0x0000000715980000)
  object space 349696K, 12% used [0x00000005c0c00000,0x00000005c35768a0,0x00000005d6180000)
 Metaspace       used 14673K, capacity 14923K, committed 15104K, reserved 1062912K
  class space    used 1637K, capacity 1712K, committed 1792K, reserved 1048576K
}
Event: 89.435 GC heap before
{Heap before GC invocations=52 (full 0):
 PSYoungGen      total 60928K, used 60718K [0x0000000715980000, 0x0000000719d80000, 0x00000007c0000000)
  eden space 60416K, 100% used [0x0000000715980000,0x0000000719480000,0x0000000719480000)
  from space 512K, 59% used [0x0000000719500000,0x000000071954bb28,0x0000000719580000)
  to   space 4608K, 0% used [0x0000000719900000,0x0000000719900000,0x0000000719d80000)
 ParOldGen       total 349696K, used 42500K [0x00000005c0c00000, 0x00000005d6180000, 0x0000000715980000)
  object space 349696K, 12% used [0x00000005c0c00000,0x00000005c35811b0,0x00000005d6180000)
 Metaspace       used 14675K, capacity 14923K, committed 15104K, reserved 1062912K
  class space    used 1637K, capacity 1712K, committed 1792K, reserved 1048576K
Event: 89.436 GC heap after
Heap after GC invocations=52 (full 0):
 PSYoungGen      total 64000K, used 569K [0x0000000715980000, 0x0000000719d00000, 0x00000007c0000000)
  eden space 59904K, 0% used [0x0000000715980000,0x0000000715980000,0x0000000719400000)
  from space 4096K, 13% used [0x0000000719900000,0x000000071998e7a0,0x0000000719d00000)
  to   space 4608K, 0% used [0x0000000719400000,0x0000000719400000,0x0000000719880000)
 ParOldGen       total 349696K, used 42524K [0x00000005c0c00000, 0x00000005d6180000, 0x0000000715980000)
  object space 349696K, 12% used [0x00000005c0c00000,0x00000005c35871b0,0x00000005d6180000)
 Metaspace       used 14675K, capacity 14923K, committed 15104K, reserved 1062912K
  class space    used 1637K, capacity 1712K, committed 1792K, reserved 1048576K
}

