# JRE version: Java(TM) SE Runtime Environment (8.0_25-b18) (build 1.8.0_25-b18)
# Java VM: Java HotSpot(TM) 64-Bit Server VM (25.25-b02 mixed mode windows-amd64 compressed oops)
Heap:
 PSYoungGen      total 43008K, used 1075K [0x0000000715980000, 0x0000000718580000, 0x00000007c0000000)
  eden space 40960K, 1% used [0x0000000715980000,0x0000000715a14050,0x0000000718180000)
  from space 2048K, 23% used [0x0000000718180000,0x00000007181f8d30,0x0000000718380000)
  to   space 2048K, 0% used [0x0000000718380000,0x0000000718380000,0x0000000718580000)
 ParOldGen       total 349696K, used 165892K [0x00000005c0c00000, 0x00000005d6180000, 0x0000000715980000)
  object space 349696K, 47% used [0x00000005c0c00000,0x00000005cae010a0,0x00000005d6180000)
 Metaspace       used 14689K, capacity 14987K, committed 15104K, reserved 1062912K
  class space    used 1638K, capacity 1712K, committed 1792K, reserved 1048576K
GC Heap History (10 events):
Event: 151.803 GC heap before
{Heap before GC invocations=133 (full 0):
 PSYoungGen      total 43008K, used 41557K [0x0000000715980000, 0x0000000718580000, 0x00000007c0000000)
  eden space 40960K, 99% used [0x0000000715980000,0x0000000718176698,0x0000000718180000)
  from space 2048K, 31% used [0x0000000718380000,0x000000071841f158,0x0000000718580000)
  to   space 2048K, 0% used [0x0000000718180000,0x0000000718180000,0x0000000718380000)
 ParOldGen       total 349696K, used 161642K [0x00000005c0c00000, 0x00000005d6180000, 0x0000000715980000)
  object space 349696K, 46% used [0x00000005c0c00000,0x00000005ca9dabd0,0x00000005d6180000)
 Metaspace       used 14689K, capacity 14987K, committed 15104K, reserved 1062912K
  class space    used 1638K, capacity 1712K, committed 1792K, reserved 1048576K
Event: 151.805 GC heap after
Heap after GC invocations=133 (full 0):
 PSYoungGen      total 43008K, used 1533K [0x0000000715980000, 0x0000000718580000, 0x00000007c0000000)
  eden space 40960K, 0% used [0x0000000715980000,0x0000000715980000,0x0000000718180000)
  from space 2048K, 74% used [0x0000000718180000,0x00000007182ff6c0,0x0000000718380000)
  to   space 2048K, 0% used [0x0000000718380000,0x0000000718380000,0x0000000718580000)
 ParOldGen       total 349696K, used 163714K [0x00000005c0c00000, 0x00000005d6180000, 0x0000000715980000)
  object space 349696K, 46% used [0x00000005c0c00000,0x00000005cabe0bf0,0x00000005d6180000)
 Metaspace       used 14689K, capacity 14987K, committed 15104K, reserved 1062912K
  class space    used 1638K, capacity 1712K, committed 1792K, reserved 1048576K
}
Event: 152.504 GC heap before
{Heap before GC invocations=134 (full 0):
 PSYoungGen      total 43008K, used 42493K [0x0000000715980000, 0x0000000718580000, 0x00000007c0000000)
  eden space 40960K, 100% used [0x0000000715980000,0x0000000718180000,0x0000000718180000)
  from space 2048K, 74% used [0x0000000718180000,0x00000007182ff6c0,0x0000000718380000)
  to   space 2048K, 0% used [0x0000000718380000,0x0000000718380000,0x0000000718580000)
 ParOldGen       total 349696K, used 165764K [0x00000005c0c00000, 0x00000005d6180000, 0x0000000715980000)
  object space 349696K, 47% used [0x00000005c0c00000,0x00000005cade10a0,0x00000005d6180000)
 Metaspace       used 14689K, capacity 14987K, committed 15104K, reserved 1062912K
  class space    used 1638K, capacity 1712K, committed 1792K, reserved 1048576K
Event: 152.505 GC heap after
Heap after GC invocations=134 (full 0):
 PSYoungGen      total 43008K, used 511K [0x0000000715980000, 0x0000000718580000, 0x00000007c0000000)
  eden space 40960K, 0% used [0x0000000715980000,0x0000000715980000,0x0000000718180000)
  from space 2048K, 24% used [0x0000000718380000,0x00000007183ffc98,0x0000000718580000)
  to   space 2048K, 0% used [0x0000000718180000,0x0000000718180000,0x0000000718380000)
 ParOldGen       total 349696K, used 165788K [0x00000005c0c00000, 0x00000005d6180000, 0x0000000715980000)
  object space 349696K, 47% used [0x00000005c0c00000,0x00000005cade70a0,0x00000005d6180000)
 Metaspace       used 14689K, capacity 14987K, committed 15104K, reserved 1062912K
  class space    used 1638K, capacity 1712K, committed 1792K, reserved 1048576K
}
Event: 153.184 GC heap before
{Heap before GC invocations=135 (full 0):
 PSYoungGen      total 43008K, used 41471K [0x0000000715980000, 0x0000000718580000, 0x00000007c0000000)
  eden space 40960K, 100% used [0x0000000715980000,0x0000000718180000,0x0000000718180000)
  from space 2048K, 24% used [0x0000000718380000,0x00000007183ffc98,0x0000000718580000)
  to   space 2048K, 0% used [0x0000000718180000,0x0000000718180000,0x0000000718380000)
 ParOldGen       total 349696K, used 165788K [0x00000005c0c00000, 0x00000005d6180000, 0x0000000715980000)
  object space 349696K, 47% used [0x00000005c0c00000,0x00000005cade70a0,0x00000005d6180000)
 Metaspace       used 14689K, capacity 14987K, committed 15104K, reserved 1062912K
  class space    used 1638K, capacity 1712K, committed 1792K, reserved 1048576K
Event: 153.185 GC heap after
Heap after GC invocations=135 (full 0):
 PSYoungGen      total 43008K, used 480K [0x0000000715980000, 0x0000000718580000, 0x00000007c0000000)
  eden space 40960K, 0% used [0x0000000715980000,0x0000000715980000,0x0000000718180000)
  from space 2048K, 23% used [0x0000000718180000,0x00000007181f8280,0x0000000718380000)
  to   space 2048K, 0% used [0x0000000718380000,0x0000000718380000,0x0000000718580000)
 ParOldGen       total 349696K, used 165812K [0x00000005c0c00000, 0x00000005d6180000, 0x0000000715980000)
  object space 349696K, 47% used [0x00000005c0c00000,0x00000005caded0a0,0x00000005d6180000)
 Metaspace       used 14689K, capacity 14987K, committed 15104K, reserved 1062912K
  class space    used 1638K, capacity 1712K, committed 1792K, reserved 1048576K
}
Event: 153.831 GC heap before
{Heap before GC invocations=136 (full 0):
 PSYoungGen      total 43008K, used 41418K [0x0000000715980000, 0x0000000718580000, 0x00000007c0000000)
  eden space 40960K, 99% used [0x0000000715980000,0x000000071817a8d0,0x0000000718180000)
  from space 2048K, 23% used [0x0000000718180000,0x00000007181f8280,0x0000000718380000)
  to   space 2048K, 0% used [0x0000000718380000,0x0000000718380000,0x0000000718580000)
 ParOldGen       total 349696K, used 165812K [0x00000005c0c00000, 0x00000005d6180000, 0x0000000715980000)
  object space 349696K, 47% used [0x00000005c0c00000,0x00000005caded0a0,0x00000005d6180000)
 Metaspace       used 14689K, capacity 14987K, committed 15104K, reserved 1062912K
  class space    used 1638K, capacity 1712K, committed 1792K, reserved 1048576K
Event: 153.833 GC heap after
Heap after GC invocations=136 (full 0):
 PSYoungGen      total 43008K, used 481K [0x0000000715980000, 0x0000000718580000, 0x00000007c0000000)
  eden space 40960K, 0% used [0x0000000715980000,0x0000000715980000,0x0000000718180000)
  from space 2048K, 23% used [0x0000000718380000,0x00000007183f87d8,0x0000000718580000)
  to   space 2048K, 0% used [0x0000000718180000,0x0000000718180000,0x0000000718380000)
 ParOldGen       total 349696K, used 165836K [0x00000005c0c00000, 0x00000005d6180000, 0x0000000715980000)
  object space 349696K, 47% used [0x00000005c0c00000,0x00000005cadf30a0,0x00000005d6180000)
 Metaspace       used 14689K, capacity 14987K, committed 15104K, reserved 1062912K
  class space    used 1638K, capacity 1712K, committed 1792K, reserved 1048576K
}
Event: 154.456 GC heap before
{Heap before GC invocations=137 (full 0):
 PSYoungGen      total 43008K, used 41441K [0x0000000715980000, 0x0000000718580000, 0x00000007c0000000)
  eden space 40960K, 100% used [0x0000000715980000,0x0000000718180000,0x0000000718180000)
  from space 2048K, 23% used [0x0000000718380000,0x00000007183f87d8,0x0000000718580000)
  to   space 2048K, 0% used [0x0000000718180000,0x0000000718180000,0x0000000718380000)
 ParOldGen       total 349696K, used 165836K [0x00000005c0c00000, 0x00000005d6180000, 0x0000000715980000)
  object space 349696K, 47% used [0x00000005c0c00000,0x00000005cadf30a0,0x00000005d6180000)
 Metaspace       used 14689K, capacity 14987K, committed 15104K, reserved 1062912K
  class space    used 1638K, capacity 1712K, committed 1792K, reserved 1048576K
Event: 154.459 GC heap after
Heap after GC invocations=137 (full 0):
 PSYoungGen      total 43008K, used 483K [0x0000000715980000, 0x0000000718580000, 0x00000007c0000000)
  eden space 40960K, 0% used [0x0000000715980000,0x0000000715980000,0x0000000718180000)
  from space 2048K, 23% used [0x0000000718180000,0x00000007181f8d30,0x0000000718380000)
  to   space 2048K, 0% used [0x0000000718380000,0x0000000718380000,0x0000000718580000)
 ParOldGen       total 349696K, used 165892K [0x00000005c0c00000, 0x00000005d6180000, 0x0000000715980000)
  object space 349696K, 47% used [0x00000005c0c00000,0x00000005cae010a0,0x00000005d6180000)
 Metaspace       used 14689K, capacity 14987K, committed 15104K, reserved 1062912K
  class space    used 1638K, capacity 1712K, committed 1792K, reserved 1048576K
}

