# JRE version: Java(TM) SE Runtime Environment (8.0_25-b18) (build 1.8.0_25-b18)
# Java VM: Java HotSpot(TM) 64-Bit Server VM (25.25-b02 mixed mode windows-amd64 compressed oops)
Heap:
 PSYoungGen      total 153088K, used 130859K [0x0000000715980000, 0x0000000720400000, 0x00000007c0000000)
  eden space 131584K, 85% used [0x0000000715980000,0x000000071c6eee60,0x000000071da00000)
  from space 21504K, 87% used [0x000000071ef00000,0x000000072015be50,0x0000000720400000)
  to   space 21504K, 0% used [0x000000071da00000,0x000000071da00000,0x000000071ef00000)
 ParOldGen       total 349696K, used 15018K [0x00000005c0c00000, 0x00000005d6180000, 0x0000000715980000)
  object space 349696K, 4% used [0x00000005c0c00000,0x00000005c1aaa800,0x00000005d6180000)
 Metaspace       used 14331K, capacity 14647K, committed 14848K, reserved 1062912K
  class space    used 1623K, capacity 1700K, committed 1792K, reserved 1048576K
GC Heap History (8 events):
Event: 1.039 GC heap before
{Heap before GC invocations=1 (full 0):
 PSYoungGen      total 153088K, used 131584K [0x0000000715980000, 0x0000000720400000, 0x00000007c0000000)
  eden space 131584K, 100% used [0x0000000715980000,0x000000071da00000,0x000000071da00000)
  from space 21504K, 0% used [0x000000071ef00000,0x000000071ef00000,0x0000000720400000)
  to   space 21504K, 0% used [0x000000071da00000,0x000000071da00000,0x000000071ef00000)
 ParOldGen       total 349696K, used 0K [0x00000005c0c00000, 0x00000005d6180000, 0x0000000715980000)
  object space 349696K, 0% used [0x00000005c0c00000,0x00000005c0c00000,0x00000005d6180000)
 Metaspace       used 12683K, capacity 12885K, committed 13056K, reserved 1060864K
  class space    used 1492K, capacity 1529K, committed 1536K, reserved 1048576K
Event: 1.048 GC heap after
Heap after GC invocations=1 (full 0):
 PSYoungGen      total 153088K, used 19641K [0x0000000715980000, 0x0000000720400000, 0x00000007c0000000)
  eden space 131584K, 0% used [0x0000000715980000,0x0000000715980000,0x000000071da00000)
  from space 21504K, 91% used [0x000000071da00000,0x000000071ed2e458,0x000000071ef00000)
  to   space 21504K, 0% used [0x000000071ef00000,0x000000071ef00000,0x0000000720400000)
 ParOldGen       total 349696K, used 16K [0x00000005c0c00000, 0x00000005d6180000, 0x0000000715980000)
  object space 349696K, 0% used [0x00000005c0c00000,0x00000005c0c04000,0x00000005d6180000)
 Metaspace       used 12683K, capacity 12885K, committed 13056K, reserved 1060864K
  class space    used 1492K, capacity 1529K, committed 1536K, reserved 1048576K
}
Event: 1.671 GC heap before
{Heap before GC invocations=2 (full 0):
 PSYoungGen      total 153088K, used 150846K [0x0000000715980000, 0x0000000720400000, 0x00000007c0000000)
  eden space 131584K, 99% used [0x0000000715980000,0x000000071d9a15e8,0x000000071da00000)
  from space 21504K, 91% used [0x000000071da00000,0x000000071ed2e458,0x000000071ef00000)
  to   space 21504K, 0% used [0x000000071ef00000,0x000000071ef00000,0x0000000720400000)
 ParOldGen       total 349696K, used 1040K [0x00000005c0c00000, 0x00000005d6180000, 0x0000000715980000)
  object space 349696K, 0% used [0x00000005c0c00000,0x00000005c0d04010,0x00000005d6180000)
 Metaspace       used 13992K, capacity 14199K, committed 14336K, reserved 1062912K
  class space    used 1622K, capacity 1700K, committed 1792K, reserved 1048576K
Event: 1.679 GC heap after
Heap after GC invocations=2 (full 0):
 PSYoungGen      total 153088K, used 21486K [0x0000000715980000, 0x0000000728480000, 0x00000007c0000000)
  eden space 131584K, 0% used [0x0000000715980000,0x0000000715980000,0x000000071da00000)
  from space 21504K, 99% used [0x000000071ef00000,0x00000007203fb8a0,0x0000000720400000)
  to   space 21504K, 0% used [0x000000071da00000,0x000000071da00000,0x000000071ef00000)
 ParOldGen       total 349696K, used 9800K [0x00000005c0c00000, 0x00000005d6180000, 0x0000000715980000)
  object space 349696K, 2% used [0x00000005c0c00000,0x00000005c15922b8,0x00000005d6180000)
 Metaspace       used 13992K, capacity 14199K, committed 14336K, reserved 1062912K
  class space    used 1622K, capacity 1700K, committed 1792K, reserved 1048576K
}
Event: 4.620 GC heap before
{Heap before GC invocations=3 (full 0):
 PSYoungGen      total 153088K, used 153070K [0x0000000715980000, 0x0000000728480000, 0x00000007c0000000)
  eden space 131584K, 100% used [0x0000000715980000,0x000000071da00000,0x000000071da00000)
  from space 21504K, 99% used [0x000000071ef00000,0x00000007203fb8a0,0x0000000720400000)
  to   space 21504K, 0% used [0x000000071da00000,0x000000071da00000,0x000000071ef00000)
 ParOldGen       total 349696K, used 10825K [0x00000005c0c00000, 0x00000005d6180000, 0x0000000715980000)
  object space 349696K, 3% used [0x00000005c0c00000,0x00000005c16926a8,0x00000005d6180000)
 Metaspace       used 14105K, capacity 14327K, committed 14592K, reserved 1062912K
  class space    used 1623K, capacity 1700K, committed 1792K, reserved 1048576K
Event: 4.625 GC heap after
Heap after GC invocations=3 (full 0):
 PSYoungGen      total 153088K, used 21496K [0x0000000715980000, 0x0000000720400000, 0x00000007c0000000)
  eden space 131584K, 0% used [0x0000000715980000,0x0000000715980000,0x000000071da00000)
  from space 21504K, 99% used [0x000000071da00000,0x000000071eefe3b0,0x000000071ef00000)
  to   space 21504K, 0% used [0x000000071ef00000,0x000000071ef00000,0x0000000720400000)
 ParOldGen       total 349696K, used 10913K [0x00000005c0c00000, 0x00000005d6180000, 0x0000000715980000)
  object space 349696K, 3% used [0x00000005c0c00000,0x00000005c16a87f0,0x00000005d6180000)
 Metaspace       used 14105K, capacity 14327K, committed 14592K, reserved 1062912K
  class space    used 1623K, capacity 1700K, committed 1792K, reserved 1048576K
}
Event: 7.535 GC heap before
{Heap before GC invocations=4 (full 0):
 PSYoungGen      total 153088K, used 152909K [0x0000000715980000, 0x0000000720400000, 0x00000007c0000000)
  eden space 131584K, 99% used [0x0000000715980000,0x000000071d9d5448,0x000000071da00000)
  from space 21504K, 99% used [0x000000071da00000,0x000000071eefe3b0,0x000000071ef00000)
  to   space 21504K, 0% used [0x000000071ef00000,0x000000071ef00000,0x0000000720400000)
 ParOldGen       total 349696K, used 10913K [0x00000005c0c00000, 0x00000005d6180000, 0x0000000715980000)
  object space 349696K, 3% used [0x00000005c0c00000,0x00000005c16a87f0,0x00000005d6180000)
 Metaspace       used 14181K, capacity 14455K, committed 14592K, reserved 1062912K
  class space    used 1623K, capacity 1700K, committed 1792K, reserved 1048576K
Event: 7.540 GC heap after
Heap after GC invocations=4 (full 0):
 PSYoungGen      total 153088K, used 18799K [0x0000000715980000, 0x0000000720400000, 0x00000007c0000000)
  eden space 131584K, 0% used [0x0000000715980000,0x0000000715980000,0x000000071da00000)
  from space 21504K, 87% used [0x000000071ef00000,0x000000072015be50,0x0000000720400000)
  to   space 21504K, 0% used [0x000000071da00000,0x000000071da00000,0x000000071ef00000)
 ParOldGen       total 349696K, used 15018K [0x00000005c0c00000, 0x00000005d6180000, 0x0000000715980000)
  object space 349696K, 4% used [0x00000005c0c00000,0x00000005c1aaa800,0x00000005d6180000)
 Metaspace       used 14181K, capacity 14455K, committed 14592K, reserved 1062912K
  class space    used 1623K, capacity 1700K, committed 1792K, reserved 1048576K
}

