# JRE version: Java(TM) SE Runtime Environment (8.0_25-b18) (build 1.8.0_25-b18)
# Java VM: Java HotSpot(TM) 64-Bit Server VM (25.25-b02 mixed mode windows-amd64 compressed oops)
Heap:
 PSYoungGen      total 51200K, used 12467K [0x0000000715980000, 0x0000000719b00000, 0x00000007c0000000)
  eden space 45568K, 15% used [0x0000000715980000,0x0000000716067bf8,0x0000000718600000)
  from space 5632K, 95% used [0x0000000718680000,0x0000000718bc53a8,0x0000000718c00000)
  to   space 10752K, 0% used [0x0000000719080000,0x0000000719080000,0x0000000719b00000)
 ParOldGen       total 349696K, used 47218K [0x00000005c0c00000, 0x00000005d6180000, 0x0000000715980000)
  object space 349696K, 13% used [0x00000005c0c00000,0x00000005c3a1c970,0x00000005d6180000)
 Metaspace       used 9443K, capacity 9691K, committed 9984K, reserved 1058816K
  class space    used 914K, capacity 984K, committed 1024K, reserved 1048576K
GC Heap History (10 events):
Event: 107.589 GC heap before
{Heap before GC invocations=219 (full 0):
 PSYoungGen      total 58368K, used 57324K [0x0000000715980000, 0x0000000719f00000, 0x00000007c0000000)
  eden space 48128K, 99% used [0x0000000715980000,0x000000071886ad58,0x0000000718880000)
  from space 10240K, 90% used [0x0000000719380000,0x0000000719c90698,0x0000000719d80000)
  to   space 11264K, 0% used [0x0000000718880000,0x0000000718880000,0x0000000719380000)
 ParOldGen       total 349696K, used 47170K [0x00000005c0c00000, 0x00000005d6180000, 0x0000000715980000)
  object space 349696K, 13% used [0x00000005c0c00000,0x00000005c3a10970,0x00000005d6180000)
 Metaspace       used 9443K, capacity 9691K, committed 9984K, reserved 1058816K
  class space    used 914K, capacity 984K, committed 1024K, reserved 1048576K
Event: 107.591 GC heap after
Heap after GC invocations=219 (full 0):
 PSYoungGen      total 53760K, used 5724K [0x0000000715980000, 0x0000000719d00000, 0x00000007c0000000)
  eden space 47616K, 0% used [0x0000000715980000,0x0000000715980000,0x0000000718800000)
  from space 6144K, 93% used [0x0000000718880000,0x0000000718e17288,0x0000000718e80000)
  to   space 10752K, 0% used [0x0000000719280000,0x0000000719280000,0x0000000719d00000)
 ParOldGen       total 349696K, used 47186K [0x00000005c0c00000, 0x00000005d6180000, 0x0000000715980000)
  object space 349696K, 13% used [0x00000005c0c00000,0x00000005c3a14970,0x00000005d6180000)
 Metaspace       used 9443K, capacity 9691K, committed 9984K, reserved 1058816K
  class space    used 914K, capacity 984K, committed 1024K, reserved 1048576K
}
Event: 108.093 GC heap before
{Heap before GC invocations=220 (full 0):
 PSYoungGen      total 53760K, used 52672K [0x0000000715980000, 0x0000000719d00000, 0x00000007c0000000)
  eden space 47616K, 98% used [0x0000000715980000,0x0000000718758f18,0x0000000718800000)
  from space 6144K, 93% used [0x0000000718880000,0x0000000718e17288,0x0000000718e80000)
  to   space 10752K, 0% used [0x0000000719280000,0x0000000719280000,0x0000000719d00000)
 ParOldGen       total 349696K, used 47186K [0x00000005c0c00000, 0x00000005d6180000, 0x0000000715980000)
  object space 349696K, 13% used [0x00000005c0c00000,0x00000005c3a14970,0x00000005d6180000)
 Metaspace       used 9443K, capacity 9691K, committed 9984K, reserved 1058816K
  class space    used 914K, capacity 984K, committed 1024K, reserved 1048576K
Event: 108.096 GC heap after
Heap after GC invocations=220 (full 0):
 PSYoungGen      total 57344K, used 7412K [0x0000000715980000, 0x0000000719c80000, 0x00000007c0000000)
  eden space 47104K, 0% used [0x0000000715980000,0x0000000715980000,0x0000000718780000)
  from space 10240K, 72% used [0x0000000719280000,0x00000007199bd298,0x0000000719c80000)
  to   space 10752K, 0% used [0x0000000718780000,0x0000000718780000,0x0000000719200000)
 ParOldGen       total 349696K, used 47194K [0x00000005c0c00000, 0x00000005d6180000, 0x0000000715980000)
  object space 349696K, 13% used [0x00000005c0c00000,0x00000005c3a16970,0x00000005d6180000)
 Metaspace       used 9443K, capacity 9691K, committed 9984K, reserved 1058816K
  class space    used 914K, capacity 984K, committed 1024K, reserved 1048576K
}
Event: 108.503 GC heap before
{Heap before GC invocations=221 (full 0):
 PSYoungGen      total 57344K, used 54516K [0x0000000715980000, 0x0000000719c80000, 0x00000007c0000000)
  eden space 47104K, 100% used [0x0000000715980000,0x0000000718780000,0x0000000718780000)
  from space 10240K, 72% used [0x0000000719280000,0x00000007199bd298,0x0000000719c80000)
  to   space 10752K, 0% used [0x0000000718780000,0x0000000718780000,0x0000000719200000)
 ParOldGen       total 349696K, used 47194K [0x00000005c0c00000, 0x00000005d6180000, 0x0000000715980000)
  object space 349696K, 13% used [0x00000005c0c00000,0x00000005c3a16970,0x00000005d6180000)
 Metaspace       used 9443K, capacity 9691K, committed 9984K, reserved 1058816K
  class space    used 914K, capacity 984K, committed 1024K, reserved 1048576K
Event: 108.505 GC heap after
Heap after GC invocations=221 (full 0):
 PSYoungGen      total 57344K, used 9324K [0x0000000715980000, 0x0000000719d00000, 0x00000007c0000000)
  eden space 46592K, 0% used [0x0000000715980000,0x0000000715980000,0x0000000718700000)
  from space 10752K, 86% used [0x0000000718780000,0x000000071909b2a8,0x0000000719200000)
  to   space 11264K, 0% used [0x0000000719200000,0x0000000719200000,0x0000000719d00000)
 ParOldGen       total 349696K, used 47202K [0x00000005c0c00000, 0x00000005d6180000, 0x0000000715980000)
  object space 349696K, 13% used [0x00000005c0c00000,0x00000005c3a18970,0x00000005d6180000)
 Metaspace       used 9443K, capacity 9691K, committed 9984K, reserved 1058816K
  class space    used 914K, capacity 984K, committed 1024K, reserved 1048576K
}
Event: 108.863 GC heap before
{Heap before GC invocations=222 (full 0):
 PSYoungGen      total 57344K, used 55916K [0x0000000715980000, 0x0000000719d00000, 0x00000007c0000000)
  eden space 46592K, 100% used [0x0000000715980000,0x0000000718700000,0x0000000718700000)
  from space 10752K, 86% used [0x0000000718780000,0x000000071909b2a8,0x0000000719200000)
  to   space 11264K, 0% used [0x0000000719200000,0x0000000719200000,0x0000000719d00000)
 ParOldGen       total 349696K, used 47202K [0x00000005c0c00000, 0x00000005d6180000, 0x0000000715980000)
  object space 349696K, 13% used [0x00000005c0c00000,0x00000005c3a18970,0x00000005d6180000)
 Metaspace       used 9443K, capacity 9691K, committed 9984K, reserved 1058816K
  class space    used 914K, capacity 984K, committed 1024K, reserved 1048576K
Event: 108.866 GC heap after
Heap after GC invocations=222 (full 0):
 PSYoungGen      total 56832K, used 4804K [0x0000000715980000, 0x0000000719c80000, 0x00000007c0000000)
  eden space 46080K, 0% used [0x0000000715980000,0x0000000715980000,0x0000000718680000)
  from space 10752K, 44% used [0x0000000719200000,0x00000007196b1288,0x0000000719c80000)
  to   space 11264K, 0% used [0x0000000718680000,0x0000000718680000,0x0000000719180000)
 ParOldGen       total 349696K, used 47210K [0x00000005c0c00000, 0x00000005d6180000, 0x0000000715980000)
  object space 349696K, 13% used [0x00000005c0c00000,0x00000005c3a1a970,0x00000005d6180000)
 Metaspace       used 9443K, capacity 9691K, committed 9984K, reserved 1058816K
  class space    used 914K, capacity 984K, committed 1024K, reserved 1048576K
}
Event: 109.217 GC heap before
{Heap before GC invocations=223 (full 0):
 PSYoungGen      total 56832K, used 50884K [0x0000000715980000, 0x0000000719c80000, 0x00000007c0000000)
  eden space 46080K, 100% used [0x0000000715980000,0x0000000718680000,0x0000000718680000)
  from space 10752K, 44% used [0x0000000719200000,0x00000007196b1288,0x0000000719c80000)
  to   space 11264K, 0% used [0x0000000718680000,0x0000000718680000,0x0000000719180000)
 ParOldGen       total 349696K, used 47210K [0x00000005c0c00000, 0x00000005d6180000, 0x0000000715980000)
  object space 349696K, 13% used [0x00000005c0c00000,0x00000005c3a1a970,0x00000005d6180000)
 Metaspace       used 9443K, capacity 9691K, committed 9984K, reserved 1058816K
  class space    used 914K, capacity 984K, committed 1024K, reserved 1048576K
Event: 109.223 GC heap after
Heap after GC invocations=223 (full 0):
 PSYoungGen      total 51200K, used 5396K [0x0000000715980000, 0x0000000719b00000, 0x00000007c0000000)
  eden space 45568K, 0% used [0x0000000715980000,0x0000000715980000,0x0000000718600000)
  from space 5632K, 95% used [0x0000000718680000,0x0000000718bc53a8,0x0000000718c00000)
  to   space 10752K, 0% used [0x0000000719080000,0x0000000719080000,0x0000000719b00000)
 ParOldGen       total 349696K, used 47218K [0x00000005c0c00000, 0x00000005d6180000, 0x0000000715980000)
  object space 349696K, 13% used [0x00000005c0c00000,0x00000005c3a1c970,0x00000005d6180000)
 Metaspace       used 9443K, capacity 9691K, committed 9984K, reserved 1058816K
  class space    used 914K, capacity 984K, committed 1024K, reserved 1048576K
}

