# JRE version: Java(TM) SE Runtime Environment (8.0_25-b18) (build 1.8.0_25-b18)
# Java VM: Java HotSpot(TM) 64-Bit Server VM (25.25-b02 mixed mode windows-amd64 compressed oops)
Heap:
 PSYoungGen      total 49664K, used 1387K [0x0000000715980000, 0x000000071c580000, 0x00000007c0000000)
  eden space 49152K, 2% used [0x0000000715980000,0x0000000715a9ad38,0x0000000718980000)
  from space 512K, 50% used [0x000000071c500000,0x000000071c540000,0x000000071c580000)
  to   space 4608K, 0% used [0x000000071bc80000,0x000000071bc80000,0x000000071c100000)
 ParOldGen       total 349696K, used 33928K [0x00000005c0c00000, 0x00000005d6180000, 0x0000000715980000)
  object space 349696K, 9% used [0x00000005c0c00000,0x00000005c2d22248,0x00000005d6180000)
 Metaspace       used 9201K, capacity 9459K, committed 9728K, reserved 1058816K
  class space    used 892K, capacity 920K, committed 1024K, reserved 1048576K
GC Heap History (10 events):
Event: 120.014 GC heap before
{Heap before GC invocations=94 (full 0):
 PSYoungGen      total 57856K, used 51968K [0x0000000715980000, 0x000000071d300000, 0x00000007c0000000)
  eden space 51712K, 100% used [0x0000000715980000,0x0000000718c00000,0x0000000718c00000)
  from space 6144K, 4% used [0x000000071c700000,0x000000071c740000,0x000000071cd00000)
  to   space 5632K, 0% used [0x000000071cd80000,0x000000071cd80000,0x000000071d300000)
 ParOldGen       total 349696K, used 33912K [0x00000005c0c00000, 0x00000005d6180000, 0x0000000715980000)
  object space 349696K, 9% used [0x00000005c0c00000,0x00000005c2d1e248,0x00000005d6180000)
 Metaspace       used 9201K, capacity 9459K, committed 9728K, reserved 1058816K
  class space    used 892K, capacity 920K, committed 1024K, reserved 1048576K
Event: 120.015 GC heap after
Heap after GC invocations=94 (full 0):
 PSYoungGen      total 51712K, used 224K [0x0000000715980000, 0x000000071ce00000, 0x00000007c0000000)
  eden space 51200K, 0% used [0x0000000715980000,0x0000000715980000,0x0000000718b80000)
  from space 512K, 43% used [0x000000071cd80000,0x000000071cdb8000,0x000000071ce00000)
  to   space 5632K, 0% used [0x000000071c300000,0x000000071c300000,0x000000071c880000)
 ParOldGen       total 349696K, used 33912K [0x00000005c0c00000, 0x00000005d6180000, 0x0000000715980000)
  object space 349696K, 9% used [0x00000005c0c00000,0x00000005c2d1e248,0x00000005d6180000)
 Metaspace       used 9201K, capacity 9459K, committed 9728K, reserved 1058816K
  class space    used 892K, capacity 920K, committed 1024K, reserved 1048576K
}
Event: 120.610 GC heap before
{Heap before GC invocations=95 (full 0):
 PSYoungGen      total 51712K, used 51424K [0x0000000715980000, 0x000000071ce00000, 0x00000007c0000000)
  eden space 51200K, 100% used [0x0000000715980000,0x0000000718b80000,0x0000000718b80000)
  from space 512K, 43% used [0x000000071cd80000,0x000000071cdb8000,0x000000071ce00000)
  to   space 5632K, 0% used [0x000000071c300000,0x000000071c300000,0x000000071c880000)
 ParOldGen       total 349696K, used 33912K [0x00000005c0c00000, 0x00000005d6180000, 0x0000000715980000)
  object space 349696K, 9% used [0x00000005c0c00000,0x00000005c2d1e248,0x00000005d6180000)
 Metaspace       used 9201K, capacity 9459K, committed 9728K, reserved 1058816K
  class space    used 892K, capacity 920K, committed 1024K, reserved 1048576K
Event: 120.611 GC heap after
Heap after GC invocations=95 (full 0):
 PSYoungGen      total 56320K, used 256K [0x0000000715980000, 0x000000071ce00000, 0x00000007c0000000)
  eden space 50688K, 0% used [0x0000000715980000,0x0000000715980000,0x0000000718b00000)
  from space 5632K, 4% used [0x000000071c300000,0x000000071c340000,0x000000071c880000)
  to   space 5120K, 0% used [0x000000071c900000,0x000000071c900000,0x000000071ce00000)
 ParOldGen       total 349696K, used 33912K [0x00000005c0c00000, 0x00000005d6180000, 0x0000000715980000)
  object space 349696K, 9% used [0x00000005c0c00000,0x00000005c2d1e248,0x00000005d6180000)
 Metaspace       used 9201K, capacity 9459K, committed 9728K, reserved 1058816K
  class space    used 892K, capacity 920K, committed 1024K, reserved 1048576K
}
Event: 121.201 GC heap before
{Heap before GC invocations=96 (full 0):
 PSYoungGen      total 56320K, used 50944K [0x0000000715980000, 0x000000071ce00000, 0x00000007c0000000)
  eden space 50688K, 100% used [0x0000000715980000,0x0000000718b00000,0x0000000718b00000)
  from space 5632K, 4% used [0x000000071c300000,0x000000071c340000,0x000000071c880000)
  to   space 5120K, 0% used [0x000000071c900000,0x000000071c900000,0x000000071ce00000)
 ParOldGen       total 349696K, used 33912K [0x00000005c0c00000, 0x00000005d6180000, 0x0000000715980000)
  object space 349696K, 9% used [0x00000005c0c00000,0x00000005c2d1e248,0x00000005d6180000)
 Metaspace       used 9201K, capacity 9459K, committed 9728K, reserved 1058816K
  class space    used 892K, capacity 920K, committed 1024K, reserved 1048576K
Event: 121.202 GC heap after
Heap after GC invocations=96 (full 0):
 PSYoungGen      total 50688K, used 256K [0x0000000715980000, 0x000000071c980000, 0x00000007c0000000)
  eden space 50176K, 0% used [0x0000000715980000,0x0000000715980000,0x0000000718a80000)
  from space 512K, 50% used [0x000000071c900000,0x000000071c940000,0x000000071c980000)
  to   space 5120K, 0% used [0x000000071bf80000,0x000000071bf80000,0x000000071c480000)
 ParOldGen       total 349696K, used 33928K [0x00000005c0c00000, 0x00000005d6180000, 0x0000000715980000)
  object space 349696K, 9% used [0x00000005c0c00000,0x00000005c2d22248,0x00000005d6180000)
 Metaspace       used 9201K, capacity 9459K, committed 9728K, reserved 1058816K
  class space    used 892K, capacity 920K, committed 1024K, reserved 1048576K
}
Event: 121.780 GC heap before
{Heap before GC invocations=97 (full 0):
 PSYoungGen      total 50688K, used 50432K [0x0000000715980000, 0x000000071c980000, 0x00000007c0000000)
  eden space 50176K, 100% used [0x0000000715980000,0x0000000718a80000,0x0000000718a80000)
  from space 512K, 50% used [0x000000071c900000,0x000000071c940000,0x000000071c980000)
  to   space 5120K, 0% used [0x000000071bf80000,0x000000071bf80000,0x000000071c480000)
 ParOldGen       total 349696K, used 33928K [0x00000005c0c00000, 0x00000005d6180000, 0x0000000715980000)
  object space 349696K, 9% used [0x00000005c0c00000,0x00000005c2d22248,0x00000005d6180000)
 Metaspace       used 9201K, capacity 9459K, committed 9728K, reserved 1058816K
  class space    used 892K, capacity 920K, committed 1024K, reserved 1048576K
Event: 121.780 GC heap after
Heap after GC invocations=97 (full 0):
 PSYoungGen      total 54784K, used 224K [0x0000000715980000, 0x000000071c980000, 0x00000007c0000000)
  eden space 49664K, 0% used [0x0000000715980000,0x0000000715980000,0x0000000718a00000)
  from space 5120K, 4% used [0x000000071bf80000,0x000000071bfb8000,0x000000071c480000)
  to   space 4608K, 0% used [0x000000071c500000,0x000000071c500000,0x000000071c980000)
 ParOldGen       total 349696K, used 33928K [0x00000005c0c00000, 0x00000005d6180000, 0x0000000715980000)
  object space 349696K, 9% used [0x00000005c0c00000,0x00000005c2d22248,0x00000005d6180000)
 Metaspace       used 9201K, capacity 9459K, committed 9728K, reserved 1058816K
  class space    used 892K, capacity 920K, committed 1024K, reserved 1048576K
}
Event: 122.357 GC heap before
{Heap before GC invocations=98 (full 0):
 PSYoungGen      total 54784K, used 49888K [0x0000000715980000, 0x000000071c980000, 0x00000007c0000000)
  eden space 49664K, 100% used [0x0000000715980000,0x0000000718a00000,0x0000000718a00000)
  from space 5120K, 4% used [0x000000071bf80000,0x000000071bfb8000,0x000000071c480000)
  to   space 4608K, 0% used [0x000000071c500000,0x000000071c500000,0x000000071c980000)
 ParOldGen       total 349696K, used 33928K [0x00000005c0c00000, 0x00000005d6180000, 0x0000000715980000)
  object space 349696K, 9% used [0x00000005c0c00000,0x00000005c2d22248,0x00000005d6180000)
 Metaspace       used 9201K, capacity 9459K, committed 9728K, reserved 1058816K
  class space    used 892K, capacity 920K, committed 1024K, reserved 1048576K
Event: 122.358 GC heap after
Heap after GC invocations=98 (full 0):
 PSYoungGen      total 49664K, used 256K [0x0000000715980000, 0x000000071c580000, 0x00000007c0000000)
  eden space 49152K, 0% used [0x0000000715980000,0x0000000715980000,0x0000000718980000)
  from space 512K, 50% used [0x000000071c500000,0x000000071c540000,0x000000071c580000)
  to   space 4608K, 0% used [0x000000071bc80000,0x000000071bc80000,0x000000071c100000)
 ParOldGen       total 349696K, used 33928K [0x00000005c0c00000, 0x00000005d6180000, 0x0000000715980000)
  object space 349696K, 9% used [0x00000005c0c00000,0x00000005c2d22248,0x00000005d6180000)
 Metaspace       used 9201K, capacity 9459K, committed 9728K, reserved 1058816K
  class space    used 892K, capacity 920K, committed 1024K, reserved 1048576K
}

