# JRE version: Java(TM) SE Runtime Environment (8.0_25-b18) (build 1.8.0_25-b18)
# Java VM: Java HotSpot(TM) 64-Bit Server VM (25.25-b02 mixed mode windows-amd64 compressed oops)
Heap:
 PSYoungGen      total 49152K, used 864K [0x0000000715980000, 0x0000000718e80000, 0x00000007c0000000)
  eden space 48128K, 0% used [0x0000000715980000,0x00000007159c1480,0x0000000718880000)
  from space 1024K, 58% used [0x0000000718900000,0x0000000718996f40,0x0000000718a00000)
  to   space 3072K, 0% used [0x0000000718b80000,0x0000000718b80000,0x0000000718e80000)
 ParOldGen       total 349696K, used 109180K [0x00000005c0c00000, 0x00000005d6180000, 0x0000000715980000)
  object space 349696K, 31% used [0x00000005c0c00000,0x00000005c769f390,0x00000005d6180000)
 Metaspace       used 14693K, capacity 15051K, committed 15360K, reserved 1062912K
  class space    used 1637K, capacity 1712K, committed 1792K, reserved 1048576K
GC Heap History (10 events):
Event: 108.475 GC heap before
{Heap before GC invocations=71 (full 0):
 PSYoungGen      total 53248K, used 50979K [0x0000000715980000, 0x0000000719200000, 0x00000007c0000000)
  eden space 50688K, 100% used [0x0000000715980000,0x0000000718b00000,0x0000000718b00000)
  from space 2560K, 11% used [0x0000000718f80000,0x0000000718fc8ee0,0x0000000719200000)
  to   space 3584K, 0% used [0x0000000718b00000,0x0000000718b00000,0x0000000718e80000)
 ParOldGen       total 349696K, used 105715K [0x00000005c0c00000, 0x00000005d6180000, 0x0000000715980000)
  object space 349696K, 30% used [0x00000005c0c00000,0x00000005c733cc30,0x00000005d6180000)
 Metaspace       used 14692K, capacity 15051K, committed 15360K, reserved 1062912K
  class space    used 1637K, capacity 1712K, committed 1792K, reserved 1048576K
Event: 108.476 GC heap after
Heap after GC invocations=71 (full 0):
 PSYoungGen      total 51200K, used 559K [0x0000000715980000, 0x0000000719180000, 0x00000007c0000000)
  eden space 50176K, 0% used [0x0000000715980000,0x0000000715980000,0x0000000718a80000)
  from space 1024K, 54% used [0x0000000718b00000,0x0000000718b8bfb8,0x0000000718c00000)
  to   space 3584K, 0% used [0x0000000718e00000,0x0000000718e00000,0x0000000719180000)
 ParOldGen       total 349696K, used 105739K [0x00000005c0c00000, 0x00000005d6180000, 0x0000000715980000)
  object space 349696K, 30% used [0x00000005c0c00000,0x00000005c7342c30,0x00000005d6180000)
 Metaspace       used 14692K, capacity 15051K, committed 15360K, reserved 1062912K
  class space    used 1637K, capacity 1712K, committed 1792K, reserved 1048576K
}
Event: 109.408 GC heap before
{Heap before GC invocations=72 (full 0):
 PSYoungGen      total 51200K, used 50375K [0x0000000715980000, 0x0000000719180000, 0x00000007c0000000)
  eden space 50176K, 99% used [0x0000000715980000,0x0000000718a25de8,0x0000000718a80000)
  from space 1024K, 54% used [0x0000000718b00000,0x0000000718b8bfb8,0x0000000718c00000)
  to   space 3584K, 0% used [0x0000000718e00000,0x0000000718e00000,0x0000000719180000)
 ParOldGen       total 349696K, used 106763K [0x00000005c0c00000, 0x00000005d6180000, 0x0000000715980000)
  object space 349696K, 30% used [0x00000005c0c00000,0x00000005c7442c40,0x00000005d6180000)
 Metaspace       used 14692K, capacity 15051K, committed 15360K, reserved 1062912K
  class space    used 1637K, capacity 1712K, committed 1792K, reserved 1048576K
Event: 109.410 GC heap after
Heap after GC invocations=72 (full 0):
 PSYoungGen      total 52736K, used 394K [0x0000000715980000, 0x0000000719100000, 0x00000007c0000000)
  eden space 49664K, 0% used [0x0000000715980000,0x0000000715980000,0x0000000718a00000)
  from space 3072K, 12% used [0x0000000718e00000,0x0000000718e62b40,0x0000000719100000)
  to   space 3584K, 0% used [0x0000000718a00000,0x0000000718a00000,0x0000000718d80000)
 ParOldGen       total 349696K, used 106947K [0x00000005c0c00000, 0x00000005d6180000, 0x0000000715980000)
  object space 349696K, 30% used [0x00000005c0c00000,0x00000005c7470c40,0x00000005d6180000)
 Metaspace       used 14692K, capacity 15051K, committed 15360K, reserved 1062912K
  class space    used 1637K, capacity 1712K, committed 1792K, reserved 1048576K
}
Event: 110.300 GC heap before
{Heap before GC invocations=73 (full 0):
 PSYoungGen      total 52736K, used 50058K [0x0000000715980000, 0x0000000719100000, 0x00000007c0000000)
  eden space 49664K, 100% used [0x0000000715980000,0x0000000718a00000,0x0000000718a00000)
  from space 3072K, 12% used [0x0000000718e00000,0x0000000718e62b40,0x0000000719100000)
  to   space 3584K, 0% used [0x0000000718a00000,0x0000000718a00000,0x0000000718d80000)
 ParOldGen       total 349696K, used 106948K [0x00000005c0c00000, 0x00000005d6180000, 0x0000000715980000)
  object space 349696K, 30% used [0x00000005c0c00000,0x00000005c7471398,0x00000005d6180000)
 Metaspace       used 14692K, capacity 15051K, committed 15360K, reserved 1062912K
  class space    used 1637K, capacity 1712K, committed 1792K, reserved 1048576K
Event: 110.301 GC heap after
Heap after GC invocations=73 (full 0):
 PSYoungGen      total 49664K, used 441K [0x0000000715980000, 0x0000000718f80000, 0x00000007c0000000)
  eden space 49152K, 0% used [0x0000000715980000,0x0000000715980000,0x0000000718980000)
  from space 512K, 86% used [0x0000000718a00000,0x0000000718a6e550,0x0000000718a80000)
  to   space 3072K, 0% used [0x0000000718c80000,0x0000000718c80000,0x0000000718f80000)
 ParOldGen       total 349696K, used 106972K [0x00000005c0c00000, 0x00000005d6180000, 0x0000000715980000)
  object space 349696K, 30% used [0x00000005c0c00000,0x00000005c7477398,0x00000005d6180000)
 Metaspace       used 14692K, capacity 15051K, committed 15360K, reserved 1062912K
  class space    used 1637K, capacity 1712K, committed 1792K, reserved 1048576K
}
Event: 111.176 GC heap before
{Heap before GC invocations=74 (full 0):
 PSYoungGen      total 49664K, used 49593K [0x0000000715980000, 0x0000000718f80000, 0x00000007c0000000)
  eden space 49152K, 100% used [0x0000000715980000,0x0000000718980000,0x0000000718980000)
  from space 512K, 86% used [0x0000000718a00000,0x0000000718a6e550,0x0000000718a80000)
  to   space 3072K, 0% used [0x0000000718c80000,0x0000000718c80000,0x0000000718f80000)
 ParOldGen       total 349696K, used 106998K [0x00000005c0c00000, 0x00000005d6180000, 0x0000000715980000)
  object space 349696K, 30% used [0x00000005c0c00000,0x00000005c747daa8,0x00000005d6180000)
 Metaspace       used 14692K, capacity 15051K, committed 15360K, reserved 1062912K
  class space    used 1637K, capacity 1712K, committed 1792K, reserved 1048576K
Event: 111.177 GC heap after
Heap after GC invocations=74 (full 0):
 PSYoungGen      total 51200K, used 327K [0x0000000715980000, 0x0000000718f00000, 0x00000007c0000000)
  eden space 48640K, 0% used [0x0000000715980000,0x0000000715980000,0x0000000718900000)
  from space 2560K, 12% used [0x0000000718c80000,0x0000000718cd1c40,0x0000000718f00000)
  to   space 3072K, 0% used [0x0000000718900000,0x0000000718900000,0x0000000718c00000)
 ParOldGen       total 349696K, used 107038K [0x00000005c0c00000, 0x00000005d6180000, 0x0000000715980000)
  object space 349696K, 30% used [0x00000005c0c00000,0x00000005c7487aa8,0x00000005d6180000)
 Metaspace       used 14692K, capacity 15051K, committed 15360K, reserved 1062912K
  class space    used 1637K, capacity 1712K, committed 1792K, reserved 1048576K
}
Event: 112.057 GC heap before
{Heap before GC invocations=75 (full 0):
 PSYoungGen      total 51200K, used 48967K [0x0000000715980000, 0x0000000718f00000, 0x00000007c0000000)
  eden space 48640K, 100% used [0x0000000715980000,0x0000000718900000,0x0000000718900000)
  from space 2560K, 12% used [0x0000000718c80000,0x0000000718cd1c40,0x0000000718f00000)
  to   space 3072K, 0% used [0x0000000718900000,0x0000000718900000,0x0000000718c00000)
 ParOldGen       total 349696K, used 109156K [0x00000005c0c00000, 0x00000005d6180000, 0x0000000715980000)
  object space 349696K, 31% used [0x00000005c0c00000,0x00000005c7699390,0x00000005d6180000)
 Metaspace       used 14693K, capacity 15051K, committed 15360K, reserved 1062912K
  class space    used 1637K, capacity 1712K, committed 1792K, reserved 1048576K
Event: 112.060 GC heap after
Heap after GC invocations=75 (full 0):
 PSYoungGen      total 49152K, used 603K [0x0000000715980000, 0x0000000718e80000, 0x00000007c0000000)
  eden space 48128K, 0% used [0x0000000715980000,0x0000000715980000,0x0000000718880000)
  from space 1024K, 58% used [0x0000000718900000,0x0000000718996f40,0x0000000718a00000)
  to   space 3072K, 0% used [0x0000000718b80000,0x0000000718b80000,0x0000000718e80000)
 ParOldGen       total 349696K, used 109180K [0x00000005c0c00000, 0x00000005d6180000, 0x0000000715980000)
  object space 349696K, 31% used [0x00000005c0c00000,0x00000005c769f390,0x00000005d6180000)
 Metaspace       used 14693K, capacity 15051K, committed 15360K, reserved 1062912K
  class space    used 1637K, capacity 1712K, committed 1792K, reserved 1048576K
}

