# JRE version: Java(TM) SE Runtime Environment (8.0_25-b18) (build 1.8.0_25-b18)
# Java VM: Java HotSpot(TM) 64-Bit Server VM (25.25-b02 mixed mode windows-amd64 compressed oops)
Heap:
 PSYoungGen      total 220672K, used 149494K [0x0000000715980000, 0x0000000795080000, 0x00000007c0000000)
  eden space 219648K, 67% used [0x0000000715980000,0x000000071eae3c80,0x0000000723000000)
  from space 1024K, 60% used [0x0000000794e00000,0x0000000794e99c50,0x0000000794f00000)
  to   space 1536K, 0% used [0x0000000794f00000,0x0000000794f00000,0x0000000795080000)
 ParOldGen       total 349696K, used 95419K [0x00000005c0c00000, 0x00000005d6180000, 0x0000000715980000)
  object space 349696K, 27% used [0x00000005c0c00000,0x00000005c692edd8,0x00000005d6180000)
 Metaspace       used 9756K, capacity 10073K, committed 10240K, reserved 1058816K
  class space    used 950K, capacity 1019K, committed 1024K, reserved 1048576K
GC Heap History (10 events):
Event: 160.661 GC heap before
{Heap before GC invocations=1293 (full 0):
 PSYoungGen      total 258560K, used 258254K [0x0000000715980000, 0x0000000795300000, 0x00000007c0000000)
  eden space 257536K, 100% used [0x0000000715980000,0x0000000725500000,0x0000000725500000)
  from space 1024K, 70% used [0x0000000795200000,0x00000007952b38a0,0x0000000795300000)
  to   space 1536K, 0% used [0x0000000795000000,0x0000000795000000,0x0000000795180000)
 ParOldGen       total 349696K, used 95307K [0x00000005c0c00000, 0x00000005d6180000, 0x0000000715980000)
  object space 349696K, 27% used [0x00000005c0c00000,0x00000005c6912dd8,0x00000005d6180000)
 Metaspace       used 9756K, capacity 10073K, committed 10240K, reserved 1058816K
  class space    used 950K, capacity 1019K, committed 1024K, reserved 1048576K
Event: 160.662 GC heap after
Heap after GC invocations=1293 (full 0):
 PSYoungGen      total 250368K, used 622K [0x0000000715980000, 0x0000000795280000, 0x00000007c0000000)
  eden space 249344K, 0% used [0x0000000715980000,0x0000000715980000,0x0000000724d00000)
  from space 1024K, 60% used [0x0000000795000000,0x000000079509b8a0,0x0000000795100000)
  to   space 1536K, 0% used [0x0000000795100000,0x0000000795100000,0x0000000795280000)
 ParOldGen       total 349696K, used 95379K [0x00000005c0c00000, 0x00000005d6180000, 0x0000000715980000)
  object space 349696K, 27% used [0x00000005c0c00000,0x00000005c6924dd8,0x00000005d6180000)
 Metaspace       used 9756K, capacity 10073K, committed 10240K, reserved 1058816K
  class space    used 950K, capacity 1019K, committed 1024K, reserved 1048576K
}
Event: 160.766 GC heap before
{Heap before GC invocations=1294 (full 0):
 PSYoungGen      total 250368K, used 249966K [0x0000000715980000, 0x0000000795280000, 0x00000007c0000000)
  eden space 249344K, 100% used [0x0000000715980000,0x0000000724d00000,0x0000000724d00000)
  from space 1024K, 60% used [0x0000000795000000,0x000000079509b8a0,0x0000000795100000)
  to   space 1536K, 0% used [0x0000000795100000,0x0000000795100000,0x0000000795280000)
 ParOldGen       total 349696K, used 95379K [0x00000005c0c00000, 0x00000005d6180000, 0x0000000715980000)
  object space 349696K, 27% used [0x00000005c0c00000,0x00000005c6924dd8,0x00000005d6180000)
 Metaspace       used 9756K, capacity 10073K, committed 10240K, reserved 1058816K
  class space    used 950K, capacity 1019K, committed 1024K, reserved 1048576K
Event: 160.768 GC heap after
Heap after GC invocations=1294 (full 0):
 PSYoungGen      total 242688K, used 711K [0x0000000715980000, 0x0000000795200000, 0x00000007c0000000)
  eden space 241664K, 0% used [0x0000000715980000,0x0000000715980000,0x0000000724580000)
  from space 1024K, 69% used [0x0000000795100000,0x00000007951b1c50,0x0000000795200000)
  to   space 1536K, 0% used [0x0000000794f00000,0x0000000794f00000,0x0000000795080000)
 ParOldGen       total 349696K, used 95395K [0x00000005c0c00000, 0x00000005d6180000, 0x0000000715980000)
  object space 349696K, 27% used [0x00000005c0c00000,0x00000005c6928dd8,0x00000005d6180000)
 Metaspace       used 9756K, capacity 10073K, committed 10240K, reserved 1058816K
  class space    used 950K, capacity 1019K, committed 1024K, reserved 1048576K
}
Event: 160.870 GC heap before
{Heap before GC invocations=1295 (full 0):
 PSYoungGen      total 242688K, used 242375K [0x0000000715980000, 0x0000000795200000, 0x00000007c0000000)
  eden space 241664K, 100% used [0x0000000715980000,0x0000000724580000,0x0000000724580000)
  from space 1024K, 69% used [0x0000000795100000,0x00000007951b1c50,0x0000000795200000)
  to   space 1536K, 0% used [0x0000000794f00000,0x0000000794f00000,0x0000000795080000)
 ParOldGen       total 349696K, used 95395K [0x00000005c0c00000, 0x00000005d6180000, 0x0000000715980000)
  object space 349696K, 27% used [0x00000005c0c00000,0x00000005c6928dd8,0x00000005d6180000)
 Metaspace       used 9756K, capacity 10073K, committed 10240K, reserved 1058816K
  class space    used 950K, capacity 1019K, committed 1024K, reserved 1048576K
Event: 160.871 GC heap after
Heap after GC invocations=1295 (full 0):
 PSYoungGen      total 235008K, used 974K [0x0000000715980000, 0x0000000795180000, 0x00000007c0000000)
  eden space 233984K, 0% used [0x0000000715980000,0x0000000715980000,0x0000000723e00000)
  from space 1024K, 95% used [0x0000000794f00000,0x0000000794ff38a0,0x0000000795000000)
  to   space 1536K, 0% used [0x0000000795000000,0x0000000795000000,0x0000000795180000)
 ParOldGen       total 349696K, used 95395K [0x00000005c0c00000, 0x00000005d6180000, 0x0000000715980000)
  object space 349696K, 27% used [0x00000005c0c00000,0x00000005c6928dd8,0x00000005d6180000)
 Metaspace       used 9756K, capacity 10073K, committed 10240K, reserved 1058816K
  class space    used 950K, capacity 1019K, committed 1024K, reserved 1048576K
}
Event: 160.990 GC heap before
{Heap before GC invocations=1296 (full 0):
 PSYoungGen      total 235008K, used 234958K [0x0000000715980000, 0x0000000795180000, 0x00000007c0000000)
  eden space 233984K, 100% used [0x0000000715980000,0x0000000723e00000,0x0000000723e00000)
  from space 1024K, 95% used [0x0000000794f00000,0x0000000794ff38a0,0x0000000795000000)
  to   space 1536K, 0% used [0x0000000795000000,0x0000000795000000,0x0000000795180000)
 ParOldGen       total 349696K, used 95395K [0x00000005c0c00000, 0x00000005d6180000, 0x0000000715980000)
  object space 349696K, 27% used [0x00000005c0c00000,0x00000005c6928dd8,0x00000005d6180000)
 Metaspace       used 9756K, capacity 10073K, committed 10240K, reserved 1058816K
  class space    used 950K, capacity 1019K, committed 1024K, reserved 1048576K
Event: 160.991 GC heap after
Heap after GC invocations=1296 (full 0):
 PSYoungGen      total 227840K, used 885K [0x0000000715980000, 0x0000000795100000, 0x00000007c0000000)
  eden space 226816K, 0% used [0x0000000715980000,0x0000000715980000,0x0000000723700000)
  from space 1024K, 86% used [0x0000000795000000,0x00000007950dd4f0,0x0000000795100000)
  to   space 1536K, 0% used [0x0000000794e00000,0x0000000794e00000,0x0000000794f80000)
 ParOldGen       total 349696K, used 95419K [0x00000005c0c00000, 0x00000005d6180000, 0x0000000715980000)
  object space 349696K, 27% used [0x00000005c0c00000,0x00000005c692edd8,0x00000005d6180000)
 Metaspace       used 9756K, capacity 10073K, committed 10240K, reserved 1058816K
  class space    used 950K, capacity 1019K, committed 1024K, reserved 1048576K
}
Event: 161.109 GC heap before
{Heap before GC invocations=1297 (full 0):
 PSYoungGen      total 227840K, used 227701K [0x0000000715980000, 0x0000000795100000, 0x00000007c0000000)
  eden space 226816K, 100% used [0x0000000715980000,0x0000000723700000,0x0000000723700000)
  from space 1024K, 86% used [0x0000000795000000,0x00000007950dd4f0,0x0000000795100000)
  to   space 1536K, 0% used [0x0000000794e00000,0x0000000794e00000,0x0000000794f80000)
 ParOldGen       total 349696K, used 95419K [0x00000005c0c00000, 0x00000005d6180000, 0x0000000715980000)
  object space 349696K, 27% used [0x00000005c0c00000,0x00000005c692edd8,0x00000005d6180000)
 Metaspace       used 9756K, capacity 10073K, committed 10240K, reserved 1058816K
  class space    used 950K, capacity 1019K, committed 1024K, reserved 1048576K
Event: 161.110 GC heap after
Heap after GC invocations=1297 (full 0):
 PSYoungGen      total 220672K, used 615K [0x0000000715980000, 0x0000000795080000, 0x00000007c0000000)
  eden space 219648K, 0% used [0x0000000715980000,0x0000000715980000,0x0000000723000000)
  from space 1024K, 60% used [0x0000000794e00000,0x0000000794e99c50,0x0000000794f00000)
  to   space 1536K, 0% used [0x0000000794f00000,0x0000000794f00000,0x0000000795080000)
 ParOldGen       total 349696K, used 95419K [0x00000005c0c00000, 0x00000005d6180000, 0x0000000715980000)
  object space 349696K, 27% used [0x00000005c0c00000,0x00000005c692edd8,0x00000005d6180000)
 Metaspace       used 9756K, capacity 10073K, committed 10240K, reserved 1058816K
  class space    used 950K, capacity 1019K, committed 1024K, reserved 1048576K
}

