# JRE version: Java(TM) SE Runtime Environment (8.0_25-b18) (build 1.8.0_25-b18)
# Java VM: Java HotSpot(TM) 64-Bit Server VM (25.25-b02 mixed mode windows-amd64 compressed oops)
Heap:
 PSYoungGen      total 153600K, used 6171K [0x0000000715980000, 0x000000072ea00000, 0x00000007c0000000)
  eden space 152064K, 3% used [0x0000000715980000,0x0000000715e46c10,0x000000071ee00000)
  from space 1536K, 83% used [0x000000072e880000,0x000000072e9c0010,0x000000072ea00000)
  to   space 19456K, 0% used [0x000000072c400000,0x000000072c400000,0x000000072d700000)
 ParOldGen       total 349696K, used 30232K [0x00000005c0c00000, 0x00000005d6180000, 0x0000000715980000)
  object space 349696K, 8% used [0x00000005c0c00000,0x00000005c29862c8,0x00000005d6180000)
 Metaspace       used 9983K, capacity 10263K, committed 10624K, reserved 1058816K
  class space    used 979K, capacity 1044K, committed 1152K, reserved 1048576K
GC Heap History (10 events):
Event: 57.064 GC heap before
{Heap before GC invocations=66 (full 0):
 PSYoungGen      total 153600K, used 149453K [0x0000000715980000, 0x0000000731800000, 0x00000007c0000000)
  eden space 138752K, 97% used [0x0000000715980000,0x000000071dd5b418,0x000000071e100000)
  from space 14848K, 97% used [0x000000072fe00000,0x0000000730c18040,0x0000000730c80000)
  to   space 11776K, 0% used [0x0000000730c80000,0x0000000730c80000,0x0000000731800000)
 ParOldGen       total 349696K, used 23792K [0x00000005c0c00000, 0x00000005d6180000, 0x0000000715980000)
  object space 349696K, 6% used [0x00000005c0c00000,0x00000005c233c2a8,0x00000005d6180000)
 Metaspace       used 9983K, capacity 10263K, committed 10624K, reserved 1058816K
  class space    used 979K, capacity 1044K, committed 1152K, reserved 1048576K
Event: 57.067 GC heap after
Heap after GC invocations=66 (full 0):
 PSYoungGen      total 144896K, used 8868K [0x0000000715980000, 0x0000000731580000, 0x00000007c0000000)
  eden space 135680K, 0% used [0x0000000715980000,0x0000000715980000,0x000000071de00000)
  from space 9216K, 96% used [0x0000000730c80000,0x0000000731529298,0x0000000731580000)
  to   space 19968K, 0% used [0x000000072ee80000,0x000000072ee80000,0x0000000730200000)
 ParOldGen       total 349696K, used 29032K [0x00000005c0c00000, 0x00000005d6180000, 0x0000000715980000)
  object space 349696K, 8% used [0x00000005c0c00000,0x00000005c285a2b8,0x00000005d6180000)
 Metaspace       used 9983K, capacity 10263K, committed 10624K, reserved 1058816K
  class space    used 979K, capacity 1044K, committed 1152K, reserved 1048576K
}
Event: 57.367 GC heap before
{Heap before GC invocations=67 (full 0):
 PSYoungGen      total 144896K, used 144548K [0x0000000715980000, 0x0000000731580000, 0x00000007c0000000)
  eden space 135680K, 100% used [0x0000000715980000,0x000000071de00000,0x000000071de00000)
  from space 9216K, 96% used [0x0000000730c80000,0x0000000731529298,0x0000000731580000)
  to   space 19968K, 0% used [0x000000072ee80000,0x000000072ee80000,0x0000000730200000)
 ParOldGen       total 349696K, used 29032K [0x00000005c0c00000, 0x00000005d6180000, 0x0000000715980000)
  object space 349696K, 8% used [0x00000005c0c00000,0x00000005c285a2b8,0x00000005d6180000)
 Metaspace       used 9983K, capacity 10263K, committed 10624K, reserved 1058816K
  class space    used 979K, capacity 1044K, committed 1152K, reserved 1048576K
Event: 57.373 GC heap after
Heap after GC invocations=67 (full 0):
 PSYoungGen      total 145920K, used 13248K [0x0000000715980000, 0x0000000730d00000, 0x00000007c0000000)
  eden space 132608K, 0% used [0x0000000715980000,0x0000000715980000,0x000000071db00000)
  from space 13312K, 99% used [0x000000072ee80000,0x000000072fb70040,0x000000072fb80000)
  to   space 17920K, 0% used [0x000000072fb80000,0x000000072fb80000,0x0000000730d00000)
 ParOldGen       total 349696K, used 29040K [0x00000005c0c00000, 0x00000005d6180000, 0x0000000715980000)
  object space 349696K, 8% used [0x00000005c0c00000,0x00000005c285c2b8,0x00000005d6180000)
 Metaspace       used 9983K, capacity 10263K, committed 10624K, reserved 1058816K
  class space    used 979K, capacity 1044K, committed 1152K, reserved 1048576K
}
Event: 57.670 GC heap before
{Heap before GC invocations=68 (full 0):
 PSYoungGen      total 145920K, used 145620K [0x0000000715980000, 0x0000000730d00000, 0x00000007c0000000)
  eden space 132608K, 99% used [0x0000000715980000,0x000000071dac5178,0x000000071db00000)
  from space 13312K, 99% used [0x000000072ee80000,0x000000072fb70040,0x000000072fb80000)
  to   space 17920K, 0% used [0x000000072fb80000,0x000000072fb80000,0x0000000730d00000)
 ParOldGen       total 349696K, used 29040K [0x00000005c0c00000, 0x00000005d6180000, 0x0000000715980000)
  object space 349696K, 8% used [0x00000005c0c00000,0x00000005c285c2b8,0x00000005d6180000)
 Metaspace       used 9983K, capacity 10263K, committed 10624K, reserved 1058816K
  class space    used 979K, capacity 1044K, committed 1152K, reserved 1048576K
Event: 57.672 GC heap after
Heap after GC invocations=68 (full 0):
 PSYoungGen      total 130560K, used 612K [0x0000000715980000, 0x000000072fc80000, 0x00000007c0000000)
  eden space 129536K, 0% used [0x0000000715980000,0x0000000715980000,0x000000071d800000)
  from space 1024K, 59% used [0x000000072fb80000,0x000000072fc19288,0x000000072fc80000)
  to   space 20992K, 0% used [0x000000072d380000,0x000000072d380000,0x000000072e800000)
 ParOldGen       total 349696K, used 29048K [0x00000005c0c00000, 0x00000005d6180000, 0x0000000715980000)
  object space 349696K, 8% used [0x00000005c0c00000,0x00000005c285e2b8,0x00000005d6180000)
 Metaspace       used 9983K, capacity 10263K, committed 10624K, reserved 1058816K
  class space    used 979K, capacity 1044K, committed 1152K, reserved 1048576K
}
Event: 57.934 GC heap before
{Heap before GC invocations=69 (full 0):
 PSYoungGen      total 130560K, used 130148K [0x0000000715980000, 0x000000072fc80000, 0x00000007c0000000)
  eden space 129536K, 100% used [0x0000000715980000,0x000000071d800000,0x000000071d800000)
  from space 1024K, 59% used [0x000000072fb80000,0x000000072fc19288,0x000000072fc80000)
  to   space 20992K, 0% used [0x000000072d380000,0x000000072d380000,0x000000072e800000)
 ParOldGen       total 349696K, used 29048K [0x00000005c0c00000, 0x00000005d6180000, 0x0000000715980000)
  object space 349696K, 8% used [0x00000005c0c00000,0x00000005c285e2b8,0x00000005d6180000)
 Metaspace       used 9983K, capacity 10263K, committed 10624K, reserved 1058816K
  class space    used 979K, capacity 1044K, committed 1152K, reserved 1048576K
Event: 57.937 GC heap after
Heap after GC invocations=69 (full 0):
 PSYoungGen      total 147456K, used 2592K [0x0000000715980000, 0x000000072fc00000, 0x00000007c0000000)
  eden space 126464K, 0% used [0x0000000715980000,0x0000000715980000,0x000000071d500000)
  from space 20992K, 12% used [0x000000072d380000,0x000000072d608010,0x000000072e800000)
  to   space 19968K, 0% used [0x000000072e880000,0x000000072e880000,0x000000072fc00000)
 ParOldGen       total 349696K, used 29088K [0x00000005c0c00000, 0x00000005d6180000, 0x0000000715980000)
  object space 349696K, 8% used [0x00000005c0c00000,0x00000005c28682c8,0x00000005d6180000)
 Metaspace       used 9983K, capacity 10263K, committed 10624K, reserved 1058816K
  class space    used 979K, capacity 1044K, committed 1152K, reserved 1048576K
}
Event: 58.212 GC heap before
{Heap before GC invocations=70 (full 0):
 PSYoungGen      total 147456K, used 129056K [0x0000000715980000, 0x000000072fc00000, 0x00000007c0000000)
  eden space 126464K, 100% used [0x0000000715980000,0x000000071d500000,0x000000071d500000)
  from space 20992K, 12% used [0x000000072d380000,0x000000072d608010,0x000000072e800000)
  to   space 19968K, 0% used [0x000000072e880000,0x000000072e880000,0x000000072fc00000)
 ParOldGen       total 349696K, used 29088K [0x00000005c0c00000, 0x00000005d6180000, 0x0000000715980000)
  object space 349696K, 8% used [0x00000005c0c00000,0x00000005c28682c8,0x00000005d6180000)
 Metaspace       used 9983K, capacity 10263K, committed 10624K, reserved 1058816K
  class space    used 979K, capacity 1044K, committed 1152K, reserved 1048576K
Event: 58.218 GC heap after
Heap after GC invocations=70 (full 0):
 PSYoungGen      total 153600K, used 1280K [0x0000000715980000, 0x000000072ea00000, 0x00000007c0000000)
  eden space 152064K, 0% used [0x0000000715980000,0x0000000715980000,0x000000071ee00000)
  from space 1536K, 83% used [0x000000072e880000,0x000000072e9c0010,0x000000072ea00000)
  to   space 19456K, 0% used [0x000000072c400000,0x000000072c400000,0x000000072d700000)
 ParOldGen       total 349696K, used 30232K [0x00000005c0c00000, 0x00000005d6180000, 0x0000000715980000)
  object space 349696K, 8% used [0x00000005c0c00000,0x00000005c29862c8,0x00000005d6180000)
 Metaspace       used 9983K, capacity 10263K, committed 10624K, reserved 1058816K
  class space    used 979K, capacity 1044K, committed 1152K, reserved 1048576K
}

