# JRE version: Java(TM) SE Runtime Environment (8.0_25-b18) (build 1.8.0_25-b18)
# Java VM: Java HotSpot(TM) 64-Bit Server VM (25.25-b02 mixed mode windows-amd64 compressed oops)
Heap:
 PSYoungGen      total 39936K, used 1319K [0x0000000715980000, 0x0000000718200000, 0x00000007c0000000)
  eden space 38400K, 1% used [0x0000000715980000,0x0000000715a23490,0x0000000717f00000)
  from space 1536K, 43% used [0x0000000717f00000,0x0000000717fa6798,0x0000000718080000)
  to   space 1536K, 0% used [0x0000000718080000,0x0000000718080000,0x0000000718200000)
 ParOldGen       total 349696K, used 235271K [0x00000005c0c00000, 0x00000005d6180000, 0x0000000715980000)
  object space 349696K, 67% used [0x00000005c0c00000,0x00000005cf1c1cc0,0x00000005d6180000)
 Metaspace       used 14720K, capacity 15051K, committed 15360K, reserved 1062912K
  class space    used 1637K, capacity 1712K, committed 1792K, reserved 1048576K
GC Heap History (10 events):
Event: 239.770 GC heap before
{Heap before GC invocations=277 (full 0):
 PSYoungGen      total 39936K, used 39028K [0x0000000715980000, 0x0000000718200000, 0x00000007c0000000)
  eden space 38400K, 100% used [0x0000000715980000,0x0000000717f00000,0x0000000717f00000)
  from space 1536K, 40% used [0x0000000718080000,0x000000071811d060,0x0000000718200000)
  to   space 1536K, 0% used [0x0000000717f00000,0x0000000717f00000,0x0000000718080000)
 ParOldGen       total 349696K, used 229668K [0x00000005c0c00000, 0x00000005d6180000, 0x0000000715980000)
  object space 349696K, 65% used [0x00000005c0c00000,0x00000005cec49020,0x00000005d6180000)
 Metaspace       used 14720K, capacity 15051K, committed 15360K, reserved 1062912K
  class space    used 1637K, capacity 1712K, committed 1792K, reserved 1048576K
Event: 239.773 GC heap after
Heap after GC invocations=277 (full 0):
 PSYoungGen      total 39936K, used 128K [0x0000000715980000, 0x0000000718200000, 0x00000007c0000000)
  eden space 38400K, 0% used [0x0000000715980000,0x0000000715980000,0x0000000717f00000)
  from space 1536K, 8% used [0x0000000717f00000,0x0000000717f20000,0x0000000718080000)
  to   space 1536K, 0% used [0x0000000718080000,0x0000000718080000,0x0000000718200000)
 ParOldGen       total 349696K, used 229700K [0x00000005c0c00000, 0x00000005d6180000, 0x0000000715980000)
  object space 349696K, 65% used [0x00000005c0c00000,0x00000005cec51020,0x00000005d6180000)
 Metaspace       used 14720K, capacity 15051K, committed 15360K, reserved 1062912K
  class space    used 1637K, capacity 1712K, committed 1792K, reserved 1048576K
}
Event: 240.343 GC heap before
{Heap before GC invocations=278 (full 0):
 PSYoungGen      total 39936K, used 38528K [0x0000000715980000, 0x0000000718200000, 0x00000007c0000000)
  eden space 38400K, 100% used [0x0000000715980000,0x0000000717f00000,0x0000000717f00000)
  from space 1536K, 8% used [0x0000000717f00000,0x0000000717f20000,0x0000000718080000)
  to   space 1536K, 0% used [0x0000000718080000,0x0000000718080000,0x0000000718200000)
 ParOldGen       total 349696K, used 230299K [0x00000005c0c00000, 0x00000005d6180000, 0x0000000715980000)
  object space 349696K, 65% used [0x00000005c0c00000,0x00000005cece6f28,0x00000005d6180000)
 Metaspace       used 14720K, capacity 15051K, committed 15360K, reserved 1062912K
  class space    used 1637K, capacity 1712K, committed 1792K, reserved 1048576K
Event: 240.346 GC heap after
Heap after GC invocations=278 (full 0):
 PSYoungGen      total 39936K, used 160K [0x0000000715980000, 0x0000000718200000, 0x00000007c0000000)
  eden space 38400K, 0% used [0x0000000715980000,0x0000000715980000,0x0000000717f00000)
  from space 1536K, 10% used [0x0000000718080000,0x00000007180a8000,0x0000000718200000)
  to   space 1536K, 0% used [0x0000000717f00000,0x0000000717f00000,0x0000000718080000)
 ParOldGen       total 349696K, used 230371K [0x00000005c0c00000, 0x00000005d6180000, 0x0000000715980000)
  object space 349696K, 65% used [0x00000005c0c00000,0x00000005cecf8f28,0x00000005d6180000)
 Metaspace       used 14720K, capacity 15051K, committed 15360K, reserved 1062912K
  class space    used 1637K, capacity 1712K, committed 1792K, reserved 1048576K
}
Event: 240.868 GC heap before
{Heap before GC invocations=279 (full 0):
 PSYoungGen      total 39936K, used 38524K [0x0000000715980000, 0x0000000718200000, 0x00000007c0000000)
  eden space 38400K, 99% used [0x0000000715980000,0x0000000717ef7030,0x0000000717f00000)
  from space 1536K, 10% used [0x0000000718080000,0x00000007180a8000,0x0000000718200000)
  to   space 1536K, 0% used [0x0000000717f00000,0x0000000717f00000,0x0000000718080000)
 ParOldGen       total 349696K, used 230595K [0x00000005c0c00000, 0x00000005d6180000, 0x0000000715980000)
  object space 349696K, 65% used [0x00000005c0c00000,0x00000005ced30e68,0x00000005d6180000)
 Metaspace       used 14720K, capacity 15051K, committed 15360K, reserved 1062912K
  class space    used 1637K, capacity 1712K, committed 1792K, reserved 1048576K
Event: 240.871 GC heap after
Heap after GC invocations=279 (full 0):
 PSYoungGen      total 39936K, used 439K [0x0000000715980000, 0x0000000718200000, 0x00000007c0000000)
  eden space 38400K, 0% used [0x0000000715980000,0x0000000715980000,0x0000000717f00000)
  from space 1536K, 28% used [0x0000000717f00000,0x0000000717f6df10,0x0000000718080000)
  to   space 1536K, 0% used [0x0000000718080000,0x0000000718080000,0x0000000718200000)
 ParOldGen       total 349696K, used 230627K [0x00000005c0c00000, 0x00000005d6180000, 0x0000000715980000)
  object space 349696K, 65% used [0x00000005c0c00000,0x00000005ced38e68,0x00000005d6180000)
 Metaspace       used 14720K, capacity 15051K, committed 15360K, reserved 1062912K
  class space    used 1637K, capacity 1712K, committed 1792K, reserved 1048576K
}
Event: 241.437 GC heap before
{Heap before GC invocations=280 (full 0):
 PSYoungGen      total 39936K, used 38839K [0x0000000715980000, 0x0000000718200000, 0x00000007c0000000)
  eden space 38400K, 100% used [0x0000000715980000,0x0000000717f00000,0x0000000717f00000)
  from space 1536K, 28% used [0x0000000717f00000,0x0000000717f6df10,0x0000000718080000)
  to   space 1536K, 0% used [0x0000000718080000,0x0000000718080000,0x0000000718200000)
 ParOldGen       total 349696K, used 234191K [0x00000005c0c00000, 0x00000005d6180000, 0x0000000715980000)
  object space 349696K, 66% used [0x00000005c0c00000,0x00000005cf0b3cb0,0x00000005d6180000)
 Metaspace       used 14720K, capacity 15051K, committed 15360K, reserved 1062912K
  class space    used 1637K, capacity 1712K, committed 1792K, reserved 1048576K
Event: 241.440 GC heap after
Heap after GC invocations=280 (full 0):
 PSYoungGen      total 39936K, used 192K [0x0000000715980000, 0x0000000718200000, 0x00000007c0000000)
  eden space 38400K, 0% used [0x0000000715980000,0x0000000715980000,0x0000000717f00000)
  from space 1536K, 12% used [0x0000000718080000,0x00000007180b0000,0x0000000718200000)
  to   space 1536K, 0% used [0x0000000717f00000,0x0000000717f00000,0x0000000718080000)
 ParOldGen       total 349696K, used 234215K [0x00000005c0c00000, 0x00000005d6180000, 0x0000000715980000)
  object space 349696K, 66% used [0x00000005c0c00000,0x00000005cf0b9cb0,0x00000005d6180000)
 Metaspace       used 14720K, capacity 15051K, committed 15360K, reserved 1062912K
  class space    used 1637K, capacity 1712K, committed 1792K, reserved 1048576K
}
Event: 241.983 GC heap before
{Heap before GC invocations=281 (full 0):
 PSYoungGen      total 39936K, used 38592K [0x0000000715980000, 0x0000000718200000, 0x00000007c0000000)
  eden space 38400K, 100% used [0x0000000715980000,0x0000000717f00000,0x0000000717f00000)
  from space 1536K, 12% used [0x0000000718080000,0x00000007180b0000,0x0000000718200000)
  to   space 1536K, 0% used [0x0000000717f00000,0x0000000717f00000,0x0000000718080000)
 ParOldGen       total 349696K, used 235239K [0x00000005c0c00000, 0x00000005d6180000, 0x0000000715980000)
  object space 349696K, 67% used [0x00000005c0c00000,0x00000005cf1b9cc0,0x00000005d6180000)
 Metaspace       used 14720K, capacity 15051K, committed 15360K, reserved 1062912K
  class space    used 1637K, capacity 1712K, committed 1792K, reserved 1048576K
Event: 241.987 GC heap after
Heap after GC invocations=281 (full 0):
 PSYoungGen      total 39936K, used 665K [0x0000000715980000, 0x0000000718200000, 0x00000007c0000000)
  eden space 38400K, 0% used [0x0000000715980000,0x0000000715980000,0x0000000717f00000)
  from space 1536K, 43% used [0x0000000717f00000,0x0000000717fa6798,0x0000000718080000)
  to   space 1536K, 0% used [0x0000000718080000,0x0000000718080000,0x0000000718200000)
 ParOldGen       total 349696K, used 235271K [0x00000005c0c00000, 0x00000005d6180000, 0x0000000715980000)
  object space 349696K, 67% used [0x00000005c0c00000,0x00000005cf1c1cc0,0x00000005d6180000)
 Metaspace       used 14720K, capacity 15051K, committed 15360K, reserved 1062912K
  class space    used 1637K, capacity 1712K, committed 1792K, reserved 1048576K
}

