# JRE version: Java(TM) SE Runtime Environment (8.0_25-b18) (build 1.8.0_25-b18)
# Java VM: Java HotSpot(TM) 64-Bit Server VM (25.25-b02 mixed mode windows-amd64 compressed oops)
Heap:
 PSYoungGen      total 42496K, used 611K [0x0000000715980000, 0x000000071ab80000, 0x00000007c0000000)
  eden space 41984K, 0% used [0x0000000715980000,0x00000007159e8d78,0x0000000718280000)
  from space 512K, 37% used [0x000000071ab00000,0x000000071ab30000,0x000000071ab80000)
  to   space 512K, 0% used [0x000000071aa80000,0x000000071aa80000,0x000000071ab00000)
 ParOldGen       total 349696K, used 26036K [0x00000005c0c00000, 0x00000005d6180000, 0x0000000715980000)
  object space 349696K, 7% used [0x00000005c0c00000,0x00000005c256d118,0x00000005d6180000)
 Metaspace       used 8456K, capacity 8599K, committed 8832K, reserved 1056768K
  class space    used 800K, capacity 822K, committed 896K, reserved 1048576K
GC Heap History (10 events):
Event: 69.725 GC heap before
{Heap before GC invocations=102 (full 0):
 PSYoungGen      total 42496K, used 42176K [0x0000000715980000, 0x000000071ab80000, 0x00000007c0000000)
  eden space 41984K, 100% used [0x0000000715980000,0x0000000718280000,0x0000000718280000)
  from space 512K, 37% used [0x000000071aa80000,0x000000071aab0000,0x000000071ab00000)
  to   space 512K, 0% used [0x000000071ab00000,0x000000071ab00000,0x000000071ab80000)
 ParOldGen       total 349696K, used 22928K [0x00000005c0c00000, 0x00000005d6180000, 0x0000000715980000)
  object space 349696K, 6% used [0x00000005c0c00000,0x00000005c22642d8,0x00000005d6180000)
 Metaspace       used 8446K, capacity 8535K, committed 8832K, reserved 1056768K
  class space    used 800K, capacity 822K, committed 896K, reserved 1048576K
Event: 69.726 GC heap after
Heap after GC invocations=102 (full 0):
 PSYoungGen      total 42496K, used 224K [0x0000000715980000, 0x000000071ab80000, 0x00000007c0000000)
  eden space 41984K, 0% used [0x0000000715980000,0x0000000715980000,0x0000000718280000)
  from space 512K, 43% used [0x000000071ab00000,0x000000071ab38000,0x000000071ab80000)
  to   space 512K, 0% used [0x000000071aa80000,0x000000071aa80000,0x000000071ab00000)
 ParOldGen       total 349696K, used 22928K [0x00000005c0c00000, 0x00000005d6180000, 0x0000000715980000)
  object space 349696K, 6% used [0x00000005c0c00000,0x00000005c22642d8,0x00000005d6180000)
 Metaspace       used 8446K, capacity 8535K, committed 8832K, reserved 1056768K
  class space    used 800K, capacity 822K, committed 896K, reserved 1048576K
}
Event: 70.143 GC heap before
{Heap before GC invocations=103 (full 0):
 PSYoungGen      total 42496K, used 42208K [0x0000000715980000, 0x000000071ab80000, 0x00000007c0000000)
  eden space 41984K, 100% used [0x0000000715980000,0x0000000718280000,0x0000000718280000)
  from space 512K, 43% used [0x000000071ab00000,0x000000071ab38000,0x000000071ab80000)
  to   space 512K, 0% used [0x000000071aa80000,0x000000071aa80000,0x000000071ab00000)
 ParOldGen       total 349696K, used 22928K [0x00000005c0c00000, 0x00000005d6180000, 0x0000000715980000)
  object space 349696K, 6% used [0x00000005c0c00000,0x00000005c22642d8,0x00000005d6180000)
 Metaspace       used 8456K, capacity 8599K, committed 8832K, reserved 1056768K
  class space    used 800K, capacity 822K, committed 896K, reserved 1048576K
Event: 70.144 GC heap after
Heap after GC invocations=103 (full 0):
 PSYoungGen      total 42496K, used 192K [0x0000000715980000, 0x000000071ab80000, 0x00000007c0000000)
  eden space 41984K, 0% used [0x0000000715980000,0x0000000715980000,0x0000000718280000)
  from space 512K, 37% used [0x000000071aa80000,0x000000071aab0000,0x000000071ab00000)
  to   space 512K, 0% used [0x000000071ab00000,0x000000071ab00000,0x000000071ab80000)
 ParOldGen       total 349696K, used 22944K [0x00000005c0c00000, 0x00000005d6180000, 0x0000000715980000)
  object space 349696K, 6% used [0x00000005c0c00000,0x00000005c22682d8,0x00000005d6180000)
 Metaspace       used 8456K, capacity 8599K, committed 8832K, reserved 1056768K
  class space    used 800K, capacity 822K, committed 896K, reserved 1048576K
}
Event: 70.575 GC heap before
{Heap before GC invocations=104 (full 0):
 PSYoungGen      total 42496K, used 42176K [0x0000000715980000, 0x000000071ab80000, 0x00000007c0000000)
  eden space 41984K, 100% used [0x0000000715980000,0x0000000718280000,0x0000000718280000)
  from space 512K, 37% used [0x000000071aa80000,0x000000071aab0000,0x000000071ab00000)
  to   space 512K, 0% used [0x000000071ab00000,0x000000071ab00000,0x000000071ab80000)
 ParOldGen       total 349696K, used 22944K [0x00000005c0c00000, 0x00000005d6180000, 0x0000000715980000)
  object space 349696K, 6% used [0x00000005c0c00000,0x00000005c22682d8,0x00000005d6180000)
 Metaspace       used 8456K, capacity 8599K, committed 8832K, reserved 1056768K
  class space    used 800K, capacity 822K, committed 896K, reserved 1048576K
Event: 70.576 GC heap after
Heap after GC invocations=104 (full 0):
 PSYoungGen      total 42496K, used 192K [0x0000000715980000, 0x000000071ab80000, 0x00000007c0000000)
  eden space 41984K, 0% used [0x0000000715980000,0x0000000715980000,0x0000000718280000)
  from space 512K, 37% used [0x000000071ab00000,0x000000071ab30000,0x000000071ab80000)
  to   space 512K, 0% used [0x000000071aa80000,0x000000071aa80000,0x000000071ab00000)
 ParOldGen       total 349696K, used 22944K [0x00000005c0c00000, 0x00000005d6180000, 0x0000000715980000)
  object space 349696K, 6% used [0x00000005c0c00000,0x00000005c22682d8,0x00000005d6180000)
 Metaspace       used 8456K, capacity 8599K, committed 8832K, reserved 1056768K
  class space    used 800K, capacity 822K, committed 896K, reserved 1048576K
}
Event: 70.990 GC heap before
{Heap before GC invocations=105 (full 0):
 PSYoungGen      total 42496K, used 42176K [0x0000000715980000, 0x000000071ab80000, 0x00000007c0000000)
  eden space 41984K, 100% used [0x0000000715980000,0x0000000718280000,0x0000000718280000)
  from space 512K, 37% used [0x000000071ab00000,0x000000071ab30000,0x000000071ab80000)
  to   space 512K, 0% used [0x000000071aa80000,0x000000071aa80000,0x000000071ab00000)
 ParOldGen       total 349696K, used 22944K [0x00000005c0c00000, 0x00000005d6180000, 0x0000000715980000)
  object space 349696K, 6% used [0x00000005c0c00000,0x00000005c2268320,0x00000005d6180000)
 Metaspace       used 8456K, capacity 8599K, committed 8832K, reserved 1056768K
  class space    used 800K, capacity 822K, committed 896K, reserved 1048576K
Event: 70.991 GC heap after
Heap after GC invocations=105 (full 0):
 PSYoungGen      total 42496K, used 224K [0x0000000715980000, 0x000000071ab80000, 0x00000007c0000000)
  eden space 41984K, 0% used [0x0000000715980000,0x0000000715980000,0x0000000718280000)
  from space 512K, 43% used [0x000000071aa80000,0x000000071aab8000,0x000000071ab00000)
  to   space 512K, 0% used [0x000000071ab00000,0x000000071ab00000,0x000000071ab80000)
 ParOldGen       total 349696K, used 26024K [0x00000005c0c00000, 0x00000005d6180000, 0x0000000715980000)
  object space 349696K, 7% used [0x00000005c0c00000,0x00000005c256a350,0x00000005d6180000)
 Metaspace       used 8456K, capacity 8599K, committed 8832K, reserved 1056768K
  class space    used 800K, capacity 822K, committed 896K, reserved 1048576K
}
Event: 71.406 GC heap before
{Heap before GC invocations=106 (full 0):
 PSYoungGen      total 42496K, used 42208K [0x0000000715980000, 0x000000071ab80000, 0x00000007c0000000)
  eden space 41984K, 100% used [0x0000000715980000,0x0000000718280000,0x0000000718280000)
  from space 512K, 43% used [0x000000071aa80000,0x000000071aab8000,0x000000071ab00000)
  to   space 512K, 0% used [0x000000071ab00000,0x000000071ab00000,0x000000071ab80000)
 ParOldGen       total 349696K, used 26028K [0x00000005c0c00000, 0x00000005d6180000, 0x0000000715980000)
  object space 349696K, 7% used [0x00000005c0c00000,0x00000005c256b118,0x00000005d6180000)
 Metaspace       used 8456K, capacity 8599K, committed 8832K, reserved 1056768K
  class space    used 800K, capacity 822K, committed 896K, reserved 1048576K
Event: 71.407 GC heap after
Heap after GC invocations=106 (full 0):
 PSYoungGen      total 42496K, used 192K [0x0000000715980000, 0x000000071ab80000, 0x00000007c0000000)
  eden space 41984K, 0% used [0x0000000715980000,0x0000000715980000,0x0000000718280000)
  from space 512K, 37% used [0x000000071ab00000,0x000000071ab30000,0x000000071ab80000)
  to   space 512K, 0% used [0x000000071aa80000,0x000000071aa80000,0x000000071ab00000)
 ParOldGen       total 349696K, used 26036K [0x00000005c0c00000, 0x00000005d6180000, 0x0000000715980000)
  object space 349696K, 7% used [0x00000005c0c00000,0x00000005c256d118,0x00000005d6180000)
 Metaspace       used 8456K, capacity 8599K, committed 8832K, reserved 1056768K
  class space    used 800K, capacity 822K, committed 896K, reserved 1048576K
}

