# JRE version: Java(TM) SE Runtime Environment (8.0_25-b18) (build 1.8.0_25-b18)
# Java VM: Java HotSpot(TM) 64-Bit Server VM (25.25-b02 mixed mode windows-amd64 compressed oops)
Heap:
 PSYoungGen      total 339968K, used 21287K [0x0000000715980000, 0x000000072d480000, 0x00000007c0000000)
  eden space 328704K, 3% used [0x0000000715980000,0x0000000716355300,0x0000000729a80000)
  from space 11264K, 99% used [0x000000072a680000,0x000000072b174980,0x000000072b180000)
  to   space 29696K, 0% used [0x000000072b780000,0x000000072b780000,0x000000072d480000)
 ParOldGen       total 349696K, used 111623K [0x00000005c0c00000, 0x00000005d6180000, 0x0000000715980000)
  object space 349696K, 31% used [0x00000005c0c00000,0x00000005c7901d58,0x00000005d6180000)
 Metaspace       used 9431K, capacity 9691K, committed 9984K, reserved 1058816K
  class space    used 914K, capacity 984K, committed 1024K, reserved 1048576K
GC Heap History (10 events):
Event: 143.698 GC heap before
{Heap before GC invocations=89 (full 0):
 PSYoungGen      total 212480K, used 212352K [0x0000000715980000, 0x000000072bd80000, 0x00000007c0000000)
  eden space 196608K, 100% used [0x0000000715980000,0x0000000721980000,0x0000000721980000)
  from space 15872K, 99% used [0x000000072ae00000,0x000000072bd600e0,0x000000072bd80000)
  to   space 24064K, 0% used [0x0000000728e80000,0x0000000728e80000,0x000000072a600000)
 ParOldGen       total 349696K, used 94574K [0x00000005c0c00000, 0x00000005d6180000, 0x0000000715980000)
  object space 349696K, 27% used [0x00000005c0c00000,0x00000005c685b830,0x00000005d6180000)
 Metaspace       used 9431K, capacity 9691K, committed 9984K, reserved 1058816K
  class space    used 914K, capacity 984K, committed 1024K, reserved 1048576K
Event: 143.713 GC heap after
Heap after GC invocations=89 (full 0):
 PSYoungGen      total 260096K, used 24045K [0x0000000715980000, 0x000000072ae80000, 0x00000007c0000000)
  eden space 236032K, 0% used [0x0000000715980000,0x0000000715980000,0x0000000724000000)
  from space 24064K, 99% used [0x0000000728e80000,0x000000072a5fb7f8,0x000000072a600000)
  to   space 8704K, 0% used [0x000000072a600000,0x000000072a600000,0x000000072ae80000)
 ParOldGen       total 349696K, used 95182K [0x00000005c0c00000, 0x00000005d6180000, 0x0000000715980000)
  object space 349696K, 27% used [0x00000005c0c00000,0x00000005c68f3840,0x00000005d6180000)
 Metaspace       used 9431K, capacity 9691K, committed 9984K, reserved 1058816K
  class space    used 914K, capacity 984K, committed 1024K, reserved 1048576K
}
Event: 144.870 GC heap before
{Heap before GC invocations=90 (full 0):
 PSYoungGen      total 260096K, used 260077K [0x0000000715980000, 0x000000072ae80000, 0x00000007c0000000)
  eden space 236032K, 100% used [0x0000000715980000,0x0000000724000000,0x0000000724000000)
  from space 24064K, 99% used [0x0000000728e80000,0x000000072a5fb7f8,0x000000072a600000)
  to   space 8704K, 0% used [0x000000072a600000,0x000000072a600000,0x000000072ae80000)
 ParOldGen       total 349696K, used 95182K [0x00000005c0c00000, 0x00000005d6180000, 0x0000000715980000)
  object space 349696K, 27% used [0x00000005c0c00000,0x00000005c68f3840,0x00000005d6180000)
 Metaspace       used 9431K, capacity 9691K, committed 9984K, reserved 1058816K
  class space    used 914K, capacity 984K, committed 1024K, reserved 1048576K
Event: 144.880 GC heap after
Heap after GC invocations=90 (full 0):
 PSYoungGen      total 292352K, used 8672K [0x0000000715980000, 0x000000072ae80000, 0x00000007c0000000)
  eden space 283648K, 0% used [0x0000000715980000,0x0000000715980000,0x0000000726e80000)
  from space 8704K, 99% used [0x000000072a600000,0x000000072ae780d0,0x000000072ae80000)
  to   space 25600K, 0% used [0x0000000727c80000,0x0000000727c80000,0x0000000729580000)
 ParOldGen       total 349696K, used 102478K [0x00000005c0c00000, 0x00000005d6180000, 0x0000000715980000)
  object space 349696K, 29% used [0x00000005c0c00000,0x00000005c7013840,0x00000005d6180000)
 Metaspace       used 9431K, capacity 9691K, committed 9984K, reserved 1058816K
  class space    used 914K, capacity 984K, committed 1024K, reserved 1048576K
}
Event: 146.131 GC heap before
{Heap before GC invocations=91 (full 0):
 PSYoungGen      total 292352K, used 292320K [0x0000000715980000, 0x000000072ae80000, 0x00000007c0000000)
  eden space 283648K, 100% used [0x0000000715980000,0x0000000726e80000,0x0000000726e80000)
  from space 8704K, 99% used [0x000000072a600000,0x000000072ae780d0,0x000000072ae80000)
  to   space 25600K, 0% used [0x0000000727c80000,0x0000000727c80000,0x0000000729580000)
 ParOldGen       total 349696K, used 102478K [0x00000005c0c00000, 0x00000005d6180000, 0x0000000715980000)
  object space 349696K, 29% used [0x00000005c0c00000,0x00000005c7013840,0x00000005d6180000)
 Metaspace       used 9431K, capacity 9691K, committed 9984K, reserved 1058816K
  class space    used 914K, capacity 984K, committed 1024K, reserved 1048576K
Event: 146.149 GC heap after
Heap after GC invocations=91 (full 0):
 PSYoungGen      total 323584K, used 25568K [0x0000000715980000, 0x000000072e200000, 0x00000007c0000000)
  eden space 297984K, 0% used [0x0000000715980000,0x0000000715980000,0x0000000727c80000)
  from space 25600K, 99% used [0x0000000727c80000,0x0000000729578168,0x0000000729580000)
  to   space 30720K, 0% used [0x000000072c400000,0x000000072c400000,0x000000072e200000)
 ParOldGen       total 349696K, used 108908K [0x00000005c0c00000, 0x00000005d6180000, 0x0000000715980000)
  object space 349696K, 31% used [0x00000005c0c00000,0x00000005c765b3e8,0x00000005d6180000)
 Metaspace       used 9431K, capacity 9691K, committed 9984K, reserved 1058816K
  class space    used 914K, capacity 984K, committed 1024K, reserved 1048576K
}
Event: 147.697 GC heap before
{Heap before GC invocations=92 (full 0):
 PSYoungGen      total 323584K, used 323552K [0x0000000715980000, 0x000000072e200000, 0x00000007c0000000)
  eden space 297984K, 100% used [0x0000000715980000,0x0000000727c80000,0x0000000727c80000)
  from space 25600K, 99% used [0x0000000727c80000,0x0000000729578168,0x0000000729580000)
  to   space 30720K, 0% used [0x000000072c400000,0x000000072c400000,0x000000072e200000)
 ParOldGen       total 349696K, used 108908K [0x00000005c0c00000, 0x00000005d6180000, 0x0000000715980000)
  object space 349696K, 31% used [0x00000005c0c00000,0x00000005c765b3e8,0x00000005d6180000)
 Metaspace       used 9431K, capacity 9691K, committed 9984K, reserved 1058816K
  class space    used 914K, capacity 984K, committed 1024K, reserved 1048576K
Event: 147.706 GC heap after
Heap after GC invocations=92 (full 0):
 PSYoungGen      total 371712K, used 11986K [0x0000000715980000, 0x000000072f200000, 0x00000007c0000000)
  eden space 340992K, 0% used [0x0000000715980000,0x0000000715980000,0x000000072a680000)
  from space 30720K, 39% used [0x000000072c400000,0x000000072cfb4980,0x000000072e200000)
  to   space 30208K, 0% used [0x000000072a680000,0x000000072a680000,0x000000072c400000)
 ParOldGen       total 349696K, used 111463K [0x00000005c0c00000, 0x00000005d6180000, 0x0000000715980000)
  object space 349696K, 31% used [0x00000005c0c00000,0x00000005c78d9d58,0x00000005d6180000)
 Metaspace       used 9431K, capacity 9691K, committed 9984K, reserved 1058816K
  class space    used 914K, capacity 984K, committed 1024K, reserved 1048576K
}
Event: 149.321 GC heap before
{Heap before GC invocations=93 (full 0):
 PSYoungGen      total 371712K, used 352978K [0x0000000715980000, 0x000000072f200000, 0x00000007c0000000)
  eden space 340992K, 100% used [0x0000000715980000,0x000000072a680000,0x000000072a680000)
  from space 30720K, 39% used [0x000000072c400000,0x000000072cfb4980,0x000000072e200000)
  to   space 30208K, 0% used [0x000000072a680000,0x000000072a680000,0x000000072c400000)
 ParOldGen       total 349696K, used 111463K [0x00000005c0c00000, 0x00000005d6180000, 0x0000000715980000)
  object space 349696K, 31% used [0x00000005c0c00000,0x00000005c78d9d58,0x00000005d6180000)
 Metaspace       used 9431K, capacity 9691K, committed 9984K, reserved 1058816K
  class space    used 914K, capacity 984K, committed 1024K, reserved 1048576K
Event: 149.330 GC heap after
Heap after GC invocations=93 (full 0):
 PSYoungGen      total 339968K, used 11218K [0x0000000715980000, 0x000000072d480000, 0x00000007c0000000)
  eden space 328704K, 0% used [0x0000000715980000,0x0000000715980000,0x0000000729a80000)
  from space 11264K, 99% used [0x000000072a680000,0x000000072b174980,0x000000072b180000)
  to   space 29696K, 0% used [0x000000072b780000,0x000000072b780000,0x000000072d480000)
 ParOldGen       total 349696K, used 111623K [0x00000005c0c00000, 0x00000005d6180000, 0x0000000715980000)
  object space 349696K, 31% used [0x00000005c0c00000,0x00000005c7901d58,0x00000005d6180000)
 Metaspace       used 9431K, capacity 9691K, committed 9984K, reserved 1058816K
  class space    used 914K, capacity 984K, committed 1024K, reserved 1048576K
}

