# JRE version: Java(TM) SE Runtime Environment (8.0_25-b18) (build 1.8.0_25-b18)
# Java VM: Java HotSpot(TM) 64-Bit Server VM (25.25-b02 mixed mode windows-amd64 compressed oops)
Heap:
 PSYoungGen      total 59904K, used 645K [0x0000000715980000, 0x000000071a080000, 0x00000007c0000000)
  eden space 59392K, 0% used [0x0000000715980000,0x0000000715a01438,0x0000000719380000)
  from space 512K, 25% used [0x0000000719400000,0x0000000719420000,0x0000000719480000)
  to   space 6656K, 0% used [0x0000000719a00000,0x0000000719a00000,0x000000071a080000)
 ParOldGen       total 349696K, used 2236K [0x00000005c0c00000, 0x00000005d6180000, 0x0000000715980000)
  object space 349696K, 0% used [0x00000005c0c00000,0x00000005c0e2f1b8,0x00000005d6180000)
 Metaspace       used 8807K, capacity 8919K, committed 9088K, reserved 1056768K
  class space    used 835K, capacity 886K, committed 896K, reserved 1048576K
GC Heap History (10 events):
Event: 18.333 GC heap before
{Heap before GC invocations=49 (full 0):
 PSYoungGen      total 68096K, used 65074K [0x0000000715980000, 0x000000071a300000, 0x00000007c0000000)
  eden space 61952K, 99% used [0x0000000715980000,0x00000007195eca88,0x0000000719600000)
  from space 6144K, 52% used [0x0000000719d00000,0x000000071a020030,0x000000071a300000)
  to   space 6656K, 0% used [0x0000000719600000,0x0000000719600000,0x0000000719c80000)
 ParOldGen       total 349696K, used 2212K [0x00000005c0c00000, 0x00000005d6180000, 0x0000000715980000)
  object space 349696K, 0% used [0x00000005c0c00000,0x00000005c0e291b8,0x00000005d6180000)
 Metaspace       used 8807K, capacity 8919K, committed 9088K, reserved 1056768K
  class space    used 835K, capacity 886K, committed 896K, reserved 1048576K
Event: 18.334 GC heap after
Heap after GC invocations=49 (full 0):
 PSYoungGen      total 65024K, used 3232K [0x0000000715980000, 0x000000071a280000, 0x00000007c0000000)
  eden space 61440K, 0% used [0x0000000715980000,0x0000000715980000,0x0000000719580000)
  from space 3584K, 90% used [0x0000000719600000,0x0000000719928030,0x0000000719980000)
  to   space 6656K, 0% used [0x0000000719c00000,0x0000000719c00000,0x000000071a280000)
 ParOldGen       total 349696K, used 2220K [0x00000005c0c00000, 0x00000005d6180000, 0x0000000715980000)
  object space 349696K, 0% used [0x00000005c0c00000,0x00000005c0e2b1b8,0x00000005d6180000)
 Metaspace       used 8807K, capacity 8919K, committed 9088K, reserved 1056768K
  class space    used 835K, capacity 886K, committed 896K, reserved 1048576K
}
Event: 18.565 GC heap before
{Heap before GC invocations=50 (full 0):
 PSYoungGen      total 65024K, used 64672K [0x0000000715980000, 0x000000071a280000, 0x00000007c0000000)
  eden space 61440K, 100% used [0x0000000715980000,0x0000000719580000,0x0000000719580000)
  from space 3584K, 90% used [0x0000000719600000,0x0000000719928030,0x0000000719980000)
  to   space 6656K, 0% used [0x0000000719c00000,0x0000000719c00000,0x000000071a280000)
 ParOldGen       total 349696K, used 2220K [0x00000005c0c00000, 0x00000005d6180000, 0x0000000715980000)
  object space 349696K, 0% used [0x00000005c0c00000,0x00000005c0e2b1b8,0x00000005d6180000)
 Metaspace       used 8807K, capacity 8919K, committed 9088K, reserved 1056768K
  class space    used 835K, capacity 886K, committed 896K, reserved 1048576K
Event: 18.567 GC heap after
Heap after GC invocations=50 (full 0):
 PSYoungGen      total 67072K, used 4256K [0x0000000715980000, 0x000000071a200000, 0x00000007c0000000)
  eden space 60928K, 0% used [0x0000000715980000,0x0000000715980000,0x0000000719500000)
  from space 6144K, 69% used [0x0000000719c00000,0x000000071a028040,0x000000071a200000)
  to   space 6656K, 0% used [0x0000000719500000,0x0000000719500000,0x0000000719b80000)
 ParOldGen       total 349696K, used 2228K [0x00000005c0c00000, 0x00000005d6180000, 0x0000000715980000)
  object space 349696K, 0% used [0x00000005c0c00000,0x00000005c0e2d1b8,0x00000005d6180000)
 Metaspace       used 8807K, capacity 8919K, committed 9088K, reserved 1056768K
  class space    used 835K, capacity 886K, committed 896K, reserved 1048576K
}
Event: 18.801 GC heap before
{Heap before GC invocations=51 (full 0):
 PSYoungGen      total 67072K, used 65184K [0x0000000715980000, 0x000000071a200000, 0x00000007c0000000)
  eden space 60928K, 100% used [0x0000000715980000,0x0000000719500000,0x0000000719500000)
  from space 6144K, 69% used [0x0000000719c00000,0x000000071a028040,0x000000071a200000)
  to   space 6656K, 0% used [0x0000000719500000,0x0000000719500000,0x0000000719b80000)
 ParOldGen       total 349696K, used 2228K [0x00000005c0c00000, 0x00000005d6180000, 0x0000000715980000)
  object space 349696K, 0% used [0x00000005c0c00000,0x00000005c0e2d1b8,0x00000005d6180000)
 Metaspace       used 8807K, capacity 8919K, committed 9088K, reserved 1056768K
  class space    used 835K, capacity 886K, committed 896K, reserved 1048576K
Event: 18.802 GC heap after
Heap after GC invocations=51 (full 0):
 PSYoungGen      total 60928K, used 96K [0x0000000715980000, 0x000000071a180000, 0x00000007c0000000)
  eden space 60416K, 0% used [0x0000000715980000,0x0000000715980000,0x0000000719480000)
  from space 512K, 18% used [0x0000000719500000,0x0000000719518000,0x0000000719580000)
  to   space 6656K, 0% used [0x0000000719b00000,0x0000000719b00000,0x000000071a180000)
 ParOldGen       total 349696K, used 2236K [0x00000005c0c00000, 0x00000005d6180000, 0x0000000715980000)
  object space 349696K, 0% used [0x00000005c0c00000,0x00000005c0e2f1b8,0x00000005d6180000)
 Metaspace       used 8807K, capacity 8919K, committed 9088K, reserved 1056768K
  class space    used 835K, capacity 886K, committed 896K, reserved 1048576K
}
Event: 19.059 GC heap before
{Heap before GC invocations=52 (full 0):
 PSYoungGen      total 60928K, used 59996K [0x0000000715980000, 0x000000071a180000, 0x00000007c0000000)
  eden space 60416K, 99% used [0x0000000715980000,0x00000007193ff030,0x0000000719480000)
  from space 512K, 18% used [0x0000000719500000,0x0000000719518000,0x0000000719580000)
  to   space 6656K, 0% used [0x0000000719b00000,0x0000000719b00000,0x000000071a180000)
 ParOldGen       total 349696K, used 2236K [0x00000005c0c00000, 0x00000005d6180000, 0x0000000715980000)
  object space 349696K, 0% used [0x00000005c0c00000,0x00000005c0e2f1b8,0x00000005d6180000)
 Metaspace       used 8807K, capacity 8919K, committed 9088K, reserved 1056768K
  class space    used 835K, capacity 886K, committed 896K, reserved 1048576K
Event: 19.059 GC heap after
Heap after GC invocations=52 (full 0):
 PSYoungGen      total 66048K, used 128K [0x0000000715980000, 0x000000071a100000, 0x00000007c0000000)
  eden space 59904K, 0% used [0x0000000715980000,0x0000000715980000,0x0000000719400000)
  from space 6144K, 2% used [0x0000000719b00000,0x0000000719b20000,0x000000071a100000)
  to   space 6656K, 0% used [0x0000000719400000,0x0000000719400000,0x0000000719a80000)
 ParOldGen       total 349696K, used 2236K [0x00000005c0c00000, 0x00000005d6180000, 0x0000000715980000)
  object space 349696K, 0% used [0x00000005c0c00000,0x00000005c0e2f1b8,0x00000005d6180000)
 Metaspace       used 8807K, capacity 8919K, committed 9088K, reserved 1056768K
  class space    used 835K, capacity 886K, committed 896K, reserved 1048576K
}
Event: 19.358 GC heap before
{Heap before GC invocations=53 (full 0):
 PSYoungGen      total 66048K, used 60032K [0x0000000715980000, 0x000000071a100000, 0x00000007c0000000)
  eden space 59904K, 100% used [0x0000000715980000,0x0000000719400000,0x0000000719400000)
  from space 6144K, 2% used [0x0000000719b00000,0x0000000719b20000,0x000000071a100000)
  to   space 6656K, 0% used [0x0000000719400000,0x0000000719400000,0x0000000719a80000)
 ParOldGen       total 349696K, used 2236K [0x00000005c0c00000, 0x00000005d6180000, 0x0000000715980000)
  object space 349696K, 0% used [0x00000005c0c00000,0x00000005c0e2f1b8,0x00000005d6180000)
 Metaspace       used 8807K, capacity 8919K, committed 9088K, reserved 1056768K
  class space    used 835K, capacity 886K, committed 896K, reserved 1048576K
Event: 19.358 GC heap after
Heap after GC invocations=53 (full 0):
 PSYoungGen      total 59904K, used 128K [0x0000000715980000, 0x000000071a080000, 0x00000007c0000000)
  eden space 59392K, 0% used [0x0000000715980000,0x0000000715980000,0x0000000719380000)
  from space 512K, 25% used [0x0000000719400000,0x0000000719420000,0x0000000719480000)
  to   space 6656K, 0% used [0x0000000719a00000,0x0000000719a00000,0x000000071a080000)
 ParOldGen       total 349696K, used 2236K [0x00000005c0c00000, 0x00000005d6180000, 0x0000000715980000)
  object space 349696K, 0% used [0x00000005c0c00000,0x00000005c0e2f1b8,0x00000005d6180000)
 Metaspace       used 8807K, capacity 8919K, committed 9088K, reserved 1056768K
  class space    used 835K, capacity 886K, committed 896K, reserved 1048576K
}

