# JRE version: Java(TM) SE Runtime Environment (8.0_25-b18) (build 1.8.0_25-b18)
# Java VM: Java HotSpot(TM) 64-Bit Server VM (25.25-b02 mixed mode windows-amd64 compressed oops)
Heap:
 PSYoungGen      total 153088K, used 45020K [0x0000000715980000, 0x0000000720400000, 0x00000007c0000000)
  eden space 131584K, 20% used [0x0000000715980000,0x000000071738cd20,0x000000071da00000)
  from space 21504K, 85% used [0x000000071ef00000,0x00000007200ea3c0,0x0000000720400000)
  to   space 21504K, 0% used [0x000000071da00000,0x000000071da00000,0x000000071ef00000)
 ParOldGen       total 349696K, used 13935K [0x00000005c0c00000, 0x00000005d6180000, 0x0000000715980000)
  object space 349696K, 3% used [0x00000005c0c00000,0x00000005c199bfd8,0x00000005d6180000)
 Metaspace       used 14292K, capacity 14503K, committed 14848K, reserved 1062912K
  class space    used 1623K, capacity 1668K, committed 1792K, reserved 1048576K
GC Heap History (8 events):
Event: 1.059 GC heap before
{Heap before GC invocations=1 (full 0):
 PSYoungGen      total 153088K, used 131584K [0x0000000715980000, 0x0000000720400000, 0x00000007c0000000)
  eden space 131584K, 100% used [0x0000000715980000,0x000000071da00000,0x000000071da00000)
  from space 21504K, 0% used [0x000000071ef00000,0x000000071ef00000,0x0000000720400000)
  to   space 21504K, 0% used [0x000000071da00000,0x000000071da00000,0x000000071ef00000)
 ParOldGen       total 349696K, used 0K [0x00000005c0c00000, 0x00000005d6180000, 0x0000000715980000)
  object space 349696K, 0% used [0x00000005c0c00000,0x00000005c0c00000,0x00000005d6180000)
 Metaspace       used 13021K, capacity 13227K, committed 13440K, reserved 1060864K
  class space    used 1522K, capacity 1594K, committed 1664K, reserved 1048576K
Event: 1.066 GC heap after
Heap after GC invocations=1 (full 0):
 PSYoungGen      total 153088K, used 19893K [0x0000000715980000, 0x0000000720400000, 0x00000007c0000000)
  eden space 131584K, 0% used [0x0000000715980000,0x0000000715980000,0x000000071da00000)
  from space 21504K, 92% used [0x000000071da00000,0x000000071ed6d6f8,0x000000071ef00000)
  to   space 21504K, 0% used [0x000000071ef00000,0x000000071ef00000,0x0000000720400000)
 ParOldGen       total 349696K, used 24K [0x00000005c0c00000, 0x00000005d6180000, 0x0000000715980000)
  object space 349696K, 0% used [0x00000005c0c00000,0x00000005c0c06000,0x00000005d6180000)
 Metaspace       used 13021K, capacity 13227K, committed 13440K, reserved 1060864K
  class space    used 1522K, capacity 1594K, committed 1664K, reserved 1048576K
}
Event: 1.569 GC heap before
{Heap before GC invocations=2 (full 0):
 PSYoungGen      total 153088K, used 151477K [0x0000000715980000, 0x0000000720400000, 0x00000007c0000000)
  eden space 131584K, 100% used [0x0000000715980000,0x000000071da00000,0x000000071da00000)
  from space 21504K, 92% used [0x000000071da00000,0x000000071ed6d6f8,0x000000071ef00000)
  to   space 21504K, 0% used [0x000000071ef00000,0x000000071ef00000,0x0000000720400000)
 ParOldGen       total 349696K, used 1048K [0x00000005c0c00000, 0x00000005d6180000, 0x0000000715980000)
  object space 349696K, 0% used [0x00000005c0c00000,0x00000005c0d06010,0x00000005d6180000)
 Metaspace       used 14010K, capacity 14247K, committed 14592K, reserved 1062912K
  class space    used 1622K, capacity 1668K, committed 1792K, reserved 1048576K
Event: 1.577 GC heap after
Heap after GC invocations=2 (full 0):
 PSYoungGen      total 153088K, used 21480K [0x0000000715980000, 0x0000000728480000, 0x00000007c0000000)
  eden space 131584K, 0% used [0x0000000715980000,0x0000000715980000,0x000000071da00000)
  from space 21504K, 99% used [0x000000071ef00000,0x00000007203fa3c0,0x0000000720400000)
  to   space 21504K, 0% used [0x000000071da00000,0x000000071da00000,0x000000071ef00000)
 ParOldGen       total 349696K, used 9518K [0x00000005c0c00000, 0x00000005d6180000, 0x0000000715980000)
  object space 349696K, 2% used [0x00000005c0c00000,0x00000005c154b908,0x00000005d6180000)
 Metaspace       used 14010K, capacity 14247K, committed 14592K, reserved 1062912K
  class space    used 1622K, capacity 1668K, committed 1792K, reserved 1048576K
}
Event: 4.486 GC heap before
{Heap before GC invocations=3 (full 0):
 PSYoungGen      total 153088K, used 153064K [0x0000000715980000, 0x0000000728480000, 0x00000007c0000000)
  eden space 131584K, 100% used [0x0000000715980000,0x000000071da00000,0x000000071da00000)
  from space 21504K, 99% used [0x000000071ef00000,0x00000007203fa3c0,0x0000000720400000)
  to   space 21504K, 0% used [0x000000071da00000,0x000000071da00000,0x000000071ef00000)
 ParOldGen       total 349696K, used 9519K [0x00000005c0c00000, 0x00000005d6180000, 0x0000000715980000)
  object space 349696K, 2% used [0x00000005c0c00000,0x00000005c154be80,0x00000005d6180000)
 Metaspace       used 14126K, capacity 14375K, committed 14592K, reserved 1062912K
  class space    used 1623K, capacity 1668K, committed 1792K, reserved 1048576K
Event: 4.491 GC heap after
Heap after GC invocations=3 (full 0):
 PSYoungGen      total 153088K, used 21486K [0x0000000715980000, 0x0000000720400000, 0x00000007c0000000)
  eden space 131584K, 0% used [0x0000000715980000,0x0000000715980000,0x000000071da00000)
  from space 21504K, 99% used [0x000000071da00000,0x000000071eefb880,0x000000071ef00000)
  to   space 21504K, 0% used [0x000000071ef00000,0x000000071ef00000,0x0000000720400000)
 ParOldGen       total 349696K, used 9831K [0x00000005c0c00000, 0x00000005d6180000, 0x0000000715980000)
  object space 349696K, 2% used [0x00000005c0c00000,0x00000005c1599fc8,0x00000005d6180000)
 Metaspace       used 14126K, capacity 14375K, committed 14592K, reserved 1062912K
  class space    used 1623K, capacity 1668K, committed 1792K, reserved 1048576K
}
Event: 7.384 GC heap before
{Heap before GC invocations=4 (full 0):
 PSYoungGen      total 153088K, used 152569K [0x0000000715980000, 0x0000000720400000, 0x00000007c0000000)
  eden space 131584K, 99% used [0x0000000715980000,0x000000071d982d68,0x000000071da00000)
  from space 21504K, 99% used [0x000000071da00000,0x000000071eefb880,0x000000071ef00000)
  to   space 21504K, 0% used [0x000000071ef00000,0x000000071ef00000,0x0000000720400000)
 ParOldGen       total 349696K, used 9831K [0x00000005c0c00000, 0x00000005d6180000, 0x0000000715980000)
  object space 349696K, 2% used [0x00000005c0c00000,0x00000005c1599fc8,0x00000005d6180000)
 Metaspace       used 14199K, capacity 14439K, committed 14848K, reserved 1062912K
  class space    used 1623K, capacity 1668K, committed 1792K, reserved 1048576K
Event: 7.390 GC heap after
Heap after GC invocations=4 (full 0):
 PSYoungGen      total 153088K, used 18344K [0x0000000715980000, 0x0000000720400000, 0x00000007c0000000)
  eden space 131584K, 0% used [0x0000000715980000,0x0000000715980000,0x000000071da00000)
  from space 21504K, 85% used [0x000000071ef00000,0x00000007200ea3c0,0x0000000720400000)
  to   space 21504K, 0% used [0x000000071da00000,0x000000071da00000,0x000000071ef00000)
 ParOldGen       total 349696K, used 13935K [0x00000005c0c00000, 0x00000005d6180000, 0x0000000715980000)
  object space 349696K, 3% used [0x00000005c0c00000,0x00000005c199bfd8,0x00000005d6180000)
 Metaspace       used 14199K, capacity 14439K, committed 14848K, reserved 1062912K
  class space    used 1623K, capacity 1668K, committed 1792K, reserved 1048576K
}

