# JRE version: Java(TM) SE Runtime Environment (8.0_25-b18) (build 1.8.0_25-b18)
# Java VM: Java HotSpot(TM) 64-Bit Server VM (25.25-b02 mixed mode windows-amd64 compressed oops)
Heap:
 PSYoungGen      total 628736K, used 151460K [0x0000000715980000, 0x00000007b5a80000, 0x00000007c0000000)
  eden space 626176K, 23% used [0x0000000715980000,0x000000071eb5bf00,0x000000073bd00000)
  from space 2560K, 82% used [0x00000007b5680000,0x00000007b588d4f0,0x00000007b5900000)
  to   space 1536K, 0% used [0x00000007b5900000,0x00000007b5900000,0x00000007b5a80000)
 ParOldGen       total 349696K, used 117197K [0x00000005c0c00000, 0x00000005d6180000, 0x0000000715980000)
  object space 349696K, 33% used [0x00000005c0c00000,0x00000005c7e73570,0x00000005d6180000)
 Metaspace       used 9809K, capacity 10077K, committed 10240K, reserved 1058816K
  class space    used 962K, capacity 1019K, committed 1024K, reserved 1048576K
GC Heap History (10 events):
Event: 132.968 GC heap before
{Heap before GC invocations=757 (full 0):
 PSYoungGen      total 495104K, used 495093K [0x0000000715980000, 0x00000007b5e00000, 0x00000007c0000000)
  eden space 493056K, 100% used [0x0000000715980000,0x0000000733b00000,0x0000000733b00000)
  from space 2048K, 99% used [0x00000007b5c00000,0x00000007b5dfd4f0,0x00000007b5e00000)
  to   space 2560K, 0% used [0x00000007b5900000,0x00000007b5900000,0x00000007b5b80000)
 ParOldGen       total 349696K, used 115990K [0x00000005c0c00000, 0x00000005d6180000, 0x0000000715980000)
  object space 349696K, 33% used [0x00000005c0c00000,0x00000005c7d45920,0x00000005d6180000)
 Metaspace       used 9809K, capacity 10077K, committed 10240K, reserved 1058816K
  class space    used 962K, capacity 1019K, committed 1024K, reserved 1048576K
Event: 132.969 GC heap after
Heap after GC invocations=757 (full 0):
 PSYoungGen      total 593920K, used 1653K [0x0000000715980000, 0x00000007b5c80000, 0x00000007c0000000)
  eden space 591872K, 0% used [0x0000000715980000,0x0000000715980000,0x0000000739b80000)
  from space 2048K, 80% used [0x00000007b5900000,0x00000007b5a9d4f0,0x00000007b5b00000)
  to   space 1536K, 0% used [0x00000007b5b00000,0x00000007b5b00000,0x00000007b5c80000)
 ParOldGen       total 349696K, used 116030K [0x00000005c0c00000, 0x00000005d6180000, 0x0000000715980000)
  object space 349696K, 33% used [0x00000005c0c00000,0x00000005c7d4f920,0x00000005d6180000)
 Metaspace       used 9809K, capacity 10077K, committed 10240K, reserved 1058816K
  class space    used 962K, capacity 1019K, committed 1024K, reserved 1048576K
}
Event: 133.135 GC heap before
{Heap before GC invocations=758 (full 0):
 PSYoungGen      total 593920K, used 593525K [0x0000000715980000, 0x00000007b5c80000, 0x00000007c0000000)
  eden space 591872K, 100% used [0x0000000715980000,0x0000000739b80000,0x0000000739b80000)
  from space 2048K, 80% used [0x00000007b5900000,0x00000007b5a9d4f0,0x00000007b5b00000)
  to   space 1536K, 0% used [0x00000007b5b00000,0x00000007b5b00000,0x00000007b5c80000)
 ParOldGen       total 349696K, used 116030K [0x00000005c0c00000, 0x00000005d6180000, 0x0000000715980000)
  object space 349696K, 33% used [0x00000005c0c00000,0x00000005c7d4f920,0x00000005d6180000)
 Metaspace       used 9809K, capacity 10077K, committed 10240K, reserved 1058816K
  class space    used 962K, capacity 1019K, committed 1024K, reserved 1048576K
Event: 133.137 GC heap after
Heap after GC invocations=758 (full 0):
 PSYoungGen      total 569344K, used 1518K [0x0000000715980000, 0x00000007b5c80000, 0x00000007c0000000)
  eden space 567808K, 0% used [0x0000000715980000,0x0000000715980000,0x0000000738400000)
  from space 1536K, 98% used [0x00000007b5b00000,0x00000007b5c7b8a0,0x00000007b5c80000)
  to   space 2560K, 0% used [0x00000007b5780000,0x00000007b5780000,0x00000007b5a00000)
 ParOldGen       total 349696K, used 116589K [0x00000005c0c00000, 0x00000005d6180000, 0x0000000715980000)
  object space 349696K, 33% used [0x00000005c0c00000,0x00000005c7ddb570,0x00000005d6180000)
 Metaspace       used 9809K, capacity 10077K, committed 10240K, reserved 1058816K
  class space    used 962K, capacity 1019K, committed 1024K, reserved 1048576K
}
Event: 133.280 GC heap before
{Heap before GC invocations=759 (full 0):
 PSYoungGen      total 569344K, used 569326K [0x0000000715980000, 0x00000007b5c80000, 0x00000007c0000000)
  eden space 567808K, 100% used [0x0000000715980000,0x0000000738400000,0x0000000738400000)
  from space 1536K, 98% used [0x00000007b5b00000,0x00000007b5c7b8a0,0x00000007b5c80000)
  to   space 2560K, 0% used [0x00000007b5780000,0x00000007b5780000,0x00000007b5a00000)
 ParOldGen       total 349696K, used 116589K [0x00000005c0c00000, 0x00000005d6180000, 0x0000000715980000)
  object space 349696K, 33% used [0x00000005c0c00000,0x00000005c7ddb570,0x00000005d6180000)
 Metaspace       used 9809K, capacity 10077K, committed 10240K, reserved 1058816K
  class space    used 962K, capacity 1019K, committed 1024K, reserved 1048576K
Event: 133.282 GC heap after
Heap after GC invocations=759 (full 0):
 PSYoungGen      total 684032K, used 2261K [0x0000000715980000, 0x00000007b5b80000, 0x00000007c0000000)
  eden space 681472K, 0% used [0x0000000715980000,0x0000000715980000,0x000000073f300000)
  from space 2560K, 88% used [0x00000007b5780000,0x00000007b59b54f0,0x00000007b5a00000)
  to   space 1536K, 0% used [0x00000007b5a00000,0x00000007b5a00000,0x00000007b5b80000)
 ParOldGen       total 349696K, used 116909K [0x00000005c0c00000, 0x00000005d6180000, 0x0000000715980000)
  object space 349696K, 33% used [0x00000005c0c00000,0x00000005c7e2b570,0x00000005d6180000)
 Metaspace       used 9809K, capacity 10077K, committed 10240K, reserved 1058816K
  class space    used 962K, capacity 1019K, committed 1024K, reserved 1048576K
}
Event: 133.456 GC heap before
{Heap before GC invocations=760 (full 0):
 PSYoungGen      total 684032K, used 683733K [0x0000000715980000, 0x00000007b5b80000, 0x00000007c0000000)
  eden space 681472K, 100% used [0x0000000715980000,0x000000073f300000,0x000000073f300000)
  from space 2560K, 88% used [0x00000007b5780000,0x00000007b59b54f0,0x00000007b5a00000)
  to   space 1536K, 0% used [0x00000007b5a00000,0x00000007b5a00000,0x00000007b5b80000)
 ParOldGen       total 349696K, used 116909K [0x00000005c0c00000, 0x00000005d6180000, 0x0000000715980000)
  object space 349696K, 33% used [0x00000005c0c00000,0x00000005c7e2b570,0x00000005d6180000)
 Metaspace       used 9809K, capacity 10077K, committed 10240K, reserved 1058816K
  class space    used 962K, capacity 1019K, committed 1024K, reserved 1048576K
Event: 133.457 GC heap after
Heap after GC invocations=760 (full 0):
 PSYoungGen      total 654848K, used 1525K [0x0000000715980000, 0x00000007b5b80000, 0x00000007c0000000)
  eden space 653312K, 0% used [0x0000000715980000,0x0000000715980000,0x000000073d780000)
  from space 1536K, 99% used [0x00000007b5a00000,0x00000007b5b7d4f0,0x00000007b5b80000)
  to   space 2560K, 0% used [0x00000007b5680000,0x00000007b5680000,0x00000007b5900000)
 ParOldGen       total 349696K, used 117133K [0x00000005c0c00000, 0x00000005d6180000, 0x0000000715980000)
  object space 349696K, 33% used [0x00000005c0c00000,0x00000005c7e63570,0x00000005d6180000)
 Metaspace       used 9809K, capacity 10077K, committed 10240K, reserved 1058816K
  class space    used 962K, capacity 1019K, committed 1024K, reserved 1048576K
}
Event: 133.633 GC heap before
{Heap before GC invocations=761 (full 0):
 PSYoungGen      total 654848K, used 654837K [0x0000000715980000, 0x00000007b5b80000, 0x00000007c0000000)
  eden space 653312K, 100% used [0x0000000715980000,0x000000073d780000,0x000000073d780000)
  from space 1536K, 99% used [0x00000007b5a00000,0x00000007b5b7d4f0,0x00000007b5b80000)
  to   space 2560K, 0% used [0x00000007b5680000,0x00000007b5680000,0x00000007b5900000)
 ParOldGen       total 349696K, used 117133K [0x00000005c0c00000, 0x00000005d6180000, 0x0000000715980000)
  object space 349696K, 33% used [0x00000005c0c00000,0x00000005c7e63570,0x00000005d6180000)
 Metaspace       used 9809K, capacity 10077K, committed 10240K, reserved 1058816K
  class space    used 962K, capacity 1019K, committed 1024K, reserved 1048576K
Event: 133.635 GC heap after
Heap after GC invocations=761 (full 0):
 PSYoungGen      total 628736K, used 2101K [0x0000000715980000, 0x00000007b5a80000, 0x00000007c0000000)
  eden space 626176K, 0% used [0x0000000715980000,0x0000000715980000,0x000000073bd00000)
  from space 2560K, 82% used [0x00000007b5680000,0x00000007b588d4f0,0x00000007b5900000)
  to   space 1536K, 0% used [0x00000007b5900000,0x00000007b5900000,0x00000007b5a80000)
 ParOldGen       total 349696K, used 117197K [0x00000005c0c00000, 0x00000005d6180000, 0x0000000715980000)
  object space 349696K, 33% used [0x00000005c0c00000,0x00000005c7e73570,0x00000005d6180000)
 Metaspace       used 9809K, capacity 10077K, committed 10240K, reserved 1058816K
  class space    used 962K, capacity 1019K, committed 1024K, reserved 1048576K
}

