# JRE version: Java(TM) SE Runtime Environment (8.0_25-b18) (build 1.8.0_25-b18)
# Java VM: Java HotSpot(TM) 64-Bit Server VM (25.25-b02 mixed mode windows-amd64 compressed oops)
Heap:
 PSYoungGen      total 117760K, used 860K [0x0000000715980000, 0x000000071e700000, 0x00000007c0000000)
  eden space 94720K, 0% used [0x0000000715980000,0x00000007159ef148,0x000000071b600000)
  from space 23040K, 1% used [0x000000071d080000,0x000000071d0e8000,0x000000071e700000)
  to   space 25088K, 0% used [0x000000071b600000,0x000000071b600000,0x000000071ce80000)
 ParOldGen       total 349696K, used 2976K [0x00000005c0c00000, 0x00000005d6180000, 0x0000000715980000)
  object space 349696K, 0% used [0x00000005c0c00000,0x00000005c0ee8360,0x00000005d6180000)
 Metaspace       used 9764K, capacity 9969K, committed 9984K, reserved 1058816K
  class space    used 953K, capacity 1011K, committed 1024K, reserved 1048576K
GC Heap History (10 events):
Event: 54.031 GC heap before
{Heap before GC invocations=40 (full 0):
 PSYoungGen      total 105984K, used 104155K [0x0000000715980000, 0x000000071f000000, 0x00000007c0000000)
  eden space 104960K, 98% used [0x0000000715980000,0x000000071beaefa8,0x000000071c000000)
  from space 1024K, 53% used [0x000000071c200000,0x000000071c288000,0x000000071c300000)
  to   space 24576K, 0% used [0x000000071d800000,0x000000071d800000,0x000000071f000000)
 ParOldGen       total 349696K, used 2960K [0x00000005c0c00000, 0x00000005d6180000, 0x0000000715980000)
  object space 349696K, 0% used [0x00000005c0c00000,0x00000005c0ee4360,0x00000005d6180000)
 Metaspace       used 9764K, capacity 9969K, committed 9984K, reserved 1058816K
  class space    used 953K, capacity 1011K, committed 1024K, reserved 1048576K
Event: 54.033 GC heap after
Heap after GC invocations=40 (full 0):
 PSYoungGen      total 123392K, used 544K [0x0000000715980000, 0x000000071ec00000, 0x00000007c0000000)
  eden space 102912K, 0% used [0x0000000715980000,0x0000000715980000,0x000000071be00000)
  from space 20480K, 2% used [0x000000071d800000,0x000000071d888000,0x000000071ec00000)
  to   space 23552K, 0% used [0x000000071be00000,0x000000071be00000,0x000000071d500000)
 ParOldGen       total 349696K, used 2960K [0x00000005c0c00000, 0x00000005d6180000, 0x0000000715980000)
  object space 349696K, 0% used [0x00000005c0c00000,0x00000005c0ee4360,0x00000005d6180000)
 Metaspace       used 9764K, capacity 9969K, committed 9984K, reserved 1058816K
  class space    used 953K, capacity 1011K, committed 1024K, reserved 1048576K
}
Event: 54.940 GC heap before
{Heap before GC invocations=41 (full 0):
 PSYoungGen      total 123392K, used 102534K [0x0000000715980000, 0x000000071ec00000, 0x00000007c0000000)
  eden space 102912K, 99% used [0x0000000715980000,0x000000071bd19938,0x000000071be00000)
  from space 20480K, 2% used [0x000000071d800000,0x000000071d888000,0x000000071ec00000)
  to   space 23552K, 0% used [0x000000071be00000,0x000000071be00000,0x000000071d500000)
 ParOldGen       total 349696K, used 2960K [0x00000005c0c00000, 0x00000005d6180000, 0x0000000715980000)
  object space 349696K, 0% used [0x00000005c0c00000,0x00000005c0ee4360,0x00000005d6180000)
 Metaspace       used 9764K, capacity 9969K, committed 9984K, reserved 1058816K
  class space    used 953K, capacity 1011K, committed 1024K, reserved 1048576K
Event: 54.942 GC heap after
Heap after GC invocations=41 (full 0):
 PSYoungGen      total 101376K, used 480K [0x0000000715980000, 0x000000071e900000, 0x00000007c0000000)
  eden space 100864K, 0% used [0x0000000715980000,0x0000000715980000,0x000000071bc00000)
  from space 512K, 93% used [0x000000071be00000,0x000000071be78000,0x000000071be80000)
  to   space 23040K, 0% used [0x000000071d280000,0x000000071d280000,0x000000071e900000)
 ParOldGen       total 349696K, used 2960K [0x00000005c0c00000, 0x00000005d6180000, 0x0000000715980000)
  object space 349696K, 0% used [0x00000005c0c00000,0x00000005c0ee4360,0x00000005d6180000)
 Metaspace       used 9764K, capacity 9969K, committed 9984K, reserved 1058816K
  class space    used 953K, capacity 1011K, committed 1024K, reserved 1048576K
}
Event: 55.769 GC heap before
{Heap before GC invocations=42 (full 0):
 PSYoungGen      total 101376K, used 101344K [0x0000000715980000, 0x000000071e900000, 0x00000007c0000000)
  eden space 100864K, 100% used [0x0000000715980000,0x000000071bc00000,0x000000071bc00000)
  from space 512K, 93% used [0x000000071be00000,0x000000071be78000,0x000000071be80000)
  to   space 23040K, 0% used [0x000000071d280000,0x000000071d280000,0x000000071e900000)
 ParOldGen       total 349696K, used 2960K [0x00000005c0c00000, 0x00000005d6180000, 0x0000000715980000)
  object space 349696K, 0% used [0x00000005c0c00000,0x00000005c0ee4360,0x00000005d6180000)
 Metaspace       used 9764K, capacity 9969K, committed 9984K, reserved 1058816K
  class space    used 953K, capacity 1011K, committed 1024K, reserved 1048576K
Event: 55.771 GC heap after
Heap after GC invocations=42 (full 0):
 PSYoungGen      total 121344K, used 16896K [0x0000000715980000, 0x000000071ec00000, 0x00000007c0000000)
  eden space 98304K, 0% used [0x0000000715980000,0x0000000715980000,0x000000071b980000)
  from space 23040K, 73% used [0x000000071d280000,0x000000071e300040,0x000000071e900000)
  to   space 25600K, 0% used [0x000000071b980000,0x000000071b980000,0x000000071d280000)
 ParOldGen       total 349696K, used 2960K [0x00000005c0c00000, 0x00000005d6180000, 0x0000000715980000)
  object space 349696K, 0% used [0x00000005c0c00000,0x00000005c0ee4360,0x00000005d6180000)
 Metaspace       used 9764K, capacity 9969K, committed 9984K, reserved 1058816K
  class space    used 953K, capacity 1011K, committed 1024K, reserved 1048576K
}
Event: 56.658 GC heap before
{Heap before GC invocations=43 (full 0):
 PSYoungGen      total 121344K, used 115186K [0x0000000715980000, 0x000000071ec00000, 0x00000007c0000000)
  eden space 98304K, 99% used [0x0000000715980000,0x000000071b97ca58,0x000000071b980000)
  from space 23040K, 73% used [0x000000071d280000,0x000000071e300040,0x000000071e900000)
  to   space 25600K, 0% used [0x000000071b980000,0x000000071b980000,0x000000071d280000)
 ParOldGen       total 349696K, used 2960K [0x00000005c0c00000, 0x00000005d6180000, 0x0000000715980000)
  object space 349696K, 0% used [0x00000005c0c00000,0x00000005c0ee4360,0x00000005d6180000)
 Metaspace       used 9764K, capacity 9969K, committed 9984K, reserved 1058816K
  class space    used 953K, capacity 1011K, committed 1024K, reserved 1048576K
Event: 56.660 GC heap after
Heap after GC invocations=43 (full 0):
 PSYoungGen      total 109056K, used 12768K [0x0000000715980000, 0x000000071e980000, 0x00000007c0000000)
  eden space 96256K, 0% used [0x0000000715980000,0x0000000715980000,0x000000071b780000)
  from space 12800K, 99% used [0x000000071b980000,0x000000071c5f8030,0x000000071c600000)
  to   space 25600K, 0% used [0x000000071d080000,0x000000071d080000,0x000000071e980000)
 ParOldGen       total 349696K, used 2968K [0x00000005c0c00000, 0x00000005d6180000, 0x0000000715980000)
  object space 349696K, 0% used [0x00000005c0c00000,0x00000005c0ee6360,0x00000005d6180000)
 Metaspace       used 9764K, capacity 9969K, committed 9984K, reserved 1058816K
  class space    used 953K, capacity 1011K, committed 1024K, reserved 1048576K
}
Event: 57.500 GC heap before
{Heap before GC invocations=44 (full 0):
 PSYoungGen      total 109056K, used 109024K [0x0000000715980000, 0x000000071e980000, 0x00000007c0000000)
  eden space 96256K, 100% used [0x0000000715980000,0x000000071b780000,0x000000071b780000)
  from space 12800K, 99% used [0x000000071b980000,0x000000071c5f8030,0x000000071c600000)
  to   space 25600K, 0% used [0x000000071d080000,0x000000071d080000,0x000000071e980000)
 ParOldGen       total 349696K, used 2968K [0x00000005c0c00000, 0x00000005d6180000, 0x0000000715980000)
  object space 349696K, 0% used [0x00000005c0c00000,0x00000005c0ee6360,0x00000005d6180000)
 Metaspace       used 9764K, capacity 9969K, committed 9984K, reserved 1058816K
  class space    used 953K, capacity 1011K, committed 1024K, reserved 1048576K
Event: 57.502 GC heap after
Heap after GC invocations=44 (full 0):
 PSYoungGen      total 117760K, used 416K [0x0000000715980000, 0x000000071e700000, 0x00000007c0000000)
  eden space 94720K, 0% used [0x0000000715980000,0x0000000715980000,0x000000071b600000)
  from space 23040K, 1% used [0x000000071d080000,0x000000071d0e8000,0x000000071e700000)
  to   space 25088K, 0% used [0x000000071b600000,0x000000071b600000,0x000000071ce80000)
 ParOldGen       total 349696K, used 2976K [0x00000005c0c00000, 0x00000005d6180000, 0x0000000715980000)
  object space 349696K, 0% used [0x00000005c0c00000,0x00000005c0ee8360,0x00000005d6180000)
 Metaspace       used 9764K, capacity 9969K, committed 9984K, reserved 1058816K
  class space    used 953K, capacity 1011K, committed 1024K, reserved 1048576K
}

