# JRE version: Java(TM) SE Runtime Environment (8.0_25-b18) (build 1.8.0_25-b18)
# Java VM: Java HotSpot(TM) 64-Bit Server VM (25.25-b02 mixed mode windows-amd64 compressed oops)
Heap:
 PSYoungGen      total 42496K, used 585K [0x0000000715980000, 0x000000071a380000, 0x00000007c0000000)
  eden space 41984K, 1% used [0x0000000715980000,0x00000007159ea6c0,0x0000000718280000)
  from space 512K, 31% used [0x000000071a280000,0x000000071a2a8000,0x000000071a300000)
  to   space 512K, 0% used [0x000000071a300000,0x000000071a300000,0x000000071a380000)
 ParOldGen       total 349696K, used 105885K [0x00000005c0c00000, 0x00000005d6180000, 0x0000000715980000)
  object space 349696K, 30% used [0x00000005c0c00000,0x00000005c73677e8,0x00000005d6180000)
 Metaspace       used 8520K, capacity 8599K, committed 8832K, reserved 1056768K
  class space    used 803K, capacity 822K, committed 896K, reserved 1048576K
GC Heap History (10 events):
Event: 158.188 GC heap before
{Heap before GC invocations=279 (full 0):
 PSYoungGen      total 42496K, used 42176K [0x0000000715980000, 0x000000071a380000, 0x00000007c0000000)
  eden space 41984K, 100% used [0x0000000715980000,0x0000000718280000,0x0000000718280000)
  from space 512K, 37% used [0x000000071a300000,0x000000071a330000,0x000000071a380000)
  to   space 512K, 0% used [0x000000071a280000,0x000000071a280000,0x000000071a300000)
 ParOldGen       total 349696K, used 102789K [0x00000005c0c00000, 0x00000005d6180000, 0x0000000715980000)
  object space 349696K, 29% used [0x00000005c0c00000,0x00000005c70617b8,0x00000005d6180000)
 Metaspace       used 8520K, capacity 8599K, committed 8832K, reserved 1056768K
  class space    used 803K, capacity 822K, committed 896K, reserved 1048576K
Event: 158.189 GC heap after
Heap after GC invocations=279 (full 0):
 PSYoungGen      total 42496K, used 192K [0x0000000715980000, 0x000000071a380000, 0x00000007c0000000)
  eden space 41984K, 0% used [0x0000000715980000,0x0000000715980000,0x0000000718280000)
  from space 512K, 37% used [0x000000071a280000,0x000000071a2b0000,0x000000071a300000)
  to   space 512K, 0% used [0x000000071a300000,0x000000071a300000,0x000000071a380000)
 ParOldGen       total 349696K, used 102789K [0x00000005c0c00000, 0x00000005d6180000, 0x0000000715980000)
  object space 349696K, 29% used [0x00000005c0c00000,0x00000005c70617b8,0x00000005d6180000)
 Metaspace       used 8520K, capacity 8599K, committed 8832K, reserved 1056768K
  class space    used 803K, capacity 822K, committed 896K, reserved 1048576K
}
Event: 158.628 GC heap before
{Heap before GC invocations=280 (full 0):
 PSYoungGen      total 42496K, used 42176K [0x0000000715980000, 0x000000071a380000, 0x00000007c0000000)
  eden space 41984K, 100% used [0x0000000715980000,0x0000000718280000,0x0000000718280000)
  from space 512K, 37% used [0x000000071a280000,0x000000071a2b0000,0x000000071a300000)
  to   space 512K, 0% used [0x000000071a300000,0x000000071a300000,0x000000071a380000)
 ParOldGen       total 349696K, used 102789K [0x00000005c0c00000, 0x00000005d6180000, 0x0000000715980000)
  object space 349696K, 29% used [0x00000005c0c00000,0x00000005c70617b8,0x00000005d6180000)
 Metaspace       used 8520K, capacity 8599K, committed 8832K, reserved 1056768K
  class space    used 803K, capacity 822K, committed 896K, reserved 1048576K
Event: 158.629 GC heap after
Heap after GC invocations=280 (full 0):
 PSYoungGen      total 42496K, used 192K [0x0000000715980000, 0x000000071a380000, 0x00000007c0000000)
  eden space 41984K, 0% used [0x0000000715980000,0x0000000715980000,0x0000000718280000)
  from space 512K, 37% used [0x000000071a300000,0x000000071a330000,0x000000071a380000)
  to   space 512K, 0% used [0x000000071a280000,0x000000071a280000,0x000000071a300000)
 ParOldGen       total 349696K, used 102789K [0x00000005c0c00000, 0x00000005d6180000, 0x0000000715980000)
  object space 349696K, 29% used [0x00000005c0c00000,0x00000005c70617b8,0x00000005d6180000)
 Metaspace       used 8520K, capacity 8599K, committed 8832K, reserved 1056768K
  class space    used 803K, capacity 822K, committed 896K, reserved 1048576K
}
Event: 159.061 GC heap before
{Heap before GC invocations=281 (full 0):
 PSYoungGen      total 42496K, used 42176K [0x0000000715980000, 0x000000071a380000, 0x00000007c0000000)
  eden space 41984K, 100% used [0x0000000715980000,0x0000000718280000,0x0000000718280000)
  from space 512K, 37% used [0x000000071a300000,0x000000071a330000,0x000000071a380000)
  to   space 512K, 0% used [0x000000071a280000,0x000000071a280000,0x000000071a300000)
 ParOldGen       total 349696K, used 102789K [0x00000005c0c00000, 0x00000005d6180000, 0x0000000715980000)
  object space 349696K, 29% used [0x00000005c0c00000,0x00000005c70617b8,0x00000005d6180000)
 Metaspace       used 8520K, capacity 8599K, committed 8832K, reserved 1056768K
  class space    used 803K, capacity 822K, committed 896K, reserved 1048576K
Event: 159.062 GC heap after
Heap after GC invocations=281 (full 0):
 PSYoungGen      total 42496K, used 192K [0x0000000715980000, 0x000000071a380000, 0x00000007c0000000)
  eden space 41984K, 0% used [0x0000000715980000,0x0000000715980000,0x0000000718280000)
  from space 512K, 37% used [0x000000071a280000,0x000000071a2b0000,0x000000071a300000)
  to   space 512K, 0% used [0x000000071a300000,0x000000071a300000,0x000000071a380000)
 ParOldGen       total 349696K, used 102797K [0x00000005c0c00000, 0x00000005d6180000, 0x0000000715980000)
  object space 349696K, 29% used [0x00000005c0c00000,0x00000005c70637b8,0x00000005d6180000)
 Metaspace       used 8520K, capacity 8599K, committed 8832K, reserved 1056768K
  class space    used 803K, capacity 822K, committed 896K, reserved 1048576K
}
Event: 159.474 GC heap before
{Heap before GC invocations=282 (full 0):
 PSYoungGen      total 42496K, used 42176K [0x0000000715980000, 0x000000071a380000, 0x00000007c0000000)
  eden space 41984K, 100% used [0x0000000715980000,0x0000000718280000,0x0000000718280000)
  from space 512K, 37% used [0x000000071a280000,0x000000071a2b0000,0x000000071a300000)
  to   space 512K, 0% used [0x000000071a300000,0x000000071a300000,0x000000071a380000)
 ParOldGen       total 349696K, used 102797K [0x00000005c0c00000, 0x00000005d6180000, 0x0000000715980000)
  object space 349696K, 29% used [0x00000005c0c00000,0x00000005c70637b8,0x00000005d6180000)
 Metaspace       used 8520K, capacity 8599K, committed 8832K, reserved 1056768K
  class space    used 803K, capacity 822K, committed 896K, reserved 1048576K
Event: 159.475 GC heap after
Heap after GC invocations=282 (full 0):
 PSYoungGen      total 42496K, used 192K [0x0000000715980000, 0x000000071a380000, 0x00000007c0000000)
  eden space 41984K, 0% used [0x0000000715980000,0x0000000715980000,0x0000000718280000)
  from space 512K, 37% used [0x000000071a300000,0x000000071a330000,0x000000071a380000)
  to   space 512K, 0% used [0x000000071a280000,0x000000071a280000,0x000000071a300000)
 ParOldGen       total 349696K, used 105877K [0x00000005c0c00000, 0x00000005d6180000, 0x0000000715980000)
  object space 349696K, 30% used [0x00000005c0c00000,0x00000005c73657e8,0x00000005d6180000)
 Metaspace       used 8520K, capacity 8599K, committed 8832K, reserved 1056768K
  class space    used 803K, capacity 822K, committed 896K, reserved 1048576K
}
Event: 159.894 GC heap before
{Heap before GC invocations=283 (full 0):
 PSYoungGen      total 42496K, used 42176K [0x0000000715980000, 0x000000071a380000, 0x00000007c0000000)
  eden space 41984K, 100% used [0x0000000715980000,0x0000000718280000,0x0000000718280000)
  from space 512K, 37% used [0x000000071a300000,0x000000071a330000,0x000000071a380000)
  to   space 512K, 0% used [0x000000071a280000,0x000000071a280000,0x000000071a300000)
 ParOldGen       total 349696K, used 105877K [0x00000005c0c00000, 0x00000005d6180000, 0x0000000715980000)
  object space 349696K, 30% used [0x00000005c0c00000,0x00000005c73657e8,0x00000005d6180000)
 Metaspace       used 8520K, capacity 8599K, committed 8832K, reserved 1056768K
  class space    used 803K, capacity 822K, committed 896K, reserved 1048576K
Event: 159.895 GC heap after
Heap after GC invocations=283 (full 0):
 PSYoungGen      total 42496K, used 160K [0x0000000715980000, 0x000000071a380000, 0x00000007c0000000)
  eden space 41984K, 0% used [0x0000000715980000,0x0000000715980000,0x0000000718280000)
  from space 512K, 31% used [0x000000071a280000,0x000000071a2a8000,0x000000071a300000)
  to   space 512K, 0% used [0x000000071a300000,0x000000071a300000,0x000000071a380000)
 ParOldGen       total 349696K, used 105885K [0x00000005c0c00000, 0x00000005d6180000, 0x0000000715980000)
  object space 349696K, 30% used [0x00000005c0c00000,0x00000005c73677e8,0x00000005d6180000)
 Metaspace       used 8520K, capacity 8599K, committed 8832K, reserved 1056768K
  class space    used 803K, capacity 822K, committed 896K, reserved 1048576K
}

