# JRE version: Java(TM) SE Runtime Environment (8.0_25-b18) (build 1.8.0_25-b18)
# Java VM: Java HotSpot(TM) 64-Bit Server VM (25.25-b02 mixed mode windows-amd64 compressed oops)
Heap:
 PSYoungGen      total 180736K, used 23711K [0x0000000715980000, 0x0000000724480000, 0x00000007c0000000)
  eden space 169472K, 7% used [0x0000000715980000,0x00000007166133b0,0x000000071ff00000)
  from space 11264K, 96% used [0x0000000721e00000,0x0000000722894980,0x0000000722900000)
  to   space 23552K, 0% used [0x0000000722d80000,0x0000000722d80000,0x0000000724480000)
 ParOldGen       total 349696K, used 136045K [0x00000005c0c00000, 0x00000005d6180000, 0x0000000715980000)
  object space 349696K, 38% used [0x00000005c0c00000,0x00000005c90db7a8,0x00000005d6180000)
 Metaspace       used 9421K, capacity 9687K, committed 9984K, reserved 1058816K
  class space    used 914K, capacity 984K, committed 1024K, reserved 1048576K
GC Heap History (10 events):
Event: 185.312 GC heap before
{Heap before GC invocations=133 (full 0):
 PSYoungGen      total 166400K, used 158706K [0x0000000715980000, 0x0000000721600000, 0x00000007c0000000)
  eden space 148992K, 100% used [0x0000000715980000,0x000000071eb00000,0x000000071eb00000)
  from space 17408K, 55% used [0x0000000720500000,0x0000000720e7c980,0x0000000721600000)
  to   space 22016K, 0% used [0x000000071eb00000,0x000000071eb00000,0x0000000720080000)
 ParOldGen       total 349696K, used 134621K [0x00000005c0c00000, 0x00000005d6180000, 0x0000000715980000)
  object space 349696K, 38% used [0x00000005c0c00000,0x00000005c8f77798,0x00000005d6180000)
 Metaspace       used 9421K, capacity 9687K, committed 9984K, reserved 1058816K
  class space    used 914K, capacity 984K, committed 1024K, reserved 1048576K
Event: 185.326 GC heap after
Heap after GC invocations=133 (full 0):
 PSYoungGen      total 171008K, used 21997K [0x0000000715980000, 0x0000000723980000, 0x00000007c0000000)
  eden space 148992K, 0% used [0x0000000715980000,0x0000000715980000,0x000000071eb00000)
  from space 22016K, 99% used [0x000000071eb00000,0x000000072007b7f8,0x0000000720080000)
  to   space 25088K, 0% used [0x0000000722100000,0x0000000722100000,0x0000000723980000)
 ParOldGen       total 349696K, used 135901K [0x00000005c0c00000, 0x00000005d6180000, 0x0000000715980000)
  object space 349696K, 38% used [0x00000005c0c00000,0x00000005c90b77a8,0x00000005d6180000)
 Metaspace       used 9421K, capacity 9687K, committed 9984K, reserved 1058816K
  class space    used 914K, capacity 984K, committed 1024K, reserved 1048576K
}
Event: 186.083 GC heap before
{Heap before GC invocations=134 (full 0):
 PSYoungGen      total 171008K, used 170989K [0x0000000715980000, 0x0000000723980000, 0x00000007c0000000)
  eden space 148992K, 100% used [0x0000000715980000,0x000000071eb00000,0x000000071eb00000)
  from space 22016K, 99% used [0x000000071eb00000,0x000000072007b7f8,0x0000000720080000)
  to   space 25088K, 0% used [0x0000000722100000,0x0000000722100000,0x0000000723980000)
 ParOldGen       total 349696K, used 135901K [0x00000005c0c00000, 0x00000005d6180000, 0x0000000715980000)
  object space 349696K, 38% used [0x00000005c0c00000,0x00000005c90b77a8,0x00000005d6180000)
 Metaspace       used 9421K, capacity 9687K, committed 9984K, reserved 1058816K
  class space    used 914K, capacity 984K, committed 1024K, reserved 1048576K
Event: 186.094 GC heap after
Heap after GC invocations=134 (full 0):
 PSYoungGen      total 204288K, used 16859K [0x0000000715980000, 0x0000000723980000, 0x00000007c0000000)
  eden space 179200K, 0% used [0x0000000715980000,0x0000000715980000,0x0000000720880000)
  from space 25088K, 67% used [0x0000000722100000,0x0000000723176e98,0x0000000723980000)
  to   space 25088K, 0% used [0x0000000720880000,0x0000000720880000,0x0000000722100000)
 ParOldGen       total 349696K, used 136013K [0x00000005c0c00000, 0x00000005d6180000, 0x0000000715980000)
  object space 349696K, 38% used [0x00000005c0c00000,0x00000005c90d37a8,0x00000005d6180000)
 Metaspace       used 9421K, capacity 9687K, committed 9984K, reserved 1058816K
  class space    used 914K, capacity 984K, committed 1024K, reserved 1048576K
}
Event: 186.878 GC heap before
{Heap before GC invocations=135 (full 0):
 PSYoungGen      total 204288K, used 196059K [0x0000000715980000, 0x0000000723980000, 0x00000007c0000000)
  eden space 179200K, 100% used [0x0000000715980000,0x0000000720880000,0x0000000720880000)
  from space 25088K, 67% used [0x0000000722100000,0x0000000723176e98,0x0000000723980000)
  to   space 25088K, 0% used [0x0000000720880000,0x0000000720880000,0x0000000722100000)
 ParOldGen       total 349696K, used 136013K [0x00000005c0c00000, 0x00000005d6180000, 0x0000000715980000)
  object space 349696K, 38% used [0x00000005c0c00000,0x00000005c90d37a8,0x00000005d6180000)
 Metaspace       used 9421K, capacity 9687K, committed 9984K, reserved 1058816K
  class space    used 914K, capacity 984K, committed 1024K, reserved 1048576K
Event: 186.883 GC heap after
Heap after GC invocations=135 (full 0):
 PSYoungGen      total 204288K, used 9714K [0x0000000715980000, 0x0000000725c80000, 0x00000007c0000000)
  eden space 179200K, 0% used [0x0000000715980000,0x0000000715980000,0x0000000720880000)
  from space 25088K, 38% used [0x0000000720880000,0x00000007211fc970,0x0000000722100000)
  to   space 25088K, 0% used [0x0000000724400000,0x0000000724400000,0x0000000725c80000)
 ParOldGen       total 349696K, used 136029K [0x00000005c0c00000, 0x00000005d6180000, 0x0000000715980000)
  object space 349696K, 38% used [0x00000005c0c00000,0x00000005c90d77a8,0x00000005d6180000)
 Metaspace       used 9421K, capacity 9687K, committed 9984K, reserved 1058816K
  class space    used 914K, capacity 984K, committed 1024K, reserved 1048576K
}
Event: 187.960 GC heap before
{Heap before GC invocations=136 (full 0):
 PSYoungGen      total 204288K, used 188914K [0x0000000715980000, 0x0000000725c80000, 0x00000007c0000000)
  eden space 179200K, 100% used [0x0000000715980000,0x0000000720880000,0x0000000720880000)
  from space 25088K, 38% used [0x0000000720880000,0x00000007211fc970,0x0000000722100000)
  to   space 25088K, 0% used [0x0000000724400000,0x0000000724400000,0x0000000725c80000)
 ParOldGen       total 349696K, used 136029K [0x00000005c0c00000, 0x00000005d6180000, 0x0000000715980000)
  object space 349696K, 38% used [0x00000005c0c00000,0x00000005c90d77a8,0x00000005d6180000)
 Metaspace       used 9421K, capacity 9687K, committed 9984K, reserved 1058816K
  class space    used 914K, capacity 984K, committed 1024K, reserved 1048576K
Event: 187.966 GC heap after
Heap after GC invocations=136 (full 0):
 PSYoungGen      total 184320K, used 9906K [0x0000000715980000, 0x0000000724e00000, 0x00000007c0000000)
  eden space 174080K, 0% used [0x0000000715980000,0x0000000715980000,0x0000000720380000)
  from space 10240K, 96% used [0x0000000724400000,0x0000000724dac970,0x0000000724e00000)
  to   space 24576K, 0% used [0x0000000721e00000,0x0000000721e00000,0x0000000723600000)
 ParOldGen       total 349696K, used 136029K [0x00000005c0c00000, 0x00000005d6180000, 0x0000000715980000)
  object space 349696K, 38% used [0x00000005c0c00000,0x00000005c90d77a8,0x00000005d6180000)
 Metaspace       used 9421K, capacity 9687K, committed 9984K, reserved 1058816K
  class space    used 914K, capacity 984K, committed 1024K, reserved 1048576K
}
Event: 188.754 GC heap before
{Heap before GC invocations=137 (full 0):
 PSYoungGen      total 184320K, used 183986K [0x0000000715980000, 0x0000000724e00000, 0x00000007c0000000)
  eden space 174080K, 100% used [0x0000000715980000,0x0000000720380000,0x0000000720380000)
  from space 10240K, 96% used [0x0000000724400000,0x0000000724dac970,0x0000000724e00000)
  to   space 24576K, 0% used [0x0000000721e00000,0x0000000721e00000,0x0000000723600000)
 ParOldGen       total 349696K, used 136029K [0x00000005c0c00000, 0x00000005d6180000, 0x0000000715980000)
  object space 349696K, 38% used [0x00000005c0c00000,0x00000005c90d77a8,0x00000005d6180000)
 Metaspace       used 9421K, capacity 9687K, committed 9984K, reserved 1058816K
  class space    used 914K, capacity 984K, committed 1024K, reserved 1048576K
Event: 188.761 GC heap after
Heap after GC invocations=137 (full 0):
 PSYoungGen      total 180736K, used 10834K [0x0000000715980000, 0x0000000724480000, 0x00000007c0000000)
  eden space 169472K, 0% used [0x0000000715980000,0x0000000715980000,0x000000071ff00000)
  from space 11264K, 96% used [0x0000000721e00000,0x0000000722894980,0x0000000722900000)
  to   space 23552K, 0% used [0x0000000722d80000,0x0000000722d80000,0x0000000724480000)
 ParOldGen       total 349696K, used 136045K [0x00000005c0c00000, 0x00000005d6180000, 0x0000000715980000)
  object space 349696K, 38% used [0x00000005c0c00000,0x00000005c90db7a8,0x00000005d6180000)
 Metaspace       used 9421K, capacity 9687K, committed 9984K, reserved 1058816K
  class space    used 914K, capacity 984K, committed 1024K, reserved 1048576K
}

