# JRE version: Java(TM) SE Runtime Environment (8.0_25-b18) (build 1.8.0_25-b18)
# Java VM: Java HotSpot(TM) 64-Bit Server VM (25.25-b02 mixed mode windows-amd64 compressed oops)
Heap:
 PSYoungGen      total 40960K, used 704K [0x0000000715980000, 0x0000000718400000, 0x00000007c0000000)
  eden space 39424K, 1% used [0x0000000715980000,0x00000007159f03b0,0x0000000718000000)
  from space 1536K, 16% used [0x0000000718280000,0x00000007182c0000,0x0000000718400000)
  to   space 2048K, 0% used [0x0000000718000000,0x0000000718000000,0x0000000718200000)
 ParOldGen       total 349696K, used 40000K [0x00000005c0c00000, 0x00000005d6180000, 0x0000000715980000)
  object space 349696K, 11% used [0x00000005c0c00000,0x00000005c33102f8,0x00000005d6180000)
 Metaspace       used 9003K, capacity 9173K, committed 9472K, reserved 1058816K
  class space    used 884K, capacity 913K, committed 1024K, reserved 1048576K
GC Heap History (10 events):
Event: 99.373 GC heap before
{Heap before GC invocations=138 (full 0):
 PSYoungGen      total 39936K, used 39744K [0x0000000715980000, 0x0000000718500000, 0x00000007c0000000)
  eden space 39424K, 100% used [0x0000000715980000,0x0000000718000000,0x0000000718000000)
  from space 512K, 62% used [0x0000000718000000,0x0000000718050000,0x0000000718080000)
  to   space 2560K, 0% used [0x0000000718280000,0x0000000718280000,0x0000000718500000)
 ParOldGen       total 349696K, used 39952K [0x00000005c0c00000, 0x00000005d6180000, 0x0000000715980000)
  object space 349696K, 11% used [0x00000005c0c00000,0x00000005c33042f8,0x00000005d6180000)
 Metaspace       used 9003K, capacity 9173K, committed 9472K, reserved 1058816K
  class space    used 884K, capacity 913K, committed 1024K, reserved 1048576K
Event: 99.373 GC heap after
Heap after GC invocations=138 (full 0):
 PSYoungGen      total 41984K, used 288K [0x0000000715980000, 0x0000000718500000, 0x00000007c0000000)
  eden space 39424K, 0% used [0x0000000715980000,0x0000000715980000,0x0000000718000000)
  from space 2560K, 11% used [0x0000000718280000,0x00000007182c8000,0x0000000718500000)
  to   space 2560K, 0% used [0x0000000718000000,0x0000000718000000,0x0000000718280000)
 ParOldGen       total 349696K, used 39968K [0x00000005c0c00000, 0x00000005d6180000, 0x0000000715980000)
  object space 349696K, 11% used [0x00000005c0c00000,0x00000005c33082f8,0x00000005d6180000)
 Metaspace       used 9003K, capacity 9173K, committed 9472K, reserved 1058816K
  class space    used 884K, capacity 913K, committed 1024K, reserved 1048576K
}
Event: 99.855 GC heap before
{Heap before GC invocations=139 (full 0):
 PSYoungGen      total 41984K, used 38949K [0x0000000715980000, 0x0000000718500000, 0x00000007c0000000)
  eden space 39424K, 98% used [0x0000000715980000,0x0000000717f41640,0x0000000718000000)
  from space 2560K, 11% used [0x0000000718280000,0x00000007182c8000,0x0000000718500000)
  to   space 2560K, 0% used [0x0000000718000000,0x0000000718000000,0x0000000718280000)
 ParOldGen       total 349696K, used 39968K [0x00000005c0c00000, 0x00000005d6180000, 0x0000000715980000)
  object space 349696K, 11% used [0x00000005c0c00000,0x00000005c33082f8,0x00000005d6180000)
 Metaspace       used 9003K, capacity 9173K, committed 9472K, reserved 1058816K
  class space    used 884K, capacity 913K, committed 1024K, reserved 1048576K
Event: 99.855 GC heap after
Heap after GC invocations=139 (full 0):
 PSYoungGen      total 41984K, used 288K [0x0000000715980000, 0x0000000718500000, 0x00000007c0000000)
  eden space 39424K, 0% used [0x0000000715980000,0x0000000715980000,0x0000000718000000)
  from space 2560K, 11% used [0x0000000718000000,0x0000000718048000,0x0000000718280000)
  to   space 2560K, 0% used [0x0000000718280000,0x0000000718280000,0x0000000718500000)
 ParOldGen       total 349696K, used 39984K [0x00000005c0c00000, 0x00000005d6180000, 0x0000000715980000)
  object space 349696K, 11% used [0x00000005c0c00000,0x00000005c330c2f8,0x00000005d6180000)
 Metaspace       used 9003K, capacity 9173K, committed 9472K, reserved 1058816K
  class space    used 884K, capacity 913K, committed 1024K, reserved 1048576K
}
Event: 100.280 GC heap before
{Heap before GC invocations=140 (full 0):
 PSYoungGen      total 41984K, used 39712K [0x0000000715980000, 0x0000000718500000, 0x00000007c0000000)
  eden space 39424K, 100% used [0x0000000715980000,0x0000000718000000,0x0000000718000000)
  from space 2560K, 11% used [0x0000000718000000,0x0000000718048000,0x0000000718280000)
  to   space 2560K, 0% used [0x0000000718280000,0x0000000718280000,0x0000000718500000)
 ParOldGen       total 349696K, used 39984K [0x00000005c0c00000, 0x00000005d6180000, 0x0000000715980000)
  object space 349696K, 11% used [0x00000005c0c00000,0x00000005c330c2f8,0x00000005d6180000)
 Metaspace       used 9003K, capacity 9173K, committed 9472K, reserved 1058816K
  class space    used 884K, capacity 913K, committed 1024K, reserved 1048576K
Event: 100.281 GC heap after
Heap after GC invocations=140 (full 0):
 PSYoungGen      total 41984K, used 256K [0x0000000715980000, 0x0000000718500000, 0x00000007c0000000)
  eden space 39424K, 0% used [0x0000000715980000,0x0000000715980000,0x0000000718000000)
  from space 2560K, 10% used [0x0000000718280000,0x00000007182c0000,0x0000000718500000)
  to   space 2560K, 0% used [0x0000000718000000,0x0000000718000000,0x0000000718280000)
 ParOldGen       total 349696K, used 39984K [0x00000005c0c00000, 0x00000005d6180000, 0x0000000715980000)
  object space 349696K, 11% used [0x00000005c0c00000,0x00000005c330c2f8,0x00000005d6180000)
 Metaspace       used 9003K, capacity 9173K, committed 9472K, reserved 1058816K
  class space    used 884K, capacity 913K, committed 1024K, reserved 1048576K
}
Event: 100.765 GC heap before
{Heap before GC invocations=141 (full 0):
 PSYoungGen      total 41984K, used 38840K [0x0000000715980000, 0x0000000718500000, 0x00000007c0000000)
  eden space 39424K, 97% used [0x0000000715980000,0x0000000717f2e190,0x0000000718000000)
  from space 2560K, 10% used [0x0000000718280000,0x00000007182c0000,0x0000000718500000)
  to   space 2560K, 0% used [0x0000000718000000,0x0000000718000000,0x0000000718280000)
 ParOldGen       total 349696K, used 39984K [0x00000005c0c00000, 0x00000005d6180000, 0x0000000715980000)
  object space 349696K, 11% used [0x00000005c0c00000,0x00000005c330c2f8,0x00000005d6180000)
 Metaspace       used 9003K, capacity 9173K, committed 9472K, reserved 1058816K
  class space    used 884K, capacity 913K, committed 1024K, reserved 1048576K
Event: 100.766 GC heap after
Heap after GC invocations=141 (full 0):
 PSYoungGen      total 41984K, used 320K [0x0000000715980000, 0x0000000718500000, 0x00000007c0000000)
  eden space 39424K, 0% used [0x0000000715980000,0x0000000715980000,0x0000000718000000)
  from space 2560K, 12% used [0x0000000718000000,0x0000000718050000,0x0000000718280000)
  to   space 2560K, 0% used [0x0000000718280000,0x0000000718280000,0x0000000718500000)
 ParOldGen       total 349696K, used 40000K [0x00000005c0c00000, 0x00000005d6180000, 0x0000000715980000)
  object space 349696K, 11% used [0x00000005c0c00000,0x00000005c33102f8,0x00000005d6180000)
 Metaspace       used 9003K, capacity 9173K, committed 9472K, reserved 1058816K
  class space    used 884K, capacity 913K, committed 1024K, reserved 1048576K
}
Event: 101.186 GC heap before
{Heap before GC invocations=142 (full 0):
 PSYoungGen      total 41984K, used 39744K [0x0000000715980000, 0x0000000718500000, 0x00000007c0000000)
  eden space 39424K, 100% used [0x0000000715980000,0x0000000718000000,0x0000000718000000)
  from space 2560K, 12% used [0x0000000718000000,0x0000000718050000,0x0000000718280000)
  to   space 2560K, 0% used [0x0000000718280000,0x0000000718280000,0x0000000718500000)
 ParOldGen       total 349696K, used 40000K [0x00000005c0c00000, 0x00000005d6180000, 0x0000000715980000)
  object space 349696K, 11% used [0x00000005c0c00000,0x00000005c33102f8,0x00000005d6180000)
 Metaspace       used 9003K, capacity 9173K, committed 9472K, reserved 1058816K
  class space    used 884K, capacity 913K, committed 1024K, reserved 1048576K
Event: 101.187 GC heap after
Heap after GC invocations=142 (full 0):
 PSYoungGen      total 40960K, used 256K [0x0000000715980000, 0x0000000718400000, 0x00000007c0000000)
  eden space 39424K, 0% used [0x0000000715980000,0x0000000715980000,0x0000000718000000)
  from space 1536K, 16% used [0x0000000718280000,0x00000007182c0000,0x0000000718400000)
  to   space 2048K, 0% used [0x0000000718000000,0x0000000718000000,0x0000000718200000)
 ParOldGen       total 349696K, used 40000K [0x00000005c0c00000, 0x00000005d6180000, 0x0000000715980000)
  object space 349696K, 11% used [0x00000005c0c00000,0x00000005c33102f8,0x00000005d6180000)
 Metaspace       used 9003K, capacity 9173K, committed 9472K, reserved 1058816K
  class space    used 884K, capacity 913K, committed 1024K, reserved 1048576K
}

