# JRE version: Java(TM) SE Runtime Environment (8.0_25-b18) (build 1.8.0_25-b18)
# Java VM: Java HotSpot(TM) 64-Bit Server VM (25.25-b02 mixed mode windows-amd64 compressed oops)
Heap:
 PSYoungGen      total 2461696K, used 149780K [0x0000000715980000, 0x00000007bf680000, 0x00000007c0000000)
  eden space 2357760K, 1% used [0x0000000715980000,0x0000000718647fb0,0x00000007a5800000)
  from space 103936K, 99% used [0x00000007a5800000,0x00000007abd7d148,0x00000007abd80000)
  to   space 210944K, 0% used [0x00000007b2880000,0x00000007b2880000,0x00000007bf680000)
 ParOldGen       total 745984K, used 410319K [0x00000005c0c00000, 0x00000005ee480000, 0x0000000715980000)
  object space 745984K, 55% used [0x00000005c0c00000,0x00000005d9cb3e70,0x00000005ee480000)
 Metaspace       used 9851K, capacity 10143K, committed 10240K, reserved 1058816K
  class space    used 960K, capacity 1018K, committed 1024K, reserved 1048576K
GC Heap History (10 events):
Event: 493.390 GC heap before
{Heap before GC invocations=180 (full 3):
 PSYoungGen      total 2569216K, used 2502922K [0x0000000715980000, 0x00000007bff00000, 0x00000007c0000000)
  eden space 2348544K, 100% used [0x0000000715980000,0x00000007a4f00000,0x00000007a4f00000)
  from space 220672K, 69% used [0x00000007b2780000,0x00000007bbe42848,0x00000007bff00000)
  to   space 221184K, 0% used [0x00000007a4f00000,0x00000007a4f00000,0x00000007b2700000)
 ParOldGen       total 745984K, used 410319K [0x00000005c0c00000, 0x00000005ee480000, 0x0000000715980000)
  object space 745984K, 55% used [0x00000005c0c00000,0x00000005d9cb3e70,0x00000005ee480000)
 Metaspace       used 9851K, capacity 10143K, committed 10240K, reserved 1058816K
  class space    used 960K, capacity 1018K, committed 1024K, reserved 1048576K
Event: 493.474 GC heap after
Heap after GC invocations=180 (full 3):
 PSYoungGen      total 2569728K, used 156138K [0x0000000715980000, 0x00000007c0000000, 0x00000007c0000000)
  eden space 2348544K, 0% used [0x0000000715980000,0x0000000715980000,0x00000007a4f00000)
  from space 221184K, 70% used [0x00000007a4f00000,0x00000007ae77a848,0x00000007b2700000)
  to   space 221184K, 0% used [0x00000007b2800000,0x00000007b2800000,0x00000007c0000000)
 ParOldGen       total 745984K, used 410319K [0x00000005c0c00000, 0x00000005ee480000, 0x0000000715980000)
  object space 745984K, 55% used [0x00000005c0c00000,0x00000005d9cb3e70,0x00000005ee480000)
 Metaspace       used 9851K, capacity 10143K, committed 10240K, reserved 1058816K
  class space    used 960K, capacity 1018K, committed 1024K, reserved 1048576K
}
Event: 496.577 GC heap before
{Heap before GC invocations=181 (full 3):
 PSYoungGen      total 2569728K, used 2504682K [0x0000000715980000, 0x00000007c0000000, 0x00000007c0000000)
  eden space 2348544K, 100% used [0x0000000715980000,0x00000007a4f00000,0x00000007a4f00000)
  from space 221184K, 70% used [0x00000007a4f00000,0x00000007ae77a848,0x00000007b2700000)
  to   space 221184K, 0% used [0x00000007b2800000,0x00000007b2800000,0x00000007c0000000)
 ParOldGen       total 745984K, used 410319K [0x00000005c0c00000, 0x00000005ee480000, 0x0000000715980000)
  object space 745984K, 55% used [0x00000005c0c00000,0x00000005d9cb3e70,0x00000005ee480000)
 Metaspace       used 9851K, capacity 10143K, committed 10240K, reserved 1058816K
  class space    used 960K, capacity 1018K, committed 1024K, reserved 1048576K
Event: 496.655 GC heap after
Heap after GC invocations=181 (full 3):
 PSYoungGen      total 2561536K, used 145226K [0x0000000715980000, 0x00000007bf700000, 0x00000007c0000000)
  eden space 2349568K, 0% used [0x0000000715980000,0x0000000715980000,0x00000007a5000000)
  from space 211968K, 68% used [0x00000007b2800000,0x00000007bb5d2ba0,0x00000007bf700000)
  to   space 216576K, 0% used [0x00000007a5000000,0x00000007a5000000,0x00000007b2380000)
 ParOldGen       total 745984K, used 410319K [0x00000005c0c00000, 0x00000005ee480000, 0x0000000715980000)
  object space 745984K, 55% used [0x00000005c0c00000,0x00000005d9cb3e70,0x00000005ee480000)
 Metaspace       used 9851K, capacity 10143K, committed 10240K, reserved 1058816K
  class space    used 960K, capacity 1018K, committed 1024K, reserved 1048576K
}
Event: 499.849 GC heap before
{Heap before GC invocations=182 (full 3):
 PSYoungGen      total 2561536K, used 2494794K [0x0000000715980000, 0x00000007bf700000, 0x00000007c0000000)
  eden space 2349568K, 100% used [0x0000000715980000,0x00000007a5000000,0x00000007a5000000)
  from space 211968K, 68% used [0x00000007b2800000,0x00000007bb5d2ba0,0x00000007bf700000)
  to   space 216576K, 0% used [0x00000007a5000000,0x00000007a5000000,0x00000007b2380000)
 ParOldGen       total 745984K, used 410319K [0x00000005c0c00000, 0x00000005ee480000, 0x0000000715980000)
  object space 745984K, 55% used [0x00000005c0c00000,0x00000005d9cb3e70,0x00000005ee480000)
 Metaspace       used 9851K, capacity 10143K, committed 10240K, reserved 1058816K
  class space    used 960K, capacity 1018K, committed 1024K, reserved 1048576K
Event: 499.885 GC heap after
Heap after GC invocations=182 (full 3):
 PSYoungGen      total 2566144K, used 83191K [0x0000000715980000, 0x00000007c0000000, 0x00000007c0000000)
  eden space 2349568K, 0% used [0x0000000715980000,0x0000000715980000,0x00000007a5000000)
  from space 216576K, 38% used [0x00000007a5000000,0x00000007aa13dfc8,0x00000007b2380000)
  to   space 217600K, 0% used [0x00000007b2b80000,0x00000007b2b80000,0x00000007c0000000)
 ParOldGen       total 745984K, used 410319K [0x00000005c0c00000, 0x00000005ee480000, 0x0000000715980000)
  object space 745984K, 55% used [0x00000005c0c00000,0x00000005d9cb3e70,0x00000005ee480000)
 Metaspace       used 9851K, capacity 10143K, committed 10240K, reserved 1058816K
  class space    used 960K, capacity 1018K, committed 1024K, reserved 1048576K
}
Event: 502.996 GC heap before
{Heap before GC invocations=183 (full 3):
 PSYoungGen      total 2566144K, used 2432759K [0x0000000715980000, 0x00000007c0000000, 0x00000007c0000000)
  eden space 2349568K, 100% used [0x0000000715980000,0x00000007a5000000,0x00000007a5000000)
  from space 216576K, 38% used [0x00000007a5000000,0x00000007aa13dfc8,0x00000007b2380000)
  to   space 217600K, 0% used [0x00000007b2b80000,0x00000007b2b80000,0x00000007c0000000)
 ParOldGen       total 745984K, used 410319K [0x00000005c0c00000, 0x00000005ee480000, 0x0000000715980000)
  object space 745984K, 55% used [0x00000005c0c00000,0x00000005d9cb3e70,0x00000005ee480000)
 Metaspace       used 9851K, capacity 10143K, committed 10240K, reserved 1058816K
  class space    used 960K, capacity 1018K, committed 1024K, reserved 1048576K
Event: 503.033 GC heap after
Heap after GC invocations=183 (full 3):
 PSYoungGen      total 2573312K, used 88759K [0x0000000715980000, 0x00000007bfe00000, 0x00000007c0000000)
  eden space 2357760K, 0% used [0x0000000715980000,0x0000000715980000,0x00000007a5800000)
  from space 215552K, 41% used [0x00000007b2b80000,0x00000007b822dfc8,0x00000007bfe00000)
  to   space 216064K, 0% used [0x00000007a5800000,0x00000007a5800000,0x00000007b2b00000)
 ParOldGen       total 745984K, used 410319K [0x00000005c0c00000, 0x00000005ee480000, 0x0000000715980000)
  object space 745984K, 55% used [0x00000005c0c00000,0x00000005d9cb3e70,0x00000005ee480000)
 Metaspace       used 9851K, capacity 10143K, committed 10240K, reserved 1058816K
  class space    used 960K, capacity 1018K, committed 1024K, reserved 1048576K
}
Event: 506.142 GC heap before
{Heap before GC invocations=184 (full 3):
 PSYoungGen      total 2573312K, used 2446519K [0x0000000715980000, 0x00000007bfe00000, 0x00000007c0000000)
  eden space 2357760K, 100% used [0x0000000715980000,0x00000007a5800000,0x00000007a5800000)
  from space 215552K, 41% used [0x00000007b2b80000,0x00000007b822dfc8,0x00000007bfe00000)
  to   space 216064K, 0% used [0x00000007a5800000,0x00000007a5800000,0x00000007b2b00000)
 ParOldGen       total 745984K, used 410319K [0x00000005c0c00000, 0x00000005ee480000, 0x0000000715980000)
  object space 745984K, 55% used [0x00000005c0c00000,0x00000005d9cb3e70,0x00000005ee480000)
 Metaspace       used 9851K, capacity 10143K, committed 10240K, reserved 1058816K
  class space    used 960K, capacity 1018K, committed 1024K, reserved 1048576K
Event: 506.189 GC heap after
Heap after GC invocations=184 (full 3):
 PSYoungGen      total 2461696K, used 103924K [0x0000000715980000, 0x00000007bf680000, 0x00000007c0000000)
  eden space 2357760K, 0% used [0x0000000715980000,0x0000000715980000,0x00000007a5800000)
  from space 103936K, 99% used [0x00000007a5800000,0x00000007abd7d148,0x00000007abd80000)
  to   space 210944K, 0% used [0x00000007b2880000,0x00000007b2880000,0x00000007bf680000)
 ParOldGen       total 745984K, used 410319K [0x00000005c0c00000, 0x00000005ee480000, 0x0000000715980000)
  object space 745984K, 55% used [0x00000005c0c00000,0x00000005d9cb3e70,0x00000005ee480000)
 Metaspace       used 9851K, capacity 10143K, committed 10240K, reserved 1058816K
  class space    used 960K, capacity 1018K, committed 1024K, reserved 1048576K
}

