# JRE version: Java(TM) SE Runtime Environment (8.0_25-b18) (build 1.8.0_25-b18)
# Java VM: Java HotSpot(TM) 64-Bit Server VM (25.25-b02 mixed mode windows-amd64 compressed oops)
Heap:
 PSYoungGen      total 94720K, used 9683K [0x0000000715980000, 0x000000071d880000, 0x00000007c0000000)
  eden space 71680K, 12% used [0x0000000715980000,0x000000071626cdb0,0x0000000719f80000)
  from space 23040K, 2% used [0x0000000719f80000,0x000000071a008000,0x000000071b600000)
  to   space 22016K, 0% used [0x000000071c300000,0x000000071c300000,0x000000071d880000)
 ParOldGen       total 349696K, used 68105K [0x00000005c0c00000, 0x00000005d6180000, 0x0000000715980000)
  object space 349696K, 19% used [0x00000005c0c00000,0x00000005c4e82560,0x00000005d6180000)
 Metaspace       used 9684K, capacity 9905K, committed 9984K, reserved 1058816K
  class space    used 951K, capacity 1011K, committed 1024K, reserved 1048576K
GC Heap History (10 events):
Event: 51.152 GC heap before
{Heap before GC invocations=145 (full 0):
 PSYoungGen      total 93184K, used 91360K [0x0000000715980000, 0x000000071df80000, 0x00000007c0000000)
  eden space 73728K, 100% used [0x0000000715980000,0x000000071a180000,0x000000071a180000)
  from space 19456K, 90% used [0x000000071b780000,0x000000071c8b8050,0x000000071ca80000)
  to   space 22528K, 0% used [0x000000071a180000,0x000000071a180000,0x000000071b780000)
 ParOldGen       total 349696K, used 66929K [0x00000005c0c00000, 0x00000005d6180000, 0x0000000715980000)
  object space 349696K, 19% used [0x00000005c0c00000,0x00000005c4d5c560,0x00000005d6180000)
 Metaspace       used 9683K, capacity 9905K, committed 9984K, reserved 1058816K
  class space    used 951K, capacity 1011K, committed 1024K, reserved 1048576K
Event: 51.153 GC heap after
Heap after GC invocations=145 (full 0):
 PSYoungGen      total 96256K, used 1344K [0x0000000715980000, 0x000000071da00000, 0x00000007c0000000)
  eden space 73728K, 0% used [0x0000000715980000,0x0000000715980000,0x000000071a180000)
  from space 22528K, 5% used [0x000000071a180000,0x000000071a2d0010,0x000000071b780000)
  to   space 21504K, 0% used [0x000000071c500000,0x000000071c500000,0x000000071da00000)
 ParOldGen       total 349696K, used 66937K [0x00000005c0c00000, 0x00000005d6180000, 0x0000000715980000)
  object space 349696K, 19% used [0x00000005c0c00000,0x00000005c4d5e560,0x00000005d6180000)
 Metaspace       used 9683K, capacity 9905K, committed 9984K, reserved 1058816K
  class space    used 951K, capacity 1011K, committed 1024K, reserved 1048576K
}
Event: 51.317 GC heap before
{Heap before GC invocations=146 (full 0):
 PSYoungGen      total 96256K, used 75072K [0x0000000715980000, 0x000000071da00000, 0x00000007c0000000)
  eden space 73728K, 100% used [0x0000000715980000,0x000000071a180000,0x000000071a180000)
  from space 22528K, 5% used [0x000000071a180000,0x000000071a2d0010,0x000000071b780000)
  to   space 21504K, 0% used [0x000000071c500000,0x000000071c500000,0x000000071da00000)
 ParOldGen       total 349696K, used 66937K [0x00000005c0c00000, 0x00000005d6180000, 0x0000000715980000)
  object space 349696K, 19% used [0x00000005c0c00000,0x00000005c4d5e560,0x00000005d6180000)
 Metaspace       used 9683K, capacity 9905K, committed 9984K, reserved 1058816K
  class space    used 951K, capacity 1011K, committed 1024K, reserved 1048576K
Event: 51.318 GC heap after
Heap after GC invocations=146 (full 0):
 PSYoungGen      total 77312K, used 352K [0x0000000715980000, 0x000000071c980000, 0x00000007c0000000)
  eden space 72704K, 0% used [0x0000000715980000,0x0000000715980000,0x000000071a080000)
  from space 4608K, 7% used [0x000000071c500000,0x000000071c558000,0x000000071c980000)
  to   space 20992K, 0% used [0x000000071a080000,0x000000071a080000,0x000000071b500000)
 ParOldGen       total 349696K, used 66945K [0x00000005c0c00000, 0x00000005d6180000, 0x0000000715980000)
  object space 349696K, 19% used [0x00000005c0c00000,0x00000005c4d60560,0x00000005d6180000)
 Metaspace       used 9683K, capacity 9905K, committed 9984K, reserved 1058816K
  class space    used 951K, capacity 1011K, committed 1024K, reserved 1048576K
}
Event: 51.470 GC heap before
{Heap before GC invocations=147 (full 0):
 PSYoungGen      total 77312K, used 73056K [0x0000000715980000, 0x000000071c980000, 0x00000007c0000000)
  eden space 72704K, 100% used [0x0000000715980000,0x000000071a080000,0x000000071a080000)
  from space 4608K, 7% used [0x000000071c500000,0x000000071c558000,0x000000071c980000)
  to   space 20992K, 0% used [0x000000071a080000,0x000000071a080000,0x000000071b500000)
 ParOldGen       total 349696K, used 66945K [0x00000005c0c00000, 0x00000005d6180000, 0x0000000715980000)
  object space 349696K, 19% used [0x00000005c0c00000,0x00000005c4d60560,0x00000005d6180000)
 Metaspace       used 9683K, capacity 9905K, committed 9984K, reserved 1058816K
  class space    used 951K, capacity 1011K, committed 1024K, reserved 1048576K
Event: 51.472 GC heap after
Heap after GC invocations=147 (full 0):
 PSYoungGen      total 93696K, used 17024K [0x0000000715980000, 0x000000071de00000, 0x00000007c0000000)
  eden space 72704K, 0% used [0x0000000715980000,0x0000000715980000,0x000000071a080000)
  from space 20992K, 81% used [0x000000071a080000,0x000000071b120040,0x000000071b500000)
  to   space 24064K, 0% used [0x000000071c680000,0x000000071c680000,0x000000071de00000)
 ParOldGen       total 349696K, used 66953K [0x00000005c0c00000, 0x00000005d6180000, 0x0000000715980000)
  object space 349696K, 19% used [0x00000005c0c00000,0x00000005c4d62560,0x00000005d6180000)
 Metaspace       used 9683K, capacity 9905K, committed 9984K, reserved 1058816K
  class space    used 951K, capacity 1011K, committed 1024K, reserved 1048576K
}
Event: 51.652 GC heap before
{Heap before GC invocations=148 (full 0):
 PSYoungGen      total 93696K, used 89728K [0x0000000715980000, 0x000000071de00000, 0x00000007c0000000)
  eden space 72704K, 100% used [0x0000000715980000,0x000000071a080000,0x000000071a080000)
  from space 20992K, 81% used [0x000000071a080000,0x000000071b120040,0x000000071b500000)
  to   space 24064K, 0% used [0x000000071c680000,0x000000071c680000,0x000000071de00000)
 ParOldGen       total 349696K, used 66953K [0x00000005c0c00000, 0x00000005d6180000, 0x0000000715980000)
  object space 349696K, 19% used [0x00000005c0c00000,0x00000005c4d62560,0x00000005d6180000)
 Metaspace       used 9683K, capacity 9905K, committed 9984K, reserved 1058816K
  class space    used 951K, capacity 1011K, committed 1024K, reserved 1048576K
Event: 51.653 GC heap after
Heap after GC invocations=148 (full 0):
 PSYoungGen      total 77824K, used 1472K [0x0000000715980000, 0x000000071cc80000, 0x00000007c0000000)
  eden space 71680K, 0% used [0x0000000715980000,0x0000000715980000,0x0000000719f80000)
  from space 6144K, 23% used [0x000000071c680000,0x000000071c7f0000,0x000000071cc80000)
  to   space 23040K, 0% used [0x0000000719f80000,0x0000000719f80000,0x000000071b600000)
 ParOldGen       total 349696K, used 66961K [0x00000005c0c00000, 0x00000005d6180000, 0x0000000715980000)
  object space 349696K, 19% used [0x00000005c0c00000,0x00000005c4d64560,0x00000005d6180000)
 Metaspace       used 9683K, capacity 9905K, committed 9984K, reserved 1058816K
  class space    used 951K, capacity 1011K, committed 1024K, reserved 1048576K
}
Event: 51.797 GC heap before
{Heap before GC invocations=149 (full 0):
 PSYoungGen      total 77824K, used 73152K [0x0000000715980000, 0x000000071cc80000, 0x00000007c0000000)
  eden space 71680K, 100% used [0x0000000715980000,0x0000000719f80000,0x0000000719f80000)
  from space 6144K, 23% used [0x000000071c680000,0x000000071c7f0000,0x000000071cc80000)
  to   space 23040K, 0% used [0x0000000719f80000,0x0000000719f80000,0x000000071b600000)
 ParOldGen       total 349696K, used 66961K [0x00000005c0c00000, 0x00000005d6180000, 0x0000000715980000)
  object space 349696K, 19% used [0x00000005c0c00000,0x00000005c4d64560,0x00000005d6180000)
 Metaspace       used 9684K, capacity 9905K, committed 9984K, reserved 1058816K
  class space    used 951K, capacity 1011K, committed 1024K, reserved 1048576K
Event: 51.806 GC heap after
Heap after GC invocations=149 (full 0):
 PSYoungGen      total 94720K, used 544K [0x0000000715980000, 0x000000071d880000, 0x00000007c0000000)
  eden space 71680K, 0% used [0x0000000715980000,0x0000000715980000,0x0000000719f80000)
  from space 23040K, 2% used [0x0000000719f80000,0x000000071a008000,0x000000071b600000)
  to   space 22016K, 0% used [0x000000071c300000,0x000000071c300000,0x000000071d880000)
 ParOldGen       total 349696K, used 68105K [0x00000005c0c00000, 0x00000005d6180000, 0x0000000715980000)
  object space 349696K, 19% used [0x00000005c0c00000,0x00000005c4e82560,0x00000005d6180000)
 Metaspace       used 9684K, capacity 9905K, committed 9984K, reserved 1058816K
  class space    used 951K, capacity 1011K, committed 1024K, reserved 1048576K
}

