# JRE version: Java(TM) SE Runtime Environment (8.0_25-b18) (build 1.8.0_25-b18)
# Java VM: Java HotSpot(TM) 64-Bit Server VM (25.25-b02 mixed mode windows-amd64 compressed oops)
Heap:
 PSYoungGen      total 506880K, used 25128K [0x0000000715980000, 0x000000075db00000, 0x00000007c0000000)
  eden space 498688K, 3% used [0x0000000715980000,0x0000000716a79910,0x0000000734080000)
  from space 8192K, 94% used [0x000000075c480000,0x000000075cc10a48,0x000000075cc80000)
  to   space 14848K, 0% used [0x000000075cc80000,0x000000075cc80000,0x000000075db00000)
 ParOldGen       total 349696K, used 153252K [0x00000005c0c00000, 0x00000005d6180000, 0x0000000715980000)
  object space 349696K, 43% used [0x00000005c0c00000,0x00000005ca1a9100,0x00000005d6180000)
 Metaspace       used 9707K, capacity 9905K, committed 9984K, reserved 1058816K
  class space    used 955K, capacity 1011K, committed 1024K, reserved 1048576K
GC Heap History (10 events):
Event: 55.167 GC heap before
{Heap before GC invocations=83 (full 0):
 PSYoungGen      total 615936K, used 615913K [0x0000000715980000, 0x000000075fa00000, 0x00000007c0000000)
  eden space 611840K, 100% used [0x0000000715980000,0x000000073af00000,0x000000073af00000)
  from space 4096K, 99% used [0x000000075f600000,0x000000075f9fa518,0x000000075fa00000)
  to   space 15360K, 0% used [0x000000075dc00000,0x000000075dc00000,0x000000075eb00000)
 ParOldGen       total 349696K, used 146460K [0x00000005c0c00000, 0x00000005d6180000, 0x0000000715980000)
  object space 349696K, 41% used [0x00000005c0c00000,0x00000005c9b070f0,0x00000005d6180000)
 Metaspace       used 9706K, capacity 9905K, committed 9984K, reserved 1058816K
  class space    used 955K, capacity 1011K, committed 1024K, reserved 1048576K
Event: 55.172 GC heap after
Heap after GC invocations=83 (full 0):
 PSYoungGen      total 592384K, used 5289K [0x0000000715980000, 0x000000075f680000, 0x00000007c0000000)
  eden space 586752K, 0% used [0x0000000715980000,0x0000000715980000,0x0000000739680000)
  from space 5632K, 93% used [0x000000075dc00000,0x000000075e12a528,0x000000075e180000)
  to   space 14848K, 0% used [0x000000075e800000,0x000000075e800000,0x000000075f680000)
 ParOldGen       total 349696K, used 146620K [0x00000005c0c00000, 0x00000005d6180000, 0x0000000715980000)
  object space 349696K, 41% used [0x00000005c0c00000,0x00000005c9b2f0f0,0x00000005d6180000)
 Metaspace       used 9706K, capacity 9905K, committed 9984K, reserved 1058816K
  class space    used 955K, capacity 1011K, committed 1024K, reserved 1048576K
}
Event: 55.988 GC heap before
{Heap before GC invocations=84 (full 0):
 PSYoungGen      total 592384K, used 592041K [0x0000000715980000, 0x000000075f680000, 0x00000007c0000000)
  eden space 586752K, 100% used [0x0000000715980000,0x0000000739680000,0x0000000739680000)
  from space 5632K, 93% used [0x000000075dc00000,0x000000075e12a528,0x000000075e180000)
  to   space 14848K, 0% used [0x000000075e800000,0x000000075e800000,0x000000075f680000)
 ParOldGen       total 349696K, used 146620K [0x00000005c0c00000, 0x00000005d6180000, 0x0000000715980000)
  object space 349696K, 41% used [0x00000005c0c00000,0x00000005c9b2f0f0,0x00000005d6180000)
 Metaspace       used 9706K, capacity 9905K, committed 9984K, reserved 1058816K
  class space    used 955K, capacity 1011K, committed 1024K, reserved 1048576K
Event: 55.994 GC heap after
Heap after GC invocations=84 (full 0):
 PSYoungGen      total 569344K, used 5666K [0x0000000715980000, 0x000000075ee00000, 0x00000007c0000000)
  eden space 563200K, 0% used [0x0000000715980000,0x0000000715980000,0x0000000737f80000)
  from space 6144K, 92% used [0x000000075e800000,0x000000075ed88a38,0x000000075ee00000)
  to   space 14336K, 0% used [0x000000075d200000,0x000000075d200000,0x000000075e000000)
 ParOldGen       total 349696K, used 148044K [0x00000005c0c00000, 0x00000005d6180000, 0x0000000715980000)
  object space 349696K, 42% used [0x00000005c0c00000,0x00000005c9c930f0,0x00000005d6180000)
 Metaspace       used 9706K, capacity 9905K, committed 9984K, reserved 1058816K
  class space    used 955K, capacity 1011K, committed 1024K, reserved 1048576K
}
Event: 56.804 GC heap before
{Heap before GC invocations=85 (full 0):
 PSYoungGen      total 569344K, used 568866K [0x0000000715980000, 0x000000075ee00000, 0x00000007c0000000)
  eden space 563200K, 100% used [0x0000000715980000,0x0000000737f80000,0x0000000737f80000)
  from space 6144K, 92% used [0x000000075e800000,0x000000075ed88a38,0x000000075ee00000)
  to   space 14336K, 0% used [0x000000075d200000,0x000000075d200000,0x000000075e000000)
 ParOldGen       total 349696K, used 148044K [0x00000005c0c00000, 0x00000005d6180000, 0x0000000715980000)
  object space 349696K, 42% used [0x00000005c0c00000,0x00000005c9c930f0,0x00000005d6180000)
 Metaspace       used 9706K, capacity 9905K, committed 9984K, reserved 1058816K
  class space    used 955K, capacity 1011K, committed 1024K, reserved 1048576K
Event: 56.807 GC heap after
Heap after GC invocations=85 (full 0):
 PSYoungGen      total 544256K, used 3574K [0x0000000715980000, 0x000000075e880000, 0x00000007c0000000)
  eden space 540672K, 0% used [0x0000000715980000,0x0000000715980000,0x0000000736980000)
  from space 3584K, 99% used [0x000000075d200000,0x000000075d57dbb8,0x000000075d580000)
  to   space 14336K, 0% used [0x000000075da80000,0x000000075da80000,0x000000075e880000)
 ParOldGen       total 349696K, used 148052K [0x00000005c0c00000, 0x00000005d6180000, 0x0000000715980000)
  object space 349696K, 42% used [0x00000005c0c00000,0x00000005c9c950f0,0x00000005d6180000)
 Metaspace       used 9706K, capacity 9905K, committed 9984K, reserved 1058816K
  class space    used 955K, capacity 1011K, committed 1024K, reserved 1048576K
}
Event: 57.556 GC heap before
{Heap before GC invocations=86 (full 0):
 PSYoungGen      total 544256K, used 544246K [0x0000000715980000, 0x000000075e880000, 0x00000007c0000000)
  eden space 540672K, 100% used [0x0000000715980000,0x0000000736980000,0x0000000736980000)
  from space 3584K, 99% used [0x000000075d200000,0x000000075d57dbb8,0x000000075d580000)
  to   space 14336K, 0% used [0x000000075da80000,0x000000075da80000,0x000000075e880000)
 ParOldGen       total 349696K, used 148052K [0x00000005c0c00000, 0x00000005d6180000, 0x0000000715980000)
  object space 349696K, 42% used [0x00000005c0c00000,0x00000005c9c950f0,0x00000005d6180000)
 Metaspace       used 9706K, capacity 9905K, committed 9984K, reserved 1058816K
  class space    used 955K, capacity 1011K, committed 1024K, reserved 1048576K
Event: 57.561 GC heap after
Heap after GC invocations=86 (full 0):
 PSYoungGen      total 533504K, used 14304K [0x0000000715980000, 0x000000075e880000, 0x00000007c0000000)
  eden space 519168K, 0% used [0x0000000715980000,0x0000000715980000,0x0000000735480000)
  from space 14336K, 99% used [0x000000075da80000,0x000000075e878040,0x000000075e880000)
  to   space 18432K, 0% used [0x000000075c480000,0x000000075c480000,0x000000075d680000)
 ParOldGen       total 349696K, used 153108K [0x00000005c0c00000, 0x00000005d6180000, 0x0000000715980000)
  object space 349696K, 43% used [0x00000005c0c00000,0x00000005ca185100,0x00000005d6180000)
 Metaspace       used 9706K, capacity 9905K, committed 9984K, reserved 1058816K
  class space    used 955K, capacity 1011K, committed 1024K, reserved 1048576K
}
Event: 58.274 GC heap before
{Heap before GC invocations=87 (full 0):
 PSYoungGen      total 533504K, used 533472K [0x0000000715980000, 0x000000075e880000, 0x00000007c0000000)
  eden space 519168K, 100% used [0x0000000715980000,0x0000000735480000,0x0000000735480000)
  from space 14336K, 99% used [0x000000075da80000,0x000000075e878040,0x000000075e880000)
  to   space 18432K, 0% used [0x000000075c480000,0x000000075c480000,0x000000075d680000)
 ParOldGen       total 349696K, used 153108K [0x00000005c0c00000, 0x00000005d6180000, 0x0000000715980000)
  object space 349696K, 43% used [0x00000005c0c00000,0x00000005ca185100,0x00000005d6180000)
 Metaspace       used 9707K, capacity 9905K, committed 9984K, reserved 1058816K
  class space    used 955K, capacity 1011K, committed 1024K, reserved 1048576K
Event: 58.281 GC heap after
Heap after GC invocations=87 (full 0):
 PSYoungGen      total 506880K, used 7746K [0x0000000715980000, 0x000000075db00000, 0x00000007c0000000)
  eden space 498688K, 0% used [0x0000000715980000,0x0000000715980000,0x0000000734080000)
  from space 8192K, 94% used [0x000000075c480000,0x000000075cc10a48,0x000000075cc80000)
  to   space 14848K, 0% used [0x000000075cc80000,0x000000075cc80000,0x000000075db00000)
 ParOldGen       total 349696K, used 153252K [0x00000005c0c00000, 0x00000005d6180000, 0x0000000715980000)
  object space 349696K, 43% used [0x00000005c0c00000,0x00000005ca1a9100,0x00000005d6180000)
 Metaspace       used 9707K, capacity 9905K, committed 9984K, reserved 1058816K
  class space    used 955K, capacity 1011K, committed 1024K, reserved 1048576K
}

