# JRE version: Java(TM) SE Runtime Environment (8.0_25-b18) (build 1.8.0_25-b18)
# Java VM: Java HotSpot(TM) 64-Bit Server VM (25.25-b02 mixed mode windows-amd64 compressed oops)
Heap:
 PSYoungGen      total 42496K, used 655K [0x0000000715980000, 0x000000071b900000, 0x00000007c0000000)
  eden space 41984K, 1% used [0x0000000715980000,0x00000007159ebcc0,0x0000000718280000)
  from space 512K, 43% used [0x000000071b800000,0x000000071b838000,0x000000071b880000)
  to   space 512K, 0% used [0x000000071b880000,0x000000071b880000,0x000000071b900000)
 ParOldGen       total 349696K, used 126767K [0x00000005c0c00000, 0x00000005d6180000, 0x0000000715980000)
  object space 349696K, 36% used [0x00000005c0c00000,0x00000005c87cbd78,0x00000005d6180000)
 Metaspace       used 8480K, capacity 8599K, committed 8832K, reserved 1056768K
  class space    used 799K, capacity 822K, committed 896K, reserved 1048576K
GC Heap History (10 events):
Event: 147.551 GC heap before
{Heap before GC invocations=285 (full 0):
 PSYoungGen      total 42496K, used 41209K [0x0000000715980000, 0x000000071b900000, 0x00000007c0000000)
  eden space 41984K, 97% used [0x0000000715980000,0x000000071818e528,0x0000000718280000)
  from space 512K, 37% used [0x000000071b880000,0x000000071b8b0000,0x000000071b900000)
  to   space 512K, 0% used [0x000000071b800000,0x000000071b800000,0x000000071b880000)
 ParOldGen       total 349696K, used 123671K [0x00000005c0c00000, 0x00000005d6180000, 0x0000000715980000)
  object space 349696K, 35% used [0x00000005c0c00000,0x00000005c84c5d48,0x00000005d6180000)
 Metaspace       used 8480K, capacity 8599K, committed 8832K, reserved 1056768K
  class space    used 799K, capacity 822K, committed 896K, reserved 1048576K
Event: 147.552 GC heap after
Heap after GC invocations=285 (full 0):
 PSYoungGen      total 42496K, used 224K [0x0000000715980000, 0x000000071b900000, 0x00000007c0000000)
  eden space 41984K, 0% used [0x0000000715980000,0x0000000715980000,0x0000000718280000)
  from space 512K, 43% used [0x000000071b800000,0x000000071b838000,0x000000071b880000)
  to   space 512K, 0% used [0x000000071b880000,0x000000071b880000,0x000000071b900000)
 ParOldGen       total 349696K, used 126751K [0x00000005c0c00000, 0x00000005d6180000, 0x0000000715980000)
  object space 349696K, 36% used [0x00000005c0c00000,0x00000005c87c7d78,0x00000005d6180000)
 Metaspace       used 8480K, capacity 8599K, committed 8832K, reserved 1056768K
  class space    used 799K, capacity 822K, committed 896K, reserved 1048576K
}
Event: 147.986 GC heap before
{Heap before GC invocations=286 (full 0):
 PSYoungGen      total 42496K, used 42208K [0x0000000715980000, 0x000000071b900000, 0x00000007c0000000)
  eden space 41984K, 100% used [0x0000000715980000,0x0000000718280000,0x0000000718280000)
  from space 512K, 43% used [0x000000071b800000,0x000000071b838000,0x000000071b880000)
  to   space 512K, 0% used [0x000000071b880000,0x000000071b880000,0x000000071b900000)
 ParOldGen       total 349696K, used 126751K [0x00000005c0c00000, 0x00000005d6180000, 0x0000000715980000)
  object space 349696K, 36% used [0x00000005c0c00000,0x00000005c87c7d78,0x00000005d6180000)
 Metaspace       used 8480K, capacity 8599K, committed 8832K, reserved 1056768K
  class space    used 799K, capacity 822K, committed 896K, reserved 1048576K
Event: 147.987 GC heap after
Heap after GC invocations=286 (full 0):
 PSYoungGen      total 42496K, used 192K [0x0000000715980000, 0x000000071b900000, 0x00000007c0000000)
  eden space 41984K, 0% used [0x0000000715980000,0x0000000715980000,0x0000000718280000)
  from space 512K, 37% used [0x000000071b880000,0x000000071b8b0000,0x000000071b900000)
  to   space 512K, 0% used [0x000000071b800000,0x000000071b800000,0x000000071b880000)
 ParOldGen       total 349696K, used 126759K [0x00000005c0c00000, 0x00000005d6180000, 0x0000000715980000)
  object space 349696K, 36% used [0x00000005c0c00000,0x00000005c87c9d78,0x00000005d6180000)
 Metaspace       used 8480K, capacity 8599K, committed 8832K, reserved 1056768K
  class space    used 799K, capacity 822K, committed 896K, reserved 1048576K
}
Event: 148.426 GC heap before
{Heap before GC invocations=287 (full 0):
 PSYoungGen      total 42496K, used 42176K [0x0000000715980000, 0x000000071b900000, 0x00000007c0000000)
  eden space 41984K, 100% used [0x0000000715980000,0x0000000718280000,0x0000000718280000)
  from space 512K, 37% used [0x000000071b880000,0x000000071b8b0000,0x000000071b900000)
  to   space 512K, 0% used [0x000000071b800000,0x000000071b800000,0x000000071b880000)
 ParOldGen       total 349696K, used 126759K [0x00000005c0c00000, 0x00000005d6180000, 0x0000000715980000)
  object space 349696K, 36% used [0x00000005c0c00000,0x00000005c87c9d78,0x00000005d6180000)
 Metaspace       used 8480K, capacity 8599K, committed 8832K, reserved 1056768K
  class space    used 799K, capacity 822K, committed 896K, reserved 1048576K
Event: 148.427 GC heap after
Heap after GC invocations=287 (full 0):
 PSYoungGen      total 42496K, used 256K [0x0000000715980000, 0x000000071b900000, 0x00000007c0000000)
  eden space 41984K, 0% used [0x0000000715980000,0x0000000715980000,0x0000000718280000)
  from space 512K, 50% used [0x000000071b800000,0x000000071b840000,0x000000071b880000)
  to   space 512K, 0% used [0x000000071b880000,0x000000071b880000,0x000000071b900000)
 ParOldGen       total 349696K, used 126759K [0x00000005c0c00000, 0x00000005d6180000, 0x0000000715980000)
  object space 349696K, 36% used [0x00000005c0c00000,0x00000005c87c9d78,0x00000005d6180000)
 Metaspace       used 8480K, capacity 8599K, committed 8832K, reserved 1056768K
  class space    used 799K, capacity 822K, committed 896K, reserved 1048576K
}
Event: 148.870 GC heap before
{Heap before GC invocations=288 (full 0):
 PSYoungGen      total 42496K, used 42240K [0x0000000715980000, 0x000000071b900000, 0x00000007c0000000)
  eden space 41984K, 100% used [0x0000000715980000,0x0000000718280000,0x0000000718280000)
  from space 512K, 50% used [0x000000071b800000,0x000000071b840000,0x000000071b880000)
  to   space 512K, 0% used [0x000000071b880000,0x000000071b880000,0x000000071b900000)
 ParOldGen       total 349696K, used 126759K [0x00000005c0c00000, 0x00000005d6180000, 0x0000000715980000)
  object space 349696K, 36% used [0x00000005c0c00000,0x00000005c87c9d78,0x00000005d6180000)
 Metaspace       used 8480K, capacity 8599K, committed 8832K, reserved 1056768K
  class space    used 799K, capacity 822K, committed 896K, reserved 1048576K
Event: 148.871 GC heap after
Heap after GC invocations=288 (full 0):
 PSYoungGen      total 42496K, used 224K [0x0000000715980000, 0x000000071b900000, 0x00000007c0000000)
  eden space 41984K, 0% used [0x0000000715980000,0x0000000715980000,0x0000000718280000)
  from space 512K, 43% used [0x000000071b880000,0x000000071b8b8000,0x000000071b900000)
  to   space 512K, 0% used [0x000000071b800000,0x000000071b800000,0x000000071b880000)
 ParOldGen       total 349696K, used 126767K [0x00000005c0c00000, 0x00000005d6180000, 0x0000000715980000)
  object space 349696K, 36% used [0x00000005c0c00000,0x00000005c87cbd78,0x00000005d6180000)
 Metaspace       used 8480K, capacity 8599K, committed 8832K, reserved 1056768K
  class space    used 799K, capacity 822K, committed 896K, reserved 1048576K
}
Event: 149.286 GC heap before
{Heap before GC invocations=289 (full 0):
 PSYoungGen      total 42496K, used 42208K [0x0000000715980000, 0x000000071b900000, 0x00000007c0000000)
  eden space 41984K, 100% used [0x0000000715980000,0x0000000718280000,0x0000000718280000)
  from space 512K, 43% used [0x000000071b880000,0x000000071b8b8000,0x000000071b900000)
  to   space 512K, 0% used [0x000000071b800000,0x000000071b800000,0x000000071b880000)
 ParOldGen       total 349696K, used 126767K [0x00000005c0c00000, 0x00000005d6180000, 0x0000000715980000)
  object space 349696K, 36% used [0x00000005c0c00000,0x00000005c87cbd78,0x00000005d6180000)
 Metaspace       used 8480K, capacity 8599K, committed 8832K, reserved 1056768K
  class space    used 799K, capacity 822K, committed 896K, reserved 1048576K
Event: 149.287 GC heap after
Heap after GC invocations=289 (full 0):
 PSYoungGen      total 42496K, used 224K [0x0000000715980000, 0x000000071b900000, 0x00000007c0000000)
  eden space 41984K, 0% used [0x0000000715980000,0x0000000715980000,0x0000000718280000)
  from space 512K, 43% used [0x000000071b800000,0x000000071b838000,0x000000071b880000)
  to   space 512K, 0% used [0x000000071b880000,0x000000071b880000,0x000000071b900000)
 ParOldGen       total 349696K, used 126767K [0x00000005c0c00000, 0x00000005d6180000, 0x0000000715980000)
  object space 349696K, 36% used [0x00000005c0c00000,0x00000005c87cbd78,0x00000005d6180000)
 Metaspace       used 8480K, capacity 8599K, committed 8832K, reserved 1056768K
  class space    used 799K, capacity 822K, committed 896K, reserved 1048576K
}

