# JRE version: Java(TM) SE Runtime Environment (8.0_25-b18) (build 1.8.0_25-b18)
# Java VM: Java HotSpot(TM) 64-Bit Server VM (25.25-b02 mixed mode windows-amd64 compressed oops)
Heap:
 PSYoungGen      total 73728K, used 974K [0x0000000715980000, 0x0000000720280000, 0x00000007c0000000)
  eden space 65024K, 1% used [0x0000000715980000,0x0000000715a3b9f8,0x0000000719900000)
  from space 8704K, 2% used [0x000000071f180000,0x000000071f1b8000,0x000000071fa00000)
  to   space 8192K, 0% used [0x000000071fa80000,0x000000071fa80000,0x0000000720280000)
 ParOldGen       total 349696K, used 15392K [0x00000005c0c00000, 0x00000005d6180000, 0x0000000715980000)
  object space 349696K, 4% used [0x00000005c0c00000,0x00000005c1b08198,0x00000005d6180000)
 Metaspace       used 9209K, capacity 9491K, committed 9728K, reserved 1058816K
  class space    used 893K, capacity 952K, committed 1024K, reserved 1048576K
GC Heap History (10 events):
Event: 100.686 GC heap before
{Heap before GC invocations=65 (full 0):
 PSYoungGen      total 70656K, used 70432K [0x0000000715980000, 0x0000000721400000, 0x00000007c0000000)
  eden space 70144K, 100% used [0x0000000715980000,0x0000000719e00000,0x0000000719e00000)
  from space 512K, 56% used [0x0000000721380000,0x00000007213c8000,0x0000000721400000)
  to   space 10240K, 0% used [0x0000000720000000,0x0000000720000000,0x0000000720a00000)
 ParOldGen       total 349696K, used 15376K [0x00000005c0c00000, 0x00000005d6180000, 0x0000000715980000)
  object space 349696K, 4% used [0x00000005c0c00000,0x00000005c1b04198,0x00000005d6180000)
 Metaspace       used 9209K, capacity 9491K, committed 9728K, reserved 1058816K
  class space    used 893K, capacity 952K, committed 1024K, reserved 1048576K
Event: 100.686 GC heap after
Heap after GC invocations=65 (full 0):
 PSYoungGen      total 79360K, used 256K [0x0000000715980000, 0x0000000721400000, 0x00000007c0000000)
  eden space 69120K, 0% used [0x0000000715980000,0x0000000715980000,0x0000000719d00000)
  from space 10240K, 2% used [0x0000000720000000,0x0000000720040000,0x0000000720a00000)
  to   space 9728K, 0% used [0x0000000720a80000,0x0000000720a80000,0x0000000721400000)
 ParOldGen       total 349696K, used 15392K [0x00000005c0c00000, 0x00000005d6180000, 0x0000000715980000)
  object space 349696K, 4% used [0x00000005c0c00000,0x00000005c1b08198,0x00000005d6180000)
 Metaspace       used 9209K, capacity 9491K, committed 9728K, reserved 1058816K
  class space    used 893K, capacity 952K, committed 1024K, reserved 1048576K
}
Event: 101.497 GC heap before
{Heap before GC invocations=66 (full 0):
 PSYoungGen      total 79360K, used 68460K [0x0000000715980000, 0x0000000721400000, 0x00000007c0000000)
  eden space 69120K, 98% used [0x0000000715980000,0x0000000719c1b060,0x0000000719d00000)
  from space 10240K, 2% used [0x0000000720000000,0x0000000720040000,0x0000000720a00000)
  to   space 9728K, 0% used [0x0000000720a80000,0x0000000720a80000,0x0000000721400000)
 ParOldGen       total 349696K, used 15392K [0x00000005c0c00000, 0x00000005d6180000, 0x0000000715980000)
  object space 349696K, 4% used [0x00000005c0c00000,0x00000005c1b08198,0x00000005d6180000)
 Metaspace       used 9209K, capacity 9491K, committed 9728K, reserved 1058816K
  class space    used 893K, capacity 952K, committed 1024K, reserved 1048576K
Event: 101.499 GC heap after
Heap after GC invocations=66 (full 0):
 PSYoungGen      total 68608K, used 256K [0x0000000715980000, 0x0000000720b00000, 0x00000007c0000000)
  eden space 68096K, 0% used [0x0000000715980000,0x0000000715980000,0x0000000719c00000)
  from space 512K, 50% used [0x0000000720a80000,0x0000000720ac0000,0x0000000720b00000)
  to   space 9216K, 0% used [0x000000071f900000,0x000000071f900000,0x0000000720200000)
 ParOldGen       total 349696K, used 15392K [0x00000005c0c00000, 0x00000005d6180000, 0x0000000715980000)
  object space 349696K, 4% used [0x00000005c0c00000,0x00000005c1b08198,0x00000005d6180000)
 Metaspace       used 9209K, capacity 9491K, committed 9728K, reserved 1058816K
  class space    used 893K, capacity 952K, committed 1024K, reserved 1048576K
}
Event: 102.305 GC heap before
{Heap before GC invocations=67 (full 0):
 PSYoungGen      total 68608K, used 68347K [0x0000000715980000, 0x0000000720b00000, 0x00000007c0000000)
  eden space 68096K, 99% used [0x0000000715980000,0x0000000719bfedd8,0x0000000719c00000)
  from space 512K, 50% used [0x0000000720a80000,0x0000000720ac0000,0x0000000720b00000)
  to   space 9216K, 0% used [0x000000071f900000,0x000000071f900000,0x0000000720200000)
 ParOldGen       total 349696K, used 15392K [0x00000005c0c00000, 0x00000005d6180000, 0x0000000715980000)
  object space 349696K, 4% used [0x00000005c0c00000,0x00000005c1b08198,0x00000005d6180000)
 Metaspace       used 9209K, capacity 9491K, committed 9728K, reserved 1058816K
  class space    used 893K, capacity 952K, committed 1024K, reserved 1048576K
Event: 102.306 GC heap after
Heap after GC invocations=67 (full 0):
 PSYoungGen      total 76288K, used 256K [0x0000000715980000, 0x0000000720b00000, 0x00000007c0000000)
  eden space 67072K, 0% used [0x0000000715980000,0x0000000715980000,0x0000000719b00000)
  from space 9216K, 2% used [0x000000071f900000,0x000000071f940000,0x0000000720200000)
  to   space 9216K, 0% used [0x0000000720200000,0x0000000720200000,0x0000000720b00000)
 ParOldGen       total 349696K, used 15392K [0x00000005c0c00000, 0x00000005d6180000, 0x0000000715980000)
  object space 349696K, 4% used [0x00000005c0c00000,0x00000005c1b08198,0x00000005d6180000)
 Metaspace       used 9209K, capacity 9491K, committed 9728K, reserved 1058816K
  class space    used 893K, capacity 952K, committed 1024K, reserved 1048576K
}
Event: 103.083 GC heap before
{Heap before GC invocations=68 (full 0):
 PSYoungGen      total 76288K, used 67328K [0x0000000715980000, 0x0000000720b00000, 0x00000007c0000000)
  eden space 67072K, 100% used [0x0000000715980000,0x0000000719b00000,0x0000000719b00000)
  from space 9216K, 2% used [0x000000071f900000,0x000000071f940000,0x0000000720200000)
  to   space 9216K, 0% used [0x0000000720200000,0x0000000720200000,0x0000000720b00000)
 ParOldGen       total 349696K, used 15392K [0x00000005c0c00000, 0x00000005d6180000, 0x0000000715980000)
  object space 349696K, 4% used [0x00000005c0c00000,0x00000005c1b08198,0x00000005d6180000)
 Metaspace       used 9209K, capacity 9491K, committed 9728K, reserved 1058816K
  class space    used 893K, capacity 952K, committed 1024K, reserved 1048576K
Event: 103.084 GC heap after
Heap after GC invocations=68 (full 0):
 PSYoungGen      total 66560K, used 256K [0x0000000715980000, 0x0000000720280000, 0x00000007c0000000)
  eden space 66048K, 0% used [0x0000000715980000,0x0000000715980000,0x0000000719a00000)
  from space 512K, 50% used [0x0000000720200000,0x0000000720240000,0x0000000720280000)
  to   space 8704K, 0% used [0x000000071f180000,0x000000071f180000,0x000000071fa00000)
 ParOldGen       total 349696K, used 15392K [0x00000005c0c00000, 0x00000005d6180000, 0x0000000715980000)
  object space 349696K, 4% used [0x00000005c0c00000,0x00000005c1b08198,0x00000005d6180000)
 Metaspace       used 9209K, capacity 9491K, committed 9728K, reserved 1058816K
  class space    used 893K, capacity 952K, committed 1024K, reserved 1048576K
}
Event: 103.841 GC heap before
{Heap before GC invocations=69 (full 0):
 PSYoungGen      total 66560K, used 66304K [0x0000000715980000, 0x0000000720280000, 0x00000007c0000000)
  eden space 66048K, 100% used [0x0000000715980000,0x0000000719a00000,0x0000000719a00000)
  from space 512K, 50% used [0x0000000720200000,0x0000000720240000,0x0000000720280000)
  to   space 8704K, 0% used [0x000000071f180000,0x000000071f180000,0x000000071fa00000)
 ParOldGen       total 349696K, used 15392K [0x00000005c0c00000, 0x00000005d6180000, 0x0000000715980000)
  object space 349696K, 4% used [0x00000005c0c00000,0x00000005c1b08198,0x00000005d6180000)
 Metaspace       used 9209K, capacity 9491K, committed 9728K, reserved 1058816K
  class space    used 893K, capacity 952K, committed 1024K, reserved 1048576K
Event: 103.841 GC heap after
Heap after GC invocations=69 (full 0):
 PSYoungGen      total 73728K, used 224K [0x0000000715980000, 0x0000000720280000, 0x00000007c0000000)
  eden space 65024K, 0% used [0x0000000715980000,0x0000000715980000,0x0000000719900000)
  from space 8704K, 2% used [0x000000071f180000,0x000000071f1b8000,0x000000071fa00000)
  to   space 8192K, 0% used [0x000000071fa80000,0x000000071fa80000,0x0000000720280000)
 ParOldGen       total 349696K, used 15392K [0x00000005c0c00000, 0x00000005d6180000, 0x0000000715980000)
  object space 349696K, 4% used [0x00000005c0c00000,0x00000005c1b08198,0x00000005d6180000)
 Metaspace       used 9209K, capacity 9491K, committed 9728K, reserved 1058816K
  class space    used 893K, capacity 952K, committed 1024K, reserved 1048576K
}

