# JRE version: Java(TM) SE Runtime Environment (8.0_25-b18) (build 1.8.0_25-b18)
# Java VM: Java HotSpot(TM) 64-Bit Server VM (25.25-b02 mixed mode windows-amd64 compressed oops)
Heap:
 PSYoungGen      total 472576K, used 10486K [0x0000000715980000, 0x00000007aa180000, 0x00000007c0000000)
  eden space 469504K, 1% used [0x0000000715980000,0x00000007160fd998,0x0000000732400000)
  from space 3072K, 91% used [0x00000007a9e80000,0x00000007aa140010,0x00000007aa180000)
  to   space 14336K, 0% used [0x00000007a8580000,0x00000007a8580000,0x00000007a9380000)
 ParOldGen       total 349696K, used 19559K [0x00000005c0c00000, 0x00000005d6180000, 0x0000000715980000)
  object space 349696K, 5% used [0x00000005c0c00000,0x00000005c1f19f88,0x00000005d6180000)
 Metaspace       used 9734K, capacity 9969K, committed 9984K, reserved 1058816K
  class space    used 951K, capacity 1011K, committed 1024K, reserved 1048576K
GC Heap History (10 events):
Event: 65.268 GC heap before
{Heap before GC invocations=36 (full 0):
 PSYoungGen      total 578048K, used 574920K [0x0000000715980000, 0x00000007aca00000, 0x00000007c0000000)
  eden space 574464K, 99% used [0x0000000715980000,0x00000007387a8fe0,0x0000000738a80000)
  from space 3584K, 93% used [0x00000007aac00000,0x00000007aaf49288,0x00000007aaf80000)
  to   space 15872K, 0% used [0x00000007aba80000,0x00000007aba80000,0x00000007aca00000)
 ParOldGen       total 349696K, used 11311K [0x00000005c0c00000, 0x00000005d6180000, 0x0000000715980000)
  object space 349696K, 3% used [0x00000005c0c00000,0x00000005c170bf68,0x00000005d6180000)
 Metaspace       used 9731K, capacity 9969K, committed 9984K, reserved 1058816K
  class space    used 951K, capacity 1011K, committed 1024K, reserved 1048576K
Event: 65.272 GC heap after
Heap after GC invocations=36 (full 0):
 PSYoungGen      total 553472K, used 1728K [0x0000000715980000, 0x00000007abc80000, 0x00000007c0000000)
  eden space 551424K, 0% used [0x0000000715980000,0x0000000715980000,0x0000000737400000)
  from space 2048K, 84% used [0x00000007aba80000,0x00000007abc30000,0x00000007abc80000)
  to   space 15360K, 0% used [0x00000007a9e80000,0x00000007a9e80000,0x00000007aad80000)
 ParOldGen       total 349696K, used 11335K [0x00000005c0c00000, 0x00000005d6180000, 0x0000000715980000)
  object space 349696K, 3% used [0x00000005c0c00000,0x00000005c1711f68,0x00000005d6180000)
 Metaspace       used 9731K, capacity 9969K, committed 9984K, reserved 1058816K
  class space    used 951K, capacity 1011K, committed 1024K, reserved 1048576K
}
Event: 66.481 GC heap before
{Heap before GC invocations=37 (full 0):
 PSYoungGen      total 553472K, used 553152K [0x0000000715980000, 0x00000007abc80000, 0x00000007c0000000)
  eden space 551424K, 100% used [0x0000000715980000,0x0000000737400000,0x0000000737400000)
  from space 2048K, 84% used [0x00000007aba80000,0x00000007abc30000,0x00000007abc80000)
  to   space 15360K, 0% used [0x00000007a9e80000,0x00000007a9e80000,0x00000007aad80000)
 ParOldGen       total 349696K, used 11335K [0x00000005c0c00000, 0x00000005d6180000, 0x0000000715980000)
  object space 349696K, 3% used [0x00000005c0c00000,0x00000005c1711f68,0x00000005d6180000)
 Metaspace       used 9734K, capacity 9969K, committed 9984K, reserved 1058816K
  class space    used 951K, capacity 1011K, committed 1024K, reserved 1048576K
Event: 66.484 GC heap after
Heap after GC invocations=37 (full 0):
 PSYoungGen      total 531456K, used 2048K [0x0000000715980000, 0x00000007abb00000, 0x00000007c0000000)
  eden space 529408K, 0% used [0x0000000715980000,0x0000000715980000,0x0000000735e80000)
  from space 2048K, 100% used [0x00000007a9e80000,0x00000007aa080000,0x00000007aa080000)
  to   space 14336K, 0% used [0x00000007aad00000,0x00000007aad00000,0x00000007abb00000)
 ParOldGen       total 349696K, used 11335K [0x00000005c0c00000, 0x00000005d6180000, 0x0000000715980000)
  object space 349696K, 3% used [0x00000005c0c00000,0x00000005c1711f68,0x00000005d6180000)
 Metaspace       used 9734K, capacity 9969K, committed 9984K, reserved 1058816K
  class space    used 951K, capacity 1011K, committed 1024K, reserved 1048576K
}
Event: 67.623 GC heap before
{Heap before GC invocations=38 (full 0):
 PSYoungGen      total 531456K, used 531456K [0x0000000715980000, 0x00000007abb00000, 0x00000007c0000000)
  eden space 529408K, 100% used [0x0000000715980000,0x0000000735e80000,0x0000000735e80000)
  from space 2048K, 100% used [0x00000007a9e80000,0x00000007aa080000,0x00000007aa080000)
  to   space 14336K, 0% used [0x00000007aad00000,0x00000007aad00000,0x00000007abb00000)
 ParOldGen       total 349696K, used 11335K [0x00000005c0c00000, 0x00000005d6180000, 0x0000000715980000)
  object space 349696K, 3% used [0x00000005c0c00000,0x00000005c1711f68,0x00000005d6180000)
 Metaspace       used 9734K, capacity 9969K, committed 9984K, reserved 1058816K
  class space    used 951K, capacity 1011K, committed 1024K, reserved 1048576K
Event: 67.629 GC heap after
Heap after GC invocations=38 (full 0):
 PSYoungGen      total 519680K, used 11136K [0x0000000715980000, 0x00000007ab800000, 0x00000007c0000000)
  eden space 508416K, 0% used [0x0000000715980000,0x0000000715980000,0x0000000734a00000)
  from space 11264K, 98% used [0x00000007aad00000,0x00000007ab7e0030,0x00000007ab800000)
  to   space 15872K, 0% used [0x00000007a9900000,0x00000007a9900000,0x00000007aa880000)
 ParOldGen       total 349696K, used 19551K [0x00000005c0c00000, 0x00000005d6180000, 0x0000000715980000)
  object space 349696K, 5% used [0x00000005c0c00000,0x00000005c1f17f88,0x00000005d6180000)
 Metaspace       used 9734K, capacity 9969K, committed 9984K, reserved 1058816K
  class space    used 951K, capacity 1011K, committed 1024K, reserved 1048576K
}
Event: 68.714 GC heap before
{Heap before GC invocations=39 (full 0):
 PSYoungGen      total 519680K, used 519552K [0x0000000715980000, 0x00000007ab800000, 0x00000007c0000000)
  eden space 508416K, 100% used [0x0000000715980000,0x0000000734a00000,0x0000000734a00000)
  from space 11264K, 98% used [0x00000007aad00000,0x00000007ab7e0030,0x00000007ab800000)
  to   space 15872K, 0% used [0x00000007a9900000,0x00000007a9900000,0x00000007aa880000)
 ParOldGen       total 349696K, used 19551K [0x00000005c0c00000, 0x00000005d6180000, 0x0000000715980000)
  object space 349696K, 5% used [0x00000005c0c00000,0x00000005c1f17f88,0x00000005d6180000)
 Metaspace       used 9734K, capacity 9969K, committed 9984K, reserved 1058816K
  class space    used 951K, capacity 1011K, committed 1024K, reserved 1048576K
Event: 68.717 GC heap after
Heap after GC invocations=39 (full 0):
 PSYoungGen      total 492032K, used 3264K [0x0000000715980000, 0x00000007aad80000, 0x00000007c0000000)
  eden space 488448K, 0% used [0x0000000715980000,0x0000000715980000,0x0000000733680000)
  from space 3584K, 91% used [0x00000007a9900000,0x00000007a9c30010,0x00000007a9c80000)
  to   space 15360K, 0% used [0x00000007a9e80000,0x00000007a9e80000,0x00000007aad80000)
 ParOldGen       total 349696K, used 19559K [0x00000005c0c00000, 0x00000005d6180000, 0x0000000715980000)
  object space 349696K, 5% used [0x00000005c0c00000,0x00000005c1f19f88,0x00000005d6180000)
 Metaspace       used 9734K, capacity 9969K, committed 9984K, reserved 1058816K
  class space    used 951K, capacity 1011K, committed 1024K, reserved 1048576K
}
Event: 69.667 GC heap before
{Heap before GC invocations=40 (full 0):
 PSYoungGen      total 492032K, used 491712K [0x0000000715980000, 0x00000007aad80000, 0x00000007c0000000)
  eden space 488448K, 100% used [0x0000000715980000,0x0000000733680000,0x0000000733680000)
  from space 3584K, 91% used [0x00000007a9900000,0x00000007a9c30010,0x00000007a9c80000)
  to   space 15360K, 0% used [0x00000007a9e80000,0x00000007a9e80000,0x00000007aad80000)
 ParOldGen       total 349696K, used 19559K [0x00000005c0c00000, 0x00000005d6180000, 0x0000000715980000)
  object space 349696K, 5% used [0x00000005c0c00000,0x00000005c1f19f88,0x00000005d6180000)
 Metaspace       used 9734K, capacity 9969K, committed 9984K, reserved 1058816K
  class space    used 951K, capacity 1011K, committed 1024K, reserved 1048576K
Event: 69.670 GC heap after
Heap after GC invocations=40 (full 0):
 PSYoungGen      total 472576K, used 2816K [0x0000000715980000, 0x00000007aa180000, 0x00000007c0000000)
  eden space 469504K, 0% used [0x0000000715980000,0x0000000715980000,0x0000000732400000)
  from space 3072K, 91% used [0x00000007a9e80000,0x00000007aa140010,0x00000007aa180000)
  to   space 14336K, 0% used [0x00000007a8580000,0x00000007a8580000,0x00000007a9380000)
 ParOldGen       total 349696K, used 19559K [0x00000005c0c00000, 0x00000005d6180000, 0x0000000715980000)
  object space 349696K, 5% used [0x00000005c0c00000,0x00000005c1f19f88,0x00000005d6180000)
 Metaspace       used 9734K, capacity 9969K, committed 9984K, reserved 1058816K
  class space    used 951K, capacity 1011K, committed 1024K, reserved 1048576K
}

