# JRE version: Java(TM) SE Runtime Environment (8.0_25-b18) (build 1.8.0_25-b18)
# Java VM: Java HotSpot(TM) 64-Bit Server VM (25.25-b02 mixed mode windows-amd64 compressed oops)
Heap:
 PSYoungGen      total 56832K, used 376K [0x0000000715980000, 0x0000000719e80000, 0x00000007c0000000)
  eden space 56320K, 0% used [0x0000000715980000,0x00000007159ce030,0x0000000719080000)
  from space 512K, 12% used [0x0000000719100000,0x0000000719110000,0x0000000719180000)
  to   space 7168K, 0% used [0x0000000719780000,0x0000000719780000,0x0000000719e80000)
 ParOldGen       total 349696K, used 2361K [0x00000005c0c00000, 0x00000005d6180000, 0x0000000715980000)
  object space 349696K, 0% used [0x00000005c0c00000,0x00000005c0e4e510,0x00000005d6180000)
 Metaspace       used 8806K, capacity 8919K, committed 9088K, reserved 1056768K
  class space    used 835K, capacity 886K, committed 896K, reserved 1048576K
GC Heap History (10 events):
Event: 22.107 GC heap before
{Heap before GC invocations=55 (full 0):
 PSYoungGen      total 65024K, used 61356K [0x0000000715980000, 0x000000071a000000, 0x00000007c0000000)
  eden space 58880K, 98% used [0x0000000715980000,0x0000000719243118,0x0000000719300000)
  from space 6144K, 52% used [0x0000000719a00000,0x0000000719d28030,0x000000071a000000)
  to   space 6656K, 0% used [0x0000000719300000,0x0000000719300000,0x0000000719980000)
 ParOldGen       total 349696K, used 2321K [0x00000005c0c00000, 0x00000005d6180000, 0x0000000715980000)
  object space 349696K, 0% used [0x00000005c0c00000,0x00000005c0e44510,0x00000005d6180000)
 Metaspace       used 8806K, capacity 8919K, committed 9088K, reserved 1056768K
  class space    used 835K, capacity 886K, committed 896K, reserved 1048576K
Event: 22.107 GC heap after
Heap after GC invocations=55 (full 0):
 PSYoungGen      total 58880K, used 160K [0x0000000715980000, 0x0000000719f80000, 0x00000007c0000000)
  eden space 58368K, 0% used [0x0000000715980000,0x0000000715980000,0x0000000719280000)
  from space 512K, 31% used [0x0000000719300000,0x0000000719328000,0x0000000719380000)
  to   space 6656K, 0% used [0x0000000719900000,0x0000000719900000,0x0000000719f80000)
 ParOldGen       total 349696K, used 2329K [0x00000005c0c00000, 0x00000005d6180000, 0x0000000715980000)
  object space 349696K, 0% used [0x00000005c0c00000,0x00000005c0e46510,0x00000005d6180000)
 Metaspace       used 8806K, capacity 8919K, committed 9088K, reserved 1056768K
  class space    used 835K, capacity 886K, committed 896K, reserved 1048576K
}
Event: 22.421 GC heap before
{Heap before GC invocations=56 (full 0):
 PSYoungGen      total 58880K, used 58101K [0x0000000715980000, 0x0000000719f80000, 0x00000007c0000000)
  eden space 58368K, 99% used [0x0000000715980000,0x0000000719215500,0x0000000719280000)
  from space 512K, 31% used [0x0000000719300000,0x0000000719328000,0x0000000719380000)
  to   space 6656K, 0% used [0x0000000719900000,0x0000000719900000,0x0000000719f80000)
 ParOldGen       total 349696K, used 2329K [0x00000005c0c00000, 0x00000005d6180000, 0x0000000715980000)
  object space 349696K, 0% used [0x00000005c0c00000,0x00000005c0e46510,0x00000005d6180000)
 Metaspace       used 8806K, capacity 8919K, committed 9088K, reserved 1056768K
  class space    used 835K, capacity 886K, committed 896K, reserved 1048576K
Event: 22.421 GC heap after
Heap after GC invocations=56 (full 0):
 PSYoungGen      total 64000K, used 3200K [0x0000000715980000, 0x0000000719f00000, 0x00000007c0000000)
  eden space 57856K, 0% used [0x0000000715980000,0x0000000715980000,0x0000000719200000)
  from space 6144K, 52% used [0x0000000719900000,0x0000000719c20030,0x0000000719f00000)
  to   space 6656K, 0% used [0x0000000719200000,0x0000000719200000,0x0000000719880000)
 ParOldGen       total 349696K, used 2329K [0x00000005c0c00000, 0x00000005d6180000, 0x0000000715980000)
  object space 349696K, 0% used [0x00000005c0c00000,0x00000005c0e46510,0x00000005d6180000)
 Metaspace       used 8806K, capacity 8919K, committed 9088K, reserved 1056768K
  class space    used 835K, capacity 886K, committed 896K, reserved 1048576K
}
Event: 22.739 GC heap before
{Heap before GC invocations=57 (full 0):
 PSYoungGen      total 64000K, used 60147K [0x0000000715980000, 0x0000000719f00000, 0x00000007c0000000)
  eden space 57856K, 98% used [0x0000000715980000,0x000000071911cd58,0x0000000719200000)
  from space 6144K, 52% used [0x0000000719900000,0x0000000719c20030,0x0000000719f00000)
  to   space 6656K, 0% used [0x0000000719200000,0x0000000719200000,0x0000000719880000)
 ParOldGen       total 349696K, used 2329K [0x00000005c0c00000, 0x00000005d6180000, 0x0000000715980000)
  object space 349696K, 0% used [0x00000005c0c00000,0x00000005c0e46510,0x00000005d6180000)
 Metaspace       used 8806K, capacity 8919K, committed 9088K, reserved 1056768K
  class space    used 835K, capacity 886K, committed 896K, reserved 1048576K
Event: 22.740 GC heap after
Heap after GC invocations=57 (full 0):
 PSYoungGen      total 60928K, used 3200K [0x0000000715980000, 0x0000000719e80000, 0x00000007c0000000)
  eden space 57344K, 0% used [0x0000000715980000,0x0000000715980000,0x0000000719180000)
  from space 3584K, 89% used [0x0000000719200000,0x0000000719520030,0x0000000719580000)
  to   space 6656K, 0% used [0x0000000719800000,0x0000000719800000,0x0000000719e80000)
 ParOldGen       total 349696K, used 2345K [0x00000005c0c00000, 0x00000005d6180000, 0x0000000715980000)
  object space 349696K, 0% used [0x00000005c0c00000,0x00000005c0e4a510,0x00000005d6180000)
 Metaspace       used 8806K, capacity 8919K, committed 9088K, reserved 1056768K
  class space    used 835K, capacity 886K, committed 896K, reserved 1048576K
}
Event: 23.061 GC heap before
{Heap before GC invocations=58 (full 0):
 PSYoungGen      total 60928K, used 60544K [0x0000000715980000, 0x0000000719e80000, 0x00000007c0000000)
  eden space 57344K, 100% used [0x0000000715980000,0x0000000719180000,0x0000000719180000)
  from space 3584K, 89% used [0x0000000719200000,0x0000000719520030,0x0000000719580000)
  to   space 6656K, 0% used [0x0000000719800000,0x0000000719800000,0x0000000719e80000)
 ParOldGen       total 349696K, used 2345K [0x00000005c0c00000, 0x00000005d6180000, 0x0000000715980000)
  object space 349696K, 0% used [0x00000005c0c00000,0x00000005c0e4a510,0x00000005d6180000)
 Metaspace       used 8806K, capacity 8919K, committed 9088K, reserved 1056768K
  class space    used 835K, capacity 886K, committed 896K, reserved 1048576K
Event: 23.061 GC heap after
Heap after GC invocations=58 (full 0):
 PSYoungGen      total 63488K, used 4256K [0x0000000715980000, 0x0000000719f00000, 0x00000007c0000000)
  eden space 56832K, 0% used [0x0000000715980000,0x0000000715980000,0x0000000719100000)
  from space 6656K, 63% used [0x0000000719800000,0x0000000719c28040,0x0000000719e80000)
  to   space 7168K, 0% used [0x0000000719100000,0x0000000719100000,0x0000000719800000)
 ParOldGen       total 349696K, used 2353K [0x00000005c0c00000, 0x00000005d6180000, 0x0000000715980000)
  object space 349696K, 0% used [0x00000005c0c00000,0x00000005c0e4c510,0x00000005d6180000)
 Metaspace       used 8806K, capacity 8919K, committed 9088K, reserved 1056768K
  class space    used 835K, capacity 886K, committed 896K, reserved 1048576K
}
Event: 23.387 GC heap before
{Heap before GC invocations=59 (full 0):
 PSYoungGen      total 63488K, used 61088K [0x0000000715980000, 0x0000000719f00000, 0x00000007c0000000)
  eden space 56832K, 100% used [0x0000000715980000,0x0000000719100000,0x0000000719100000)
  from space 6656K, 63% used [0x0000000719800000,0x0000000719c28040,0x0000000719e80000)
  to   space 7168K, 0% used [0x0000000719100000,0x0000000719100000,0x0000000719800000)
 ParOldGen       total 349696K, used 2353K [0x00000005c0c00000, 0x00000005d6180000, 0x0000000715980000)
  object space 349696K, 0% used [0x00000005c0c00000,0x00000005c0e4c510,0x00000005d6180000)
 Metaspace       used 8806K, capacity 8919K, committed 9088K, reserved 1056768K
  class space    used 835K, capacity 886K, committed 896K, reserved 1048576K
Event: 23.389 GC heap after
Heap after GC invocations=59 (full 0):
 PSYoungGen      total 56832K, used 64K [0x0000000715980000, 0x0000000719e80000, 0x00000007c0000000)
  eden space 56320K, 0% used [0x0000000715980000,0x0000000715980000,0x0000000719080000)
  from space 512K, 12% used [0x0000000719100000,0x0000000719110000,0x0000000719180000)
  to   space 7168K, 0% used [0x0000000719780000,0x0000000719780000,0x0000000719e80000)
 ParOldGen       total 349696K, used 2361K [0x00000005c0c00000, 0x00000005d6180000, 0x0000000715980000)
  object space 349696K, 0% used [0x00000005c0c00000,0x00000005c0e4e510,0x00000005d6180000)
 Metaspace       used 8806K, capacity 8919K, committed 9088K, reserved 1056768K
  class space    used 835K, capacity 886K, committed 896K, reserved 1048576K
}

