# JRE version: Java(TM) SE Runtime Environment (8.0_25-b18) (build 1.8.0_25-b18)
# Java VM: Java HotSpot(TM) 64-Bit Server VM (25.25-b02 mixed mode windows-amd64 compressed oops)
Heap:
 PSYoungGen      total 40448K, used 805K [0x0000000715980000, 0x0000000718300000, 0x00000007c0000000)
  eden space 38400K, 1% used [0x0000000715980000,0x0000000715a01400,0x0000000717f00000)
  from space 2048K, 14% used [0x0000000717f00000,0x0000000717f48000,0x0000000718100000)
  to   space 2048K, 0% used [0x0000000718100000,0x0000000718100000,0x0000000718300000)
 ParOldGen       total 349696K, used 54520K [0x00000005c0c00000, 0x00000005d6180000, 0x0000000715980000)
  object space 349696K, 15% used [0x00000005c0c00000,0x00000005c413e368,0x00000005d6180000)
 Metaspace       used 8225K, capacity 8343K, committed 8576K, reserved 1056768K
  class space    used 795K, capacity 822K, committed 896K, reserved 1048576K
GC Heap History (10 events):
Event: 148.018 GC heap before
{Heap before GC invocations=193 (full 0):
 PSYoungGen      total 40448K, used 40320K [0x0000000715980000, 0x0000000718400000, 0x00000007c0000000)
  eden space 38912K, 100% used [0x0000000715980000,0x0000000717f80000,0x0000000717f80000)
  from space 1536K, 91% used [0x0000000718180000,0x00000007182e0010,0x0000000718300000)
  to   space 2048K, 0% used [0x0000000717f80000,0x0000000717f80000,0x0000000718180000)
 ParOldGen       total 349696K, used 53456K [0x00000005c0c00000, 0x00000005d6180000, 0x0000000715980000)
  object space 349696K, 15% used [0x00000005c0c00000,0x00000005c4034358,0x00000005d6180000)
 Metaspace       used 8225K, capacity 8343K, committed 8576K, reserved 1056768K
  class space    used 795K, capacity 822K, committed 896K, reserved 1048576K
Event: 148.019 GC heap after
Heap after GC invocations=193 (full 0):
 PSYoungGen      total 40960K, used 352K [0x0000000715980000, 0x0000000718380000, 0x00000007c0000000)
  eden space 38912K, 0% used [0x0000000715980000,0x0000000715980000,0x0000000717f80000)
  from space 2048K, 17% used [0x0000000717f80000,0x0000000717fd8000,0x0000000718180000)
  to   space 2048K, 0% used [0x0000000718180000,0x0000000718180000,0x0000000718380000)
 ParOldGen       total 349696K, used 53472K [0x00000005c0c00000, 0x00000005d6180000, 0x0000000715980000)
  object space 349696K, 15% used [0x00000005c0c00000,0x00000005c4038358,0x00000005d6180000)
 Metaspace       used 8225K, capacity 8343K, committed 8576K, reserved 1056768K
  class space    used 795K, capacity 822K, committed 896K, reserved 1048576K
}
Event: 148.573 GC heap before
{Heap before GC invocations=194 (full 0):
 PSYoungGen      total 40960K, used 39264K [0x0000000715980000, 0x0000000718380000, 0x00000007c0000000)
  eden space 38912K, 100% used [0x0000000715980000,0x0000000717f80000,0x0000000717f80000)
  from space 2048K, 17% used [0x0000000717f80000,0x0000000717fd8000,0x0000000718180000)
  to   space 2048K, 0% used [0x0000000718180000,0x0000000718180000,0x0000000718380000)
 ParOldGen       total 349696K, used 53472K [0x00000005c0c00000, 0x00000005d6180000, 0x0000000715980000)
  object space 349696K, 15% used [0x00000005c0c00000,0x00000005c4038358,0x00000005d6180000)
 Metaspace       used 8225K, capacity 8343K, committed 8576K, reserved 1056768K
  class space    used 795K, capacity 822K, committed 896K, reserved 1048576K
Event: 148.574 GC heap after
Heap after GC invocations=194 (full 0):
 PSYoungGen      total 39936K, used 384K [0x0000000715980000, 0x0000000718280000, 0x00000007c0000000)
  eden space 38912K, 0% used [0x0000000715980000,0x0000000715980000,0x0000000717f80000)
  from space 1024K, 37% used [0x0000000718180000,0x00000007181e0000,0x0000000718280000)
  to   space 1536K, 0% used [0x0000000717f80000,0x0000000717f80000,0x0000000718100000)
 ParOldGen       total 349696K, used 53472K [0x00000005c0c00000, 0x00000005d6180000, 0x0000000715980000)
  object space 349696K, 15% used [0x00000005c0c00000,0x00000005c4038358,0x00000005d6180000)
 Metaspace       used 8225K, capacity 8343K, committed 8576K, reserved 1056768K
  class space    used 795K, capacity 822K, committed 896K, reserved 1048576K
}
Event: 149.086 GC heap before
{Heap before GC invocations=195 (full 0):
 PSYoungGen      total 39936K, used 38369K [0x0000000715980000, 0x0000000718280000, 0x00000007c0000000)
  eden space 38912K, 97% used [0x0000000715980000,0x0000000717e98620,0x0000000717f80000)
  from space 1024K, 37% used [0x0000000718180000,0x00000007181e0000,0x0000000718280000)
  to   space 1536K, 0% used [0x0000000717f80000,0x0000000717f80000,0x0000000718100000)
 ParOldGen       total 349696K, used 53472K [0x00000005c0c00000, 0x00000005d6180000, 0x0000000715980000)
  object space 349696K, 15% used [0x00000005c0c00000,0x00000005c4038358,0x00000005d6180000)
 Metaspace       used 8225K, capacity 8343K, committed 8576K, reserved 1056768K
  class space    used 795K, capacity 822K, committed 896K, reserved 1048576K
Event: 149.087 GC heap after
Heap after GC invocations=195 (full 0):
 PSYoungGen      total 40448K, used 288K [0x0000000715980000, 0x0000000718280000, 0x00000007c0000000)
  eden space 38912K, 0% used [0x0000000715980000,0x0000000715980000,0x0000000717f80000)
  from space 1536K, 18% used [0x0000000717f80000,0x0000000717fc8000,0x0000000718100000)
  to   space 1536K, 0% used [0x0000000718100000,0x0000000718100000,0x0000000718280000)
 ParOldGen       total 349696K, used 53488K [0x00000005c0c00000, 0x00000005d6180000, 0x0000000715980000)
  object space 349696K, 15% used [0x00000005c0c00000,0x00000005c403c358,0x00000005d6180000)
 Metaspace       used 8225K, capacity 8343K, committed 8576K, reserved 1056768K
  class space    used 795K, capacity 822K, committed 896K, reserved 1048576K
}
Event: 149.592 GC heap before
{Heap before GC invocations=196 (full 0):
 PSYoungGen      total 40448K, used 38607K [0x0000000715980000, 0x0000000718280000, 0x00000007c0000000)
  eden space 38912K, 98% used [0x0000000715980000,0x0000000717eebf68,0x0000000717f80000)
  from space 1536K, 18% used [0x0000000717f80000,0x0000000717fc8000,0x0000000718100000)
  to   space 1536K, 0% used [0x0000000718100000,0x0000000718100000,0x0000000718280000)
 ParOldGen       total 349696K, used 53488K [0x00000005c0c00000, 0x00000005d6180000, 0x0000000715980000)
  object space 349696K, 15% used [0x00000005c0c00000,0x00000005c403c358,0x00000005d6180000)
 Metaspace       used 8225K, capacity 8343K, committed 8576K, reserved 1056768K
  class space    used 795K, capacity 822K, committed 896K, reserved 1048576K
Event: 149.593 GC heap after
Heap after GC invocations=196 (full 0):
 PSYoungGen      total 39936K, used 1376K [0x0000000715980000, 0x0000000718380000, 0x00000007c0000000)
  eden space 38400K, 0% used [0x0000000715980000,0x0000000715980000,0x0000000717f00000)
  from space 1536K, 89% used [0x0000000718100000,0x0000000718258010,0x0000000718280000)
  to   space 2048K, 0% used [0x0000000717f00000,0x0000000717f00000,0x0000000718100000)
 ParOldGen       total 349696K, used 54512K [0x00000005c0c00000, 0x00000005d6180000, 0x0000000715980000)
  object space 349696K, 15% used [0x00000005c0c00000,0x00000005c413c368,0x00000005d6180000)
 Metaspace       used 8225K, capacity 8343K, committed 8576K, reserved 1056768K
  class space    used 795K, capacity 822K, committed 896K, reserved 1048576K
}
Event: 150.104 GC heap before
{Heap before GC invocations=197 (full 0):
 PSYoungGen      total 39936K, used 39776K [0x0000000715980000, 0x0000000718380000, 0x00000007c0000000)
  eden space 38400K, 100% used [0x0000000715980000,0x0000000717f00000,0x0000000717f00000)
  from space 1536K, 89% used [0x0000000718100000,0x0000000718258010,0x0000000718280000)
  to   space 2048K, 0% used [0x0000000717f00000,0x0000000717f00000,0x0000000718100000)
 ParOldGen       total 349696K, used 54512K [0x00000005c0c00000, 0x00000005d6180000, 0x0000000715980000)
  object space 349696K, 15% used [0x00000005c0c00000,0x00000005c413c368,0x00000005d6180000)
 Metaspace       used 8225K, capacity 8343K, committed 8576K, reserved 1056768K
  class space    used 795K, capacity 822K, committed 896K, reserved 1048576K
Event: 150.107 GC heap after
Heap after GC invocations=197 (full 0):
 PSYoungGen      total 40448K, used 288K [0x0000000715980000, 0x0000000718300000, 0x00000007c0000000)
  eden space 38400K, 0% used [0x0000000715980000,0x0000000715980000,0x0000000717f00000)
  from space 2048K, 14% used [0x0000000717f00000,0x0000000717f48000,0x0000000718100000)
  to   space 2048K, 0% used [0x0000000718100000,0x0000000718100000,0x0000000718300000)
 ParOldGen       total 349696K, used 54520K [0x00000005c0c00000, 0x00000005d6180000, 0x0000000715980000)
  object space 349696K, 15% used [0x00000005c0c00000,0x00000005c413e368,0x00000005d6180000)
 Metaspace       used 8225K, capacity 8343K, committed 8576K, reserved 1056768K
  class space    used 795K, capacity 822K, committed 896K, reserved 1048576K
}

