# JRE version: Java(TM) SE Runtime Environment (8.0_25-b18) (build 1.8.0_25-b18)
# Java VM: Java HotSpot(TM) 64-Bit Server VM (25.25-b02 mixed mode windows-amd64 compressed oops)
Heap:
 PSYoungGen      total 289280K, used 22517K [0x0000000715980000, 0x0000000763580000, 0x00000007c0000000)
  eden space 281600K, 5% used [0x0000000715980000,0x0000000716820dc0,0x0000000726c80000)
  from space 7680K, 98% used [0x0000000761b00000,0x000000076225c970,0x0000000762280000)
  to   space 18432K, 0% used [0x0000000762380000,0x0000000762380000,0x0000000763580000)
 ParOldGen       total 349696K, used 34955K [0x00000005c0c00000, 0x00000005d6180000, 0x0000000715980000)
  object space 349696K, 9% used [0x00000005c0c00000,0x00000005c2e22e10,0x00000005d6180000)
 Metaspace       used 9706K, capacity 9969K, committed 9984K, reserved 1058816K
  class space    used 950K, capacity 1011K, committed 1024K, reserved 1048576K
GC Heap History (10 events):
Event: 61.738 GC heap before
{Heap before GC invocations=49 (full 0):
 PSYoungGen      total 344576K, used 344406K [0x0000000715980000, 0x0000000766400000, 0x00000007c0000000)
  eden space 335360K, 100% used [0x0000000715980000,0x000000072a100000,0x000000072a100000)
  from space 9216K, 98% used [0x0000000765b00000,0x00000007663d5bf8,0x0000000766400000)
  to   space 20992K, 0% used [0x0000000763b00000,0x0000000763b00000,0x0000000764f80000)
 ParOldGen       total 349696K, used 34907K [0x00000005c0c00000, 0x00000005d6180000, 0x0000000715980000)
  object space 349696K, 9% used [0x00000005c0c00000,0x00000005c2e16e10,0x00000005d6180000)
 Metaspace       used 9706K, capacity 9969K, committed 9984K, reserved 1058816K
  class space    used 950K, capacity 1011K, committed 1024K, reserved 1048576K
Event: 61.745 GC heap after
Heap after GC invocations=49 (full 0):
 PSYoungGen      total 336384K, used 12641K [0x0000000715980000, 0x0000000765b80000, 0x00000007c0000000)
  eden space 323584K, 0% used [0x0000000715980000,0x0000000715980000,0x0000000729580000)
  from space 12800K, 98% used [0x0000000763b00000,0x0000000764758700,0x0000000764780000)
  to   space 20480K, 0% used [0x0000000764780000,0x0000000764780000,0x0000000765b80000)
 ParOldGen       total 349696K, used 34915K [0x00000005c0c00000, 0x00000005d6180000, 0x0000000715980000)
  object space 349696K, 9% used [0x00000005c0c00000,0x00000005c2e18e10,0x00000005d6180000)
 Metaspace       used 9706K, capacity 9969K, committed 9984K, reserved 1058816K
  class space    used 950K, capacity 1011K, committed 1024K, reserved 1048576K
}
Event: 62.329 GC heap before
{Heap before GC invocations=50 (full 0):
 PSYoungGen      total 336384K, used 336225K [0x0000000715980000, 0x0000000765b80000, 0x00000007c0000000)
  eden space 323584K, 100% used [0x0000000715980000,0x0000000729580000,0x0000000729580000)
  from space 12800K, 98% used [0x0000000763b00000,0x0000000764758700,0x0000000764780000)
  to   space 20480K, 0% used [0x0000000764780000,0x0000000764780000,0x0000000765b80000)
 ParOldGen       total 349696K, used 34915K [0x00000005c0c00000, 0x00000005d6180000, 0x0000000715980000)
  object space 349696K, 9% used [0x00000005c0c00000,0x00000005c2e18e10,0x00000005d6180000)
 Metaspace       used 9706K, capacity 9969K, committed 9984K, reserved 1058816K
  class space    used 950K, capacity 1011K, committed 1024K, reserved 1048576K
Event: 62.335 GC heap after
Heap after GC invocations=50 (full 0):
 PSYoungGen      total 322560K, used 9769K [0x0000000715980000, 0x0000000765180000, 0x00000007c0000000)
  eden space 312320K, 0% used [0x0000000715980000,0x0000000715980000,0x0000000728a80000)
  from space 10240K, 95% used [0x0000000764780000,0x000000076510a558,0x0000000765180000)
  to   space 19968K, 0% used [0x0000000762a80000,0x0000000762a80000,0x0000000763e00000)
 ParOldGen       total 349696K, used 34931K [0x00000005c0c00000, 0x00000005d6180000, 0x0000000715980000)
  object space 349696K, 9% used [0x00000005c0c00000,0x00000005c2e1ce10,0x00000005d6180000)
 Metaspace       used 9706K, capacity 9969K, committed 9984K, reserved 1058816K
  class space    used 950K, capacity 1011K, committed 1024K, reserved 1048576K
}
Event: 62.842 GC heap before
{Heap before GC invocations=51 (full 0):
 PSYoungGen      total 322560K, used 322089K [0x0000000715980000, 0x0000000765180000, 0x00000007c0000000)
  eden space 312320K, 100% used [0x0000000715980000,0x0000000728a80000,0x0000000728a80000)
  from space 10240K, 95% used [0x0000000764780000,0x000000076510a558,0x0000000765180000)
  to   space 19968K, 0% used [0x0000000762a80000,0x0000000762a80000,0x0000000763e00000)
 ParOldGen       total 349696K, used 34931K [0x00000005c0c00000, 0x00000005d6180000, 0x0000000715980000)
  object space 349696K, 9% used [0x00000005c0c00000,0x00000005c2e1ce10,0x00000005d6180000)
 Metaspace       used 9706K, capacity 9969K, committed 9984K, reserved 1058816K
  class space    used 950K, capacity 1011K, committed 1024K, reserved 1048576K
Event: 62.847 GC heap after
Heap after GC invocations=51 (full 0):
 PSYoungGen      total 311296K, used 9705K [0x0000000715980000, 0x0000000764800000, 0x00000007c0000000)
  eden space 301568K, 0% used [0x0000000715980000,0x0000000715980000,0x0000000728000000)
  from space 9728K, 99% used [0x0000000762a80000,0x00000007633fa558,0x0000000763400000)
  to   space 19456K, 0% used [0x0000000763500000,0x0000000763500000,0x0000000764800000)
 ParOldGen       total 349696K, used 34931K [0x00000005c0c00000, 0x00000005d6180000, 0x0000000715980000)
  object space 349696K, 9% used [0x00000005c0c00000,0x00000005c2e1ce10,0x00000005d6180000)
 Metaspace       used 9706K, capacity 9969K, committed 9984K, reserved 1058816K
  class space    used 950K, capacity 1011K, committed 1024K, reserved 1048576K
}
Event: 63.373 GC heap before
{Heap before GC invocations=52 (full 0):
 PSYoungGen      total 311296K, used 311273K [0x0000000715980000, 0x0000000764800000, 0x00000007c0000000)
  eden space 301568K, 100% used [0x0000000715980000,0x0000000728000000,0x0000000728000000)
  from space 9728K, 99% used [0x0000000762a80000,0x00000007633fa558,0x0000000763400000)
  to   space 19456K, 0% used [0x0000000763500000,0x0000000763500000,0x0000000764800000)
 ParOldGen       total 349696K, used 34931K [0x00000005c0c00000, 0x00000005d6180000, 0x0000000715980000)
  object space 349696K, 9% used [0x00000005c0c00000,0x00000005c2e1ce10,0x00000005d6180000)
 Metaspace       used 9706K, capacity 9969K, committed 9984K, reserved 1058816K
  class space    used 950K, capacity 1011K, committed 1024K, reserved 1048576K
Event: 63.378 GC heap after
Heap after GC invocations=52 (full 0):
 PSYoungGen      total 301568K, used 9819K [0x0000000715980000, 0x0000000763f00000, 0x00000007c0000000)
  eden space 291328K, 0% used [0x0000000715980000,0x0000000715980000,0x0000000727600000)
  from space 10240K, 95% used [0x0000000763500000,0x0000000763e96e70,0x0000000763f00000)
  to   space 18432K, 0% used [0x0000000761b00000,0x0000000761b00000,0x0000000762d00000)
 ParOldGen       total 349696K, used 34939K [0x00000005c0c00000, 0x00000005d6180000, 0x0000000715980000)
  object space 349696K, 9% used [0x00000005c0c00000,0x00000005c2e1ee10,0x00000005d6180000)
 Metaspace       used 9706K, capacity 9969K, committed 9984K, reserved 1058816K
  class space    used 950K, capacity 1011K, committed 1024K, reserved 1048576K
}
Event: 63.891 GC heap before
{Heap before GC invocations=53 (full 0):
 PSYoungGen      total 301568K, used 301147K [0x0000000715980000, 0x0000000763f00000, 0x00000007c0000000)
  eden space 291328K, 100% used [0x0000000715980000,0x0000000727600000,0x0000000727600000)
  from space 10240K, 95% used [0x0000000763500000,0x0000000763e96e70,0x0000000763f00000)
  to   space 18432K, 0% used [0x0000000761b00000,0x0000000761b00000,0x0000000762d00000)
 ParOldGen       total 349696K, used 34939K [0x00000005c0c00000, 0x00000005d6180000, 0x0000000715980000)
  object space 349696K, 9% used [0x00000005c0c00000,0x00000005c2e1ee10,0x00000005d6180000)
 Metaspace       used 9706K, capacity 9969K, committed 9984K, reserved 1058816K
  class space    used 950K, capacity 1011K, committed 1024K, reserved 1048576K
Event: 63.897 GC heap after
Heap after GC invocations=53 (full 0):
 PSYoungGen      total 289280K, used 7538K [0x0000000715980000, 0x0000000763580000, 0x00000007c0000000)
  eden space 281600K, 0% used [0x0000000715980000,0x0000000715980000,0x0000000726c80000)
  from space 7680K, 98% used [0x0000000761b00000,0x000000076225c970,0x0000000762280000)
  to   space 18432K, 0% used [0x0000000762380000,0x0000000762380000,0x0000000763580000)
 ParOldGen       total 349696K, used 34955K [0x00000005c0c00000, 0x00000005d6180000, 0x0000000715980000)
  object space 349696K, 9% used [0x00000005c0c00000,0x00000005c2e22e10,0x00000005d6180000)
 Metaspace       used 9706K, capacity 9969K, committed 9984K, reserved 1058816K
  class space    used 950K, capacity 1011K, committed 1024K, reserved 1048576K
}

