# JRE version: Java(TM) SE Runtime Environment (8.0_25-b18) (build 1.8.0_25-b18)
# Java VM: Java HotSpot(TM) 64-Bit Server VM (25.25-b02 mixed mode windows-amd64 compressed oops)
Heap:
 PSYoungGen      total 42496K, used 678K [0x0000000715980000, 0x0000000719e00000, 0x00000007c0000000)
  eden space 41984K, 1% used [0x0000000715980000,0x00000007159f1860,0x0000000718280000)
  from space 512K, 43% used [0x0000000719d80000,0x0000000719db8000,0x0000000719e00000)
  to   space 512K, 0% used [0x0000000719d00000,0x0000000719d00000,0x0000000719d80000)
 ParOldGen       total 349696K, used 34256K [0x00000005c0c00000, 0x00000005d6180000, 0x0000000715980000)
  object space 349696K, 9% used [0x00000005c0c00000,0x00000005c2d74388,0x00000005d6180000)
 Metaspace       used 8495K, capacity 8599K, committed 8832K, reserved 1056768K
  class space    used 803K, capacity 822K, committed 896K, reserved 1048576K
GC Heap History (10 events):
Event: 77.747 GC heap before
{Heap before GC invocations=106 (full 0):
 PSYoungGen      total 43008K, used 42176K [0x0000000715980000, 0x0000000719f00000, 0x00000007c0000000)
  eden space 41984K, 100% used [0x0000000715980000,0x0000000718280000,0x0000000718280000)
  from space 1024K, 18% used [0x0000000719d00000,0x0000000719d30000,0x0000000719e00000)
  to   space 1024K, 0% used [0x0000000719e00000,0x0000000719e00000,0x0000000719f00000)
 ParOldGen       total 349696K, used 27048K [0x00000005c0c00000, 0x00000005d6180000, 0x0000000715980000)
  object space 349696K, 7% used [0x00000005c0c00000,0x00000005c266a318,0x00000005d6180000)
 Metaspace       used 8495K, capacity 8599K, committed 8832K, reserved 1056768K
  class space    used 803K, capacity 822K, committed 896K, reserved 1048576K
Event: 77.749 GC heap after
Heap after GC invocations=106 (full 0):
 PSYoungGen      total 42496K, used 256K [0x0000000715980000, 0x0000000719e80000, 0x00000007c0000000)
  eden space 41984K, 0% used [0x0000000715980000,0x0000000715980000,0x0000000718280000)
  from space 512K, 50% used [0x0000000719e00000,0x0000000719e40000,0x0000000719e80000)
  to   space 1024K, 0% used [0x0000000719c80000,0x0000000719c80000,0x0000000719d80000)
 ParOldGen       total 349696K, used 31160K [0x00000005c0c00000, 0x00000005d6180000, 0x0000000715980000)
  object space 349696K, 8% used [0x00000005c0c00000,0x00000005c2a6e358,0x00000005d6180000)
 Metaspace       used 8495K, capacity 8599K, committed 8832K, reserved 1056768K
  class space    used 803K, capacity 822K, committed 896K, reserved 1048576K
}
Event: 78.224 GC heap before
{Heap before GC invocations=107 (full 0):
 PSYoungGen      total 42496K, used 42240K [0x0000000715980000, 0x0000000719e80000, 0x00000007c0000000)
  eden space 41984K, 100% used [0x0000000715980000,0x0000000718280000,0x0000000718280000)
  from space 512K, 50% used [0x0000000719e00000,0x0000000719e40000,0x0000000719e80000)
  to   space 1024K, 0% used [0x0000000719c80000,0x0000000719c80000,0x0000000719d80000)
 ParOldGen       total 349696K, used 31160K [0x00000005c0c00000, 0x00000005d6180000, 0x0000000715980000)
  object space 349696K, 8% used [0x00000005c0c00000,0x00000005c2a6e358,0x00000005d6180000)
 Metaspace       used 8495K, capacity 8599K, committed 8832K, reserved 1056768K
  class space    used 803K, capacity 822K, committed 896K, reserved 1048576K
Event: 78.225 GC heap after
Heap after GC invocations=107 (full 0):
 PSYoungGen      total 43008K, used 256K [0x0000000715980000, 0x0000000719e80000, 0x00000007c0000000)
  eden space 41984K, 0% used [0x0000000715980000,0x0000000715980000,0x0000000718280000)
  from space 1024K, 25% used [0x0000000719c80000,0x0000000719cc0000,0x0000000719d80000)
  to   space 1024K, 0% used [0x0000000719d80000,0x0000000719d80000,0x0000000719e80000)
 ParOldGen       total 349696K, used 31168K [0x00000005c0c00000, 0x00000005d6180000, 0x0000000715980000)
  object space 349696K, 8% used [0x00000005c0c00000,0x00000005c2a70358,0x00000005d6180000)
 Metaspace       used 8495K, capacity 8599K, committed 8832K, reserved 1056768K
  class space    used 803K, capacity 822K, committed 896K, reserved 1048576K
}
Event: 78.668 GC heap before
{Heap before GC invocations=108 (full 0):
 PSYoungGen      total 43008K, used 41707K [0x0000000715980000, 0x0000000719e80000, 0x00000007c0000000)
  eden space 41984K, 98% used [0x0000000715980000,0x00000007181fade0,0x0000000718280000)
  from space 1024K, 25% used [0x0000000719c80000,0x0000000719cc0000,0x0000000719d80000)
  to   space 1024K, 0% used [0x0000000719d80000,0x0000000719d80000,0x0000000719e80000)
 ParOldGen       total 349696K, used 31168K [0x00000005c0c00000, 0x00000005d6180000, 0x0000000715980000)
  object space 349696K, 8% used [0x00000005c0c00000,0x00000005c2a70358,0x00000005d6180000)
 Metaspace       used 8495K, capacity 8599K, committed 8832K, reserved 1056768K
  class space    used 803K, capacity 822K, committed 896K, reserved 1048576K
Event: 78.669 GC heap after
Heap after GC invocations=108 (full 0):
 PSYoungGen      total 42496K, used 224K [0x0000000715980000, 0x0000000719e00000, 0x00000007c0000000)
  eden space 41984K, 0% used [0x0000000715980000,0x0000000715980000,0x0000000718280000)
  from space 512K, 43% used [0x0000000719d80000,0x0000000719db8000,0x0000000719e00000)
  to   space 1024K, 0% used [0x0000000719c00000,0x0000000719c00000,0x0000000719d00000)
 ParOldGen       total 349696K, used 34240K [0x00000005c0c00000, 0x00000005d6180000, 0x0000000715980000)
  object space 349696K, 9% used [0x00000005c0c00000,0x00000005c2d70388,0x00000005d6180000)
 Metaspace       used 8495K, capacity 8599K, committed 8832K, reserved 1056768K
  class space    used 803K, capacity 822K, committed 896K, reserved 1048576K
}
Event: 79.135 GC heap before
{Heap before GC invocations=109 (full 0):
 PSYoungGen      total 42496K, used 42208K [0x0000000715980000, 0x0000000719e00000, 0x00000007c0000000)
  eden space 41984K, 100% used [0x0000000715980000,0x0000000718280000,0x0000000718280000)
  from space 512K, 43% used [0x0000000719d80000,0x0000000719db8000,0x0000000719e00000)
  to   space 1024K, 0% used [0x0000000719c00000,0x0000000719c00000,0x0000000719d00000)
 ParOldGen       total 349696K, used 34240K [0x00000005c0c00000, 0x00000005d6180000, 0x0000000715980000)
  object space 349696K, 9% used [0x00000005c0c00000,0x00000005c2d70388,0x00000005d6180000)
 Metaspace       used 8495K, capacity 8599K, committed 8832K, reserved 1056768K
  class space    used 803K, capacity 822K, committed 896K, reserved 1048576K
Event: 79.136 GC heap after
Heap after GC invocations=109 (full 0):
 PSYoungGen      total 43008K, used 224K [0x0000000715980000, 0x0000000719e00000, 0x00000007c0000000)
  eden space 41984K, 0% used [0x0000000715980000,0x0000000715980000,0x0000000718280000)
  from space 1024K, 21% used [0x0000000719c00000,0x0000000719c38000,0x0000000719d00000)
  to   space 512K, 0% used [0x0000000719d80000,0x0000000719d80000,0x0000000719e00000)
 ParOldGen       total 349696K, used 34248K [0x00000005c0c00000, 0x00000005d6180000, 0x0000000715980000)
  object space 349696K, 9% used [0x00000005c0c00000,0x00000005c2d72388,0x00000005d6180000)
 Metaspace       used 8495K, capacity 8599K, committed 8832K, reserved 1056768K
  class space    used 803K, capacity 822K, committed 896K, reserved 1048576K
}
Event: 79.592 GC heap before
{Heap before GC invocations=110 (full 0):
 PSYoungGen      total 43008K, used 42208K [0x0000000715980000, 0x0000000719e00000, 0x00000007c0000000)
  eden space 41984K, 100% used [0x0000000715980000,0x0000000718280000,0x0000000718280000)
  from space 1024K, 21% used [0x0000000719c00000,0x0000000719c38000,0x0000000719d00000)
  to   space 512K, 0% used [0x0000000719d80000,0x0000000719d80000,0x0000000719e00000)
 ParOldGen       total 349696K, used 34248K [0x00000005c0c00000, 0x00000005d6180000, 0x0000000715980000)
  object space 349696K, 9% used [0x00000005c0c00000,0x00000005c2d72388,0x00000005d6180000)
 Metaspace       used 8495K, capacity 8599K, committed 8832K, reserved 1056768K
  class space    used 803K, capacity 822K, committed 896K, reserved 1048576K
Event: 79.592 GC heap after
Heap after GC invocations=110 (full 0):
 PSYoungGen      total 42496K, used 224K [0x0000000715980000, 0x0000000719e00000, 0x00000007c0000000)
  eden space 41984K, 0% used [0x0000000715980000,0x0000000715980000,0x0000000718280000)
  from space 512K, 43% used [0x0000000719d80000,0x0000000719db8000,0x0000000719e00000)
  to   space 512K, 0% used [0x0000000719d00000,0x0000000719d00000,0x0000000719d80000)
 ParOldGen       total 349696K, used 34256K [0x00000005c0c00000, 0x00000005d6180000, 0x0000000715980000)
  object space 349696K, 9% used [0x00000005c0c00000,0x00000005c2d74388,0x00000005d6180000)
 Metaspace       used 8495K, capacity 8599K, committed 8832K, reserved 1056768K
  class space    used 803K, capacity 822K, committed 896K, reserved 1048576K
}

